{"meta": {"format": 3, "version": "7.11.0", "timestamp": "2025-11-03T16:49:07.968587", "branch_coverage": false, "show_contexts": false}, "files": {"conftest.py": {"executed_lines": [1, 12, 13, 14, 15, 16, 17, 18, 19, 20, 21, 23, 26, 27, 34, 35, 66, 67, 72, 73, 78, 79, 84, 85, 94, 95, 100, 101, 106, 107, 114, 115, 122, 123, 128, 129, 140, 141, 146, 147, 157, 158, 168, 169, 185, 186, 195, 196, 215, 216, 230, 231, 258, 259, 274, 275, 286, 287, 315, 316, 331, 332, 347, 348, 363, 364, 398, 399, 402, 405, 408, 409, 412, 415, 422, 426, 429, 432, 435, 438, 441, 444, 447, 452, 456, 458, 459, 465, 466, 468, 469, 470, 474, 477, 478, 479, 480, 481, 482, 483, 486, 498, 524, 532, 544], "summary": {"covered_lines": 104, "num_statements": 234, "percent_covered": 44.44444444444444, "percent_covered_display": "44", "missing_lines": 130, "excluded_lines": 0}, "missing_lines": [38, 41, 42, 43, 44, 45, 46, 47, 48, 50, 63, 69, 75, 81, 87, 97, 103, 109, 110, 111, 117, 118, 119, 125, 131, 132, 133, 143, 149, 151, 152, 154, 160, 162, 163, 165, 172, 174, 189, 190, 192, 199, 201, 202, 204, 207, 208, 219, 220, 225, 226, 227, 235, 236, 241, 242, 243, 244, 247, 248, 253, 254, 255, 262, 264, 265, 267, 278, 280, 281, 283, 290, 291, 298, 300, 301, 302, 303, 305, 307, 308, 319, 321, 322, 324, 335, 337, 338, 340, 351, 353, 354, 356, 367, 369, 370, 372, 373, 376, 377, 380, 383, 385, 387, 390, 391, 464, 471, 489, 490, 491, 511, 512, 519, 520, 521, 527, 528, 529, 535, 537, 539, 540, 541, 547, 549, 550, 551, 552, 553], "excluded_lines": [], "functions": {"platform_info": {"executed_lines": [], "summary": {"covered_lines": 0, "num_statements": 11, "percent_covered": 0.0, "percent_covered_display": "0", "missing_lines": 11, "excluded_lines": 0}, "missing_lines": [38, 41, 42, 43, 44, 45, 46, 47, 48, 50, 63], "excluded_lines": []}, "is_linux": {"executed_lines": [], "summary": {"covered_lines": 0, "num_statements": 1, "percent_covered": 0.0, "percent_covered_display": "0", "missing_lines": 1, "excluded_lines": 0}, "missing_lines": [69], "excluded_lines": []}, "is_macos": {"executed_lines": [], "summary": {"covered_lines": 0, "num_statements": 1, "percent_covered": 0.0, "percent_covered_display": "0", "missing_lines": 1, "excluded_lines": 0}, "missing_lines": [75], "excluded_lines": []}, "is_windows": {"executed_lines": [], "summary": {"covered_lines": 0, "num_statements": 1, "percent_covered": 0.0, "percent_covered_display": "0", "missing_lines": 1, "excluded_lines": 0}, "missing_lines": [81], "excluded_lines": []}, "is_wsl": {"executed_lines": [], "summary": {"covered_lines": 0, "num_statements": 1, "percent_covered": 0.0, "percent_covered_display": "0", "missing_lines": 1, "excluded_lines": 0}, "missing_lines": [87], "excluded_lines": []}, "project_root": {"executed_lines": [], "summary": {"covered_lines": 0, "num_statements": 1, "percent_covered": 0.0, "percent_covered_display": "0", "missing_lines": 1, "excluded_lines": 0}, "missing_lines": [97], "excluded_lines": []}, "tests_dir": {"executed_lines": [], "summary": {"covered_lines": 0, "num_statements": 1, "percent_covered": 0.0, "percent_covered_display": "0", "missing_lines": 1, "excluded_lines": 0}, "missing_lines": [103], "excluded_lines": []}, "results_dir": {"executed_lines": [], "summary": {"covered_lines": 0, "num_statements": 3, "percent_covered": 0.0, "percent_covered_display": "0", "missing_lines": 3, "excluded_lines": 0}, "missing_lines": [109, 110, 111], "excluded_lines": []}, "logs_dir": {"executed_lines": [], "summary": {"covered_lines": 0, "num_statements": 3, "percent_covered": 0.0, "percent_covered_display": "0", "missing_lines": 3, "excluded_lines": 0}, "missing_lines": [117, 118, 119], "excluded_lines": []}, "fixtures_dir": {"executed_lines": [], "summary": {"covered_lines": 0, "num_statements": 1, "percent_covered": 0.0, "percent_covered_display": "0", "missing_lines": 1, "excluded_lines": 0}, "missing_lines": [125], "excluded_lines": []}, "temp_dir": {"executed_lines": [], "summary": {"covered_lines": 0, "num_statements": 3, "percent_covered": 0.0, "percent_covered_display": "0", "missing_lines": 3, "excluded_lines": 0}, "missing_lines": [131, 132, 133], "excluded_lines": []}, "security_dir": {"executed_lines": [], "summary": {"covered_lines": 0, "num_statements": 1, "percent_covered": 0.0, "percent_covered_display": "0", "missing_lines": 1, "excluded_lines": 0}, "missing_lines": [143], "excluded_lines": []}, "public_key_path": {"executed_lines": [], "summary": {"covered_lines": 0, "num_statements": 4, "percent_covered": 0.0, "percent_covered_display": "0", "missing_lines": 4, "excluded_lines": 0}, "missing_lines": [149, 151, 152, 154], "excluded_lines": []}, "private_key_path": {"executed_lines": [], "summary": {"covered_lines": 0, "num_statements": 4, "percent_covered": 0.0, "percent_covered_display": "0", "missing_lines": 4, "excluded_lines": 0}, "missing_lines": [160, 162, 163, 165], "excluded_lines": []}, "mock_license_data": {"executed_lines": [], "summary": {"covered_lines": 0, "num_statements": 2, "percent_covered": 0.0, "percent_covered_display": "0", "missing_lines": 2, "excluded_lines": 0}, "missing_lines": [172, 174], "excluded_lines": []}, "expired_license_data": {"executed_lines": [], "summary": {"covered_lines": 0, "num_statements": 3, "percent_covered": 0.0, "percent_covered_display": "0", "missing_lines": 3, "excluded_lines": 0}, "missing_lines": [189, 190, 192], "excluded_lines": []}, "temp_license_file": {"executed_lines": [], "summary": {"covered_lines": 0, "num_statements": 6, "percent_covered": 0.0, "percent_covered_display": "0", "missing_lines": 6, "excluded_lines": 0}, "missing_lines": [199, 201, 202, 204, 207, 208], "excluded_lines": []}, "docker_available": {"executed_lines": [], "summary": {"covered_lines": 0, "num_statements": 5, "percent_covered": 0.0, "percent_covered_display": "0", "missing_lines": 5, "excluded_lines": 0}, "missing_lines": [219, 220, 225, 226, 227], "excluded_lines": []}, "docker_compose_available": {"executed_lines": [], "summary": {"covered_lines": 0, "num_statements": 11, "percent_covered": 0.0, "percent_covered_display": "0", "missing_lines": 11, "excluded_lines": 0}, "missing_lines": [235, 236, 241, 242, 243, 244, 247, 248, 253, 254, 255], "excluded_lines": []}, "compose_file": {"executed_lines": [], "summary": {"covered_lines": 0, "num_statements": 4, "percent_covered": 0.0, "percent_covered_display": "0", "missing_lines": 4, "excluded_lines": 0}, "missing_lines": [262, 264, 265, 267], "excluded_lines": []}, "get_hwid_script": {"executed_lines": [], "summary": {"covered_lines": 0, "num_statements": 4, "percent_covered": 0.0, "percent_covered_display": "0", "missing_lines": 4, "excluded_lines": 0}, "missing_lines": [278, 280, 281, 283], "excluded_lines": []}, "current_hwid": {"executed_lines": [], "summary": {"covered_lines": 0, "num_statements": 10, "percent_covered": 0.0, "percent_covered_display": "0", "missing_lines": 10, "excluded_lines": 0}, "missing_lines": [290, 291, 298, 300, 301, 302, 303, 305, 307, 308], "excluded_lines": []}, "validator_script": {"executed_lines": [], "summary": {"covered_lines": 0, "num_statements": 4, "percent_covered": 0.0, "percent_covered_display": "0", "missing_lines": 4, "excluded_lines": 0}, "missing_lines": [319, 321, 322, 324], "excluded_lines": []}, "license_monitor_script": {"executed_lines": [], "summary": {"covered_lines": 0, "num_statements": 4, "percent_covered": 0.0, "percent_covered_display": "0", "missing_lines": 4, "excluded_lines": 0}, "missing_lines": [335, 337, 338, 340], "excluded_lines": []}, "installer_script": {"executed_lines": [], "summary": {"covered_lines": 0, "num_statements": 4, "percent_covered": 0.0, "percent_covered_display": "0", "missing_lines": 4, "excluded_lines": 0}, "missing_lines": [351, 353, 354, 356], "excluded_lines": []}, "test_logger": {"executed_lines": [], "summary": {"covered_lines": 0, "num_statements": 13, "percent_covered": 0.0, "percent_covered_display": "0", "missing_lines": 13, "excluded_lines": 0}, "missing_lines": [367, 369, 370, 372, 373, 376, 377, 380, 383, 385, 387, 390, 391], "excluded_lines": []}, "session_cleanup": {"executed_lines": [402, 405], "summary": {"covered_lines": 2, "num_statements": 2, "percent_covered": 100.0, "percent_covered_display": "100", "missing_lines": 0, "excluded_lines": 0}, "missing_lines": [], "excluded_lines": []}, "test_cleanup": {"executed_lines": [412, 415], "summary": {"covered_lines": 2, "num_statements": 2, "percent_covered": 100.0, "percent_covered_display": "100", "missing_lines": 0, "excluded_lines": 0}, "missing_lines": [], "excluded_lines": []}, "pytest_configure": {"executed_lines": [426, 429, 432, 435, 438, 441, 444, 447], "summary": {"covered_lines": 8, "num_statements": 8, "percent_covered": 100.0, "percent_covered_display": "100", "missing_lines": 0, "excluded_lines": 0}, "missing_lines": [], "excluded_lines": []}, "pytest_collection_modifyitems": {"executed_lines": [456, 458, 459, 465, 466, 468, 469, 470], "summary": {"covered_lines": 8, "num_statements": 10, "percent_covered": 80.0, "percent_covered_display": "80", "missing_lines": 2, "excluded_lines": 0}, "missing_lines": [464, 471], "excluded_lines": []}, "pytest_sessionstart": {"executed_lines": [477, 478, 479, 480, 481, 482, 483], "summary": {"covered_lines": 7, "num_statements": 7, "percent_covered": 100.0, "percent_covered_display": "100", "missing_lines": 0, "excluded_lines": 0}, "missing_lines": [], "excluded_lines": []}, "pytest_sessionfinish": {"executed_lines": [], "summary": {"covered_lines": 0, "num_statements": 3, "percent_covered": 0.0, "percent_covered_display": "0", "missing_lines": 3, "excluded_lines": 0}, "missing_lines": [489, 490, 491], "excluded_lines": []}, "run_command": {"executed_lines": [], "summary": {"covered_lines": 0, "num_statements": 5, "percent_covered": 0.0, "percent_covered_display": "0", "missing_lines": 5, "excluded_lines": 0}, "missing_lines": [511, 512, 519, 520, 521], "excluded_lines": []}, "assert_file_exists": {"executed_lines": [], "summary": {"covered_lines": 0, "num_statements": 3, "percent_covered": 0.0, "percent_covered_display": "0", "missing_lines": 3, "excluded_lines": 0}, "missing_lines": [527, 528, 529], "excluded_lines": []}, "assert_file_contains": {"executed_lines": [], "summary": {"covered_lines": 0, "num_statements": 5, "percent_covered": 0.0, "percent_covered_display": "0", "missing_lines": 5, "excluded_lines": 0}, "missing_lines": [535, 537, 539, 540, 541], "excluded_lines": []}, "assert_json_valid": {"executed_lines": [], "summary": {"covered_lines": 0, "num_statements": 6, "percent_covered": 0.0, "percent_covered_display": "0", "missing_lines": 6, "excluded_lines": 0}, "missing_lines": [547, 549, 550, 551, 552, 553], "excluded_lines": []}, "": {"executed_lines": [1, 12, 13, 14, 15, 16, 17, 18, 19, 20, 21, 23, 26, 27, 34, 35, 66, 67, 72, 73, 78, 79, 84, 85, 94, 95, 100, 101, 106, 107, 114, 115, 122, 123, 128, 129, 140, 141, 146, 147, 157, 158, 168, 169, 185, 186, 195, 196, 215, 216, 230, 231, 258, 259, 274, 275, 286, 287, 315, 316, 331, 332, 347, 348, 363, 364, 398, 399, 408, 409, 422, 452, 474, 486, 498, 524, 532, 544], "summary": {"covered_lines": 77, "num_statements": 77, "percent_covered": 100.0, "percent_covered_display": "100", "missing_lines": 0, "excluded_lines": 0}, "missing_lines": [], "excluded_lines": []}}, "classes": {"": {"executed_lines": [1, 12, 13, 14, 15, 16, 17, 18, 19, 20, 21, 23, 26, 27, 34, 35, 66, 67, 72, 73, 78, 79, 84, 85, 94, 95, 100, 101, 106, 107, 114, 115, 122, 123, 128, 129, 140, 141, 146, 147, 157, 158, 168, 169, 185, 186, 195, 196, 215, 216, 230, 231, 258, 259, 274, 275, 286, 287, 315, 316, 331, 332, 347, 348, 363, 364, 398, 399, 402, 405, 408, 409, 412, 415, 422, 426, 429, 432, 435, 438, 441, 444, 447, 452, 456, 458, 459, 465, 466, 468, 469, 470, 474, 477, 478, 479, 480, 481, 482, 483, 486, 498, 524, 532, 544], "summary": {"covered_lines": 104, "num_statements": 234, "percent_covered": 44.44444444444444, "percent_covered_display": "44", "missing_lines": 130, "excluded_lines": 0}, "missing_lines": [38, 41, 42, 43, 44, 45, 46, 47, 48, 50, 63, 69, 75, 81, 87, 97, 103, 109, 110, 111, 117, 118, 119, 125, 131, 132, 133, 143, 149, 151, 152, 154, 160, 162, 163, 165, 172, 174, 189, 190, 192, 199, 201, 202, 204, 207, 208, 219, 220, 225, 226, 227, 235, 236, 241, 242, 243, 244, 247, 248, 253, 254, 255, 262, 264, 265, 267, 278, 280, 281, 283, 290, 291, 298, 300, 301, 302, 303, 305, 307, 308, 319, 321, 322, 324, 335, 337, 338, 340, 351, 353, 354, 356, 367, 369, 370, 372, 373, 376, 377, 380, 383, 385, 387, 390, 391, 464, 471, 489, 490, 491, 511, 512, 519, 520, 521, 527, 528, 529, 535, 537, 539, 540, 541, 547, 549, 550, 551, 552, 553], "excluded_lines": []}}}, "test_crypto_rsa.py": {"executed_lines": [], "summary": {"covered_lines": 0, "num_statements": 207, "percent_covered": 0.0, "percent_covered_display": "0", "missing_lines": 207, "excluded_lines": 0}, "missing_lines": [18, 19, 20, 21, 22, 23, 24, 28, 31, 34, 37, 40, 47, 50, 52, 54, 57, 60, 63, 70, 72, 78, 81, 82, 85, 86, 92, 94, 97, 100, 103, 108, 111, 113, 118, 121, 122, 125, 126, 131, 133, 136, 139, 142, 145, 152, 153, 156, 159, 168, 169, 171, 174, 177, 180, 187, 188, 189, 192, 201, 212, 214, 217, 220, 223, 226, 231, 234, 235, 236, 238, 248, 249, 258, 259, 260, 261, 263, 265, 268, 271, 274, 279, 282, 283, 284, 287, 290, 291, 292, 301, 302, 304, 306, 309, 312, 315, 320, 323, 324, 325, 327, 337, 338, 341, 342, 343, 352, 353, 355, 357, 360, 363, 366, 369, 370, 373, 374, 375, 376, 381, 382, 384, 386, 389, 392, 395, 396, 399, 400, 401, 402, 406, 407, 409, 411, 414, 417, 420, 423, 430, 431, 434, 443, 444, 446, 449, 452, 455, 462, 463, 464, 466, 469, 478, 479, 481, 484, 487, 490, 495, 498, 499, 500, 502, 505, 515, 516, 525, 526, 527, 529, 531, 534, 537, 540, 543, 544, 549, 552, 553, 555, 558, 562, 565, 568, 569, 575, 578, 579, 581, 588, 591, 592, 593, 594, 595, 596, 597, 598, 599, 600, 601, 602, 603, 604, 606], "excluded_lines": [], "functions": {"TestRSAKeyGeneration.test_generate_rsa_4096_keys": {"executed_lines": [], "summary": {"covered_lines": 0, "num_statements": 6, "percent_covered": 0.0, "percent_covered_display": "0", "missing_lines": 6, "excluded_lines": 0}, "missing_lines": [37, 40, 47, 50, 52, 54], "excluded_lines": []}, "TestRSAKeyGeneration.test_save_and_load_private_key": {"executed_lines": [], "summary": {"covered_lines": 0, "num_statements": 11, "percent_covered": 0.0, "percent_covered_display": "0", "missing_lines": 11, "excluded_lines": 0}, "missing_lines": [60, 63, 70, 72, 78, 81, 82, 85, 86, 92, 94], "excluded_lines": []}, "TestRSAKeyGeneration.test_save_and_load_public_key": {"executed_lines": [], "summary": {"covered_lines": 0, "num_statements": 12, "percent_covered": 0.0, "percent_covered_display": "0", "missing_lines": 12, "excluded_lines": 0}, "missing_lines": [100, 103, 108, 111, 113, 118, 121, 122, 125, 126, 131, 133], "excluded_lines": []}, "TestLicenseSigning.test_sign_license_data": {"executed_lines": [], "summary": {"covered_lines": 0, "num_statements": 9, "percent_covered": 0.0, "percent_covered_display": "0", "missing_lines": 9, "excluded_lines": 0}, "missing_lines": [142, 145, 152, 153, 156, 159, 168, 169, 171], "excluded_lines": []}, "TestLicenseSigning.test_signature_consistency": {"executed_lines": [], "summary": {"covered_lines": 0, "num_statements": 9, "percent_covered": 0.0, "percent_covered_display": "0", "missing_lines": 9, "excluded_lines": 0}, "missing_lines": [177, 180, 187, 188, 189, 192, 201, 212, 214], "excluded_lines": []}, "TestSignatureValidation.test_validate_correct_signature": {"executed_lines": [], "summary": {"covered_lines": 0, "num_statements": 15, "percent_covered": 0.0, "percent_covered_display": "0", "missing_lines": 15, "excluded_lines": 0}, "missing_lines": [223, 226, 231, 234, 235, 236, 238, 248, 249, 258, 259, 260, 261, 263, 265], "excluded_lines": []}, "TestSignatureValidation.test_reject_invalid_signature": {"executed_lines": [], "summary": {"covered_lines": 0, "num_statements": 14, "percent_covered": 0.0, "percent_covered_display": "0", "missing_lines": 14, "excluded_lines": 0}, "missing_lines": [271, 274, 279, 282, 283, 284, 287, 290, 291, 292, 301, 302, 304, 306], "excluded_lines": []}, "TestSignatureValidation.test_reject_tampered_data": {"executed_lines": [], "summary": {"covered_lines": 0, "num_statements": 16, "percent_covered": 0.0, "percent_covered_display": "0", "missing_lines": 16, "excluded_lines": 0}, "missing_lines": [312, 315, 320, 323, 324, 325, 327, 337, 338, 341, 342, 343, 352, 353, 355, 357], "excluded_lines": []}, "TestKeyCorruption.test_corrupted_private_key": {"executed_lines": [], "summary": {"covered_lines": 0, "num_statements": 11, "percent_covered": 0.0, "percent_covered_display": "0", "missing_lines": 11, "excluded_lines": 0}, "missing_lines": [366, 369, 370, 373, 374, 375, 376, 381, 382, 384, 386], "excluded_lines": []}, "TestKeyCorruption.test_corrupted_public_key": {"executed_lines": [], "summary": {"covered_lines": 0, "num_statements": 11, "percent_covered": 0.0, "percent_covered_display": "0", "missing_lines": 11, "excluded_lines": 0}, "missing_lines": [392, 395, 396, 399, 400, 401, 402, 406, 407, 409, 411], "excluded_lines": []}, "TestEdgeCases.test_empty_license_data": {"executed_lines": [], "summary": {"covered_lines": 0, "num_statements": 8, "percent_covered": 0.0, "percent_covered_display": "0", "missing_lines": 8, "excluded_lines": 0}, "missing_lines": [420, 423, 430, 431, 434, 443, 444, 446], "excluded_lines": []}, "TestEdgeCases.test_large_license_data": {"executed_lines": [], "summary": {"covered_lines": 0, "num_statements": 10, "percent_covered": 0.0, "percent_covered_display": "0", "missing_lines": 10, "excluded_lines": 0}, "missing_lines": [452, 455, 462, 463, 464, 466, 469, 478, 479, 481], "excluded_lines": []}, "TestEdgeCases.test_unicode_in_license_data": {"executed_lines": [], "summary": {"covered_lines": 0, "num_statements": 15, "percent_covered": 0.0, "percent_covered_display": "0", "missing_lines": 15, "excluded_lines": 0}, "missing_lines": [487, 490, 495, 498, 499, 500, 502, 505, 515, 516, 525, 526, 527, 529, 531], "excluded_lines": []}, "TestIntegrationWithRealKeys.test_load_project_public_key": {"executed_lines": [], "summary": {"covered_lines": 0, "num_statements": 7, "percent_covered": 0.0, "percent_covered_display": "0", "missing_lines": 7, "excluded_lines": 0}, "missing_lines": [540, 543, 544, 549, 552, 553, 555], "excluded_lines": []}, "TestIntegrationWithRealKeys.test_load_project_private_key": {"executed_lines": [], "summary": {"covered_lines": 0, "num_statements": 7, "percent_covered": 0.0, "percent_covered_display": "0", "missing_lines": 7, "excluded_lines": 0}, "missing_lines": [565, 568, 569, 575, 578, 579, 581], "excluded_lines": []}, "test_crypto_summary": {"executed_lines": [], "summary": {"covered_lines": 0, "num_statements": 15, "percent_covered": 0.0, "percent_covered_display": "0", "missing_lines": 15, "excluded_lines": 0}, "missing_lines": [591, 592, 593, 594, 595, 596, 597, 598, 599, 600, 601, 602, 603, 604, 606], "excluded_lines": []}, "": {"executed_lines": [], "summary": {"covered_lines": 0, "num_statements": 31, "percent_covered": 0.0, "percent_covered_display": "0", "missing_lines": 31, "excluded_lines": 0}, "missing_lines": [18, 19, 20, 21, 22, 23, 24, 28, 31, 34, 57, 97, 136, 139, 174, 217, 220, 268, 309, 360, 363, 389, 414, 417, 449, 484, 534, 537, 558, 562, 588], "excluded_lines": []}}, "classes": {"TestRSAKeyGeneration": {"executed_lines": [], "summary": {"covered_lines": 0, "num_statements": 29, "percent_covered": 0.0, "percent_covered_display": "0", "missing_lines": 29, "excluded_lines": 0}, "missing_lines": [37, 40, 47, 50, 52, 54, 60, 63, 70, 72, 78, 81, 82, 85, 86, 92, 94, 100, 103, 108, 111, 113, 118, 121, 122, 125, 126, 131, 133], "excluded_lines": []}, "TestLicenseSigning": {"executed_lines": [], "summary": {"covered_lines": 0, "num_statements": 18, "percent_covered": 0.0, "percent_covered_display": "0", "missing_lines": 18, "excluded_lines": 0}, "missing_lines": [142, 145, 152, 153, 156, 159, 168, 169, 171, 177, 180, 187, 188, 189, 192, 201, 212, 214], "excluded_lines": []}, "TestSignatureValidation": {"executed_lines": [], "summary": {"covered_lines": 0, "num_statements": 45, "percent_covered": 0.0, "percent_covered_display": "0", "missing_lines": 45, "excluded_lines": 0}, "missing_lines": [223, 226, 231, 234, 235, 236, 238, 248, 249, 258, 259, 260, 261, 263, 265, 271, 274, 279, 282, 283, 284, 287, 290, 291, 292, 301, 302, 304, 306, 312, 315, 320, 323, 324, 325, 327, 337, 338, 341, 342, 343, 352, 353, 355, 357], "excluded_lines": []}, "TestKeyCorruption": {"executed_lines": [], "summary": {"covered_lines": 0, "num_statements": 22, "percent_covered": 0.0, "percent_covered_display": "0", "missing_lines": 22, "excluded_lines": 0}, "missing_lines": [366, 369, 370, 373, 374, 375, 376, 381, 382, 384, 386, 392, 395, 396, 399, 400, 401, 402, 406, 407, 409, 411], "excluded_lines": []}, "TestEdgeCases": {"executed_lines": [], "summary": {"covered_lines": 0, "num_statements": 33, "percent_covered": 0.0, "percent_covered_display": "0", "missing_lines": 33, "excluded_lines": 0}, "missing_lines": [420, 423, 430, 431, 434, 443, 444, 446, 452, 455, 462, 463, 464, 466, 469, 478, 479, 481, 487, 490, 495, 498, 499, 500, 502, 505, 515, 516, 525, 526, 527, 529, 531], "excluded_lines": []}, "TestIntegrationWithRealKeys": {"executed_lines": [], "summary": {"covered_lines": 0, "num_statements": 14, "percent_covered": 0.0, "percent_covered_display": "0", "missing_lines": 14, "excluded_lines": 0}, "missing_lines": [540, 543, 544, 549, 552, 553, 555, 565, 568, 569, 575, 578, 579, 581], "excluded_lines": []}, "": {"executed_lines": [], "summary": {"covered_lines": 0, "num_statements": 46, "percent_covered": 0.0, "percent_covered_display": "0", "missing_lines": 46, "excluded_lines": 0}, "missing_lines": [18, 19, 20, 21, 22, 23, 24, 28, 31, 34, 57, 97, 136, 139, 174, 217, 220, 268, 309, 360, 363, 389, 414, 417, 449, 484, 534, 537, 558, 562, 588, 591, 592, 593, 594, 595, 596, 597, 598, 599, 600, 601, 602, 603, 604, 606], "excluded_lines": []}}}, "test_dashboard_builder.py": {"executed_lines": [1, 15, 16, 17, 18, 19, 20, 23, 25, 32, 33, 35, 38, 39, 41, 42, 43, 46, 49, 50, 52, 63, 65, 68, 69, 71, 95, 96, 98, 99, 100, 107, 109, 110, 112, 113, 114, 115, 116, 123, 125, 126, 128, 129, 130, 131, 134, 135, 136, 137, 138, 141, 142, 143, 144, 147, 149, 150, 152, 153, 154, 155, 158, 160, 161, 162, 169, 171, 176, 178, 179, 180, 181, 182, 185, 186, 187, 188, 189, 192, 194, 198, 199, 202, 205, 210, 213, 218, 219, 222, 225, 230, 233, 234, 239, 242, 243, 244, 247, 249, 250, 252, 253, 254, 257, 260, 261, 262, 263, 264, 271, 272, 274, 275, 276, 279, 282, 283, 284, 286, 287, 288, 290, 291, 294, 295, 297, 298, 299, 302, 305, 306, 308, 309, 311, 312, 315, 316, 318, 319, 320, 323, 326, 331, 334, 335, 337, 338, 339, 340, 343, 345, 346, 347, 350, 353, 358, 361, 362, 375, 380, 382, 383, 384, 385, 388, 390, 395, 398, 401, 406, 409, 410, 411, 414, 415, 418, 420, 421, 428, 431, 436, 439, 440, 442, 443, 444, 447, 448, 449, 450, 451, 452, 453, 456, 458, 459, 466, 468, 469, 472, 475, 476, 477, 478, 479, 486, 488, 490, 491, 496, 498, 499, 502, 504, 507, 508, 509, 510, 517, 518, 519, 521, 522, 523, 530], "summary": {"covered_lines": 225, "num_statements": 226, "percent_covered": 99.5575221238938, "percent_covered_display": "99", "missing_lines": 1, "excluded_lines": 0}, "missing_lines": [531], "excluded_lines": [], "functions": {"client": {"executed_lines": [35], "summary": {"covered_lines": 1, "num_statements": 1, "percent_covered": 100.0, "percent_covered_display": "100", "missing_lines": 0, "excluded_lines": 0}, "missing_lines": [], "excluded_lines": []}, "mock_auth_header": {"executed_lines": [41, 42, 43, 46, 49, 50, 52, 63, 65], "summary": {"covered_lines": 9, "num_statements": 9, "percent_covered": 100.0, "percent_covered_display": "100", "missing_lines": 0, "excluded_lines": 0}, "missing_lines": [], "excluded_lines": []}, "sample_dashboard": {"executed_lines": [71], "summary": {"covered_lines": 1, "num_statements": 1, "percent_covered": 100.0, "percent_covered_display": "100", "missing_lines": 0, "excluded_lines": 0}, "missing_lines": [], "excluded_lines": []}, "clear_db": {"executed_lines": [98, 99, 100], "summary": {"covered_lines": 3, "num_statements": 3, "percent_covered": 100.0, "percent_covered_display": "100", "missing_lines": 0, "excluded_lines": 0}, "missing_lines": [], "excluded_lines": []}, "test_root_health_check": {"executed_lines": [109, 110, 112, 113, 114, 115, 116], "summary": {"covered_lines": 7, "num_statements": 7, "percent_covered": 100.0, "percent_covered_display": "100", "missing_lines": 0, "excluded_lines": 0}, "missing_lines": [], "excluded_lines": []}, "test_get_templates": {"executed_lines": [125, 126, 128, 129, 130, 131, 134, 135, 136, 137, 138, 141, 142, 143, 144], "summary": {"covered_lines": 15, "num_statements": 15, "percent_covered": 100.0, "percent_covered_display": "100", "missing_lines": 0, "excluded_lines": 0}, "missing_lines": [], "excluded_lines": []}, "test_get_specific_template": {"executed_lines": [149, 150, 152, 153, 154, 155], "summary": {"covered_lines": 6, "num_statements": 6, "percent_covered": 100.0, "percent_covered_display": "100", "missing_lines": 0, "excluded_lines": 0}, "missing_lines": [], "excluded_lines": []}, "test_get_nonexistent_template": {"executed_lines": [160, 161, 162], "summary": {"covered_lines": 3, "num_statements": 3, "percent_covered": 100.0, "percent_covered_display": "100", "missing_lines": 0, "excluded_lines": 0}, "missing_lines": [], "excluded_lines": []}, "test_create_dashboard": {"executed_lines": [171, 176, 178, 179, 180, 181, 182, 185, 186, 187, 188, 189], "summary": {"covered_lines": 12, "num_statements": 12, "percent_covered": 100.0, "percent_covered_display": "100", "missing_lines": 0, "excluded_lines": 0}, "missing_lines": [], "excluded_lines": []}, "test_create_dashboard_without_auth": {"executed_lines": [194, 198, 199], "summary": {"covered_lines": 3, "num_statements": 3, "percent_covered": 100.0, "percent_covered_display": "100", "missing_lines": 0, "excluded_lines": 0}, "missing_lines": [], "excluded_lines": []}, "test_create_duplicate_dashboard": {"executed_lines": [205, 210, 213, 218, 219], "summary": {"covered_lines": 5, "num_statements": 5, "percent_covered": 100.0, "percent_covered_display": "100", "missing_lines": 0, "excluded_lines": 0}, "missing_lines": [], "excluded_lines": []}, "test_create_dashboard_with_overwrite": {"executed_lines": [225, 230, 233, 234, 239, 242, 243, 244], "summary": {"covered_lines": 8, "num_statements": 8, "percent_covered": 100.0, "percent_covered_display": "100", "missing_lines": 0, "excluded_lines": 0}, "missing_lines": [], "excluded_lines": []}, "test_list_dashboards_empty": {"executed_lines": [249, 250, 252, 253, 254], "summary": {"covered_lines": 5, "num_statements": 5, "percent_covered": 100.0, "percent_covered_display": "100", "missing_lines": 0, "excluded_lines": 0}, "missing_lines": [], "excluded_lines": []}, "test_list_dashboards": {"executed_lines": [260, 261, 262, 263, 264, 271, 272, 274, 275, 276], "summary": {"covered_lines": 10, "num_statements": 10, "percent_covered": 100.0, "percent_covered_display": "100", "missing_lines": 0, "excluded_lines": 0}, "missing_lines": [], "excluded_lines": []}, "test_list_dashboards_with_tag_filter": {"executed_lines": [282, 283, 284, 286, 287, 288, 290, 291, 294, 295, 297, 298, 299], "summary": {"covered_lines": 13, "num_statements": 13, "percent_covered": 100.0, "percent_covered_display": "100", "missing_lines": 0, "excluded_lines": 0}, "missing_lines": [], "excluded_lines": []}, "test_list_dashboards_with_search": {"executed_lines": [305, 306, 308, 309, 311, 312, 315, 316, 318, 319, 320], "summary": {"covered_lines": 11, "num_statements": 11, "percent_covered": 100.0, "percent_covered_display": "100", "missing_lines": 0, "excluded_lines": 0}, "missing_lines": [], "excluded_lines": []}, "test_get_dashboard": {"executed_lines": [326, 331, 334, 335, 337, 338, 339, 340], "summary": {"covered_lines": 8, "num_statements": 8, "percent_covered": 100.0, "percent_covered_display": "100", "missing_lines": 0, "excluded_lines": 0}, "missing_lines": [], "excluded_lines": []}, "test_get_nonexistent_dashboard": {"executed_lines": [345, 346, 347], "summary": {"covered_lines": 3, "num_statements": 3, "percent_covered": 100.0, "percent_covered_display": "100", "missing_lines": 0, "excluded_lines": 0}, "missing_lines": [], "excluded_lines": []}, "test_update_dashboard": {"executed_lines": [353, 358, 361, 362, 375, 380, 382, 383, 384, 385], "summary": {"covered_lines": 10, "num_statements": 10, "percent_covered": 100.0, "percent_covered_display": "100", "missing_lines": 0, "excluded_lines": 0}, "missing_lines": [], "excluded_lines": []}, "test_update_nonexistent_dashboard": {"executed_lines": [390, 395], "summary": {"covered_lines": 2, "num_statements": 2, "percent_covered": 100.0, "percent_covered_display": "100", "missing_lines": 0, "excluded_lines": 0}, "missing_lines": [], "excluded_lines": []}, "test_delete_dashboard": {"executed_lines": [401, 406, 409, 410, 411, 414, 415], "summary": {"covered_lines": 7, "num_statements": 7, "percent_covered": 100.0, "percent_covered_display": "100", "missing_lines": 0, "excluded_lines": 0}, "missing_lines": [], "excluded_lines": []}, "test_delete_nonexistent_dashboard": {"executed_lines": [420, 421], "summary": {"covered_lines": 2, "num_statements": 2, "percent_covered": 100.0, "percent_covered_display": "100", "missing_lines": 0, "excluded_lines": 0}, "missing_lines": [], "excluded_lines": []}, "test_export_dashboard": {"executed_lines": [431, 436, 439, 440, 442, 443, 444, 447, 448, 449, 450, 451, 452, 453], "summary": {"covered_lines": 14, "num_statements": 14, "percent_covered": 100.0, "percent_covered_display": "100", "missing_lines": 0, "excluded_lines": 0}, "missing_lines": [], "excluded_lines": []}, "test_export_nonexistent_dashboard": {"executed_lines": [458, 459], "summary": {"covered_lines": 2, "num_statements": 2, "percent_covered": 100.0, "percent_covered_display": "100", "missing_lines": 0, "excluded_lines": 0}, "missing_lines": [], "excluded_lines": []}, "test_generate_dashboard_id": {"executed_lines": [468, 469, 472, 475, 476, 477, 478, 479], "summary": {"covered_lines": 8, "num_statements": 8, "percent_covered": 100.0, "percent_covered_display": "100", "missing_lines": 0, "excluded_lines": 0}, "missing_lines": [], "excluded_lines": []}, "test_create_dashboard_performance": {"executed_lines": [488, 490, 491, 496, 498, 499], "summary": {"covered_lines": 6, "num_statements": 6, "percent_covered": 100.0, "percent_covered_display": "100", "missing_lines": 0, "excluded_lines": 0}, "missing_lines": [], "excluded_lines": []}, "test_list_dashboards_performance": {"executed_lines": [504, 507, 508, 509, 510, 517, 518, 519, 521, 522, 523], "summary": {"covered_lines": 11, "num_statements": 11, "percent_covered": 100.0, "percent_covered_display": "100", "missing_lines": 0, "excluded_lines": 0}, "missing_lines": [], "excluded_lines": []}, "": {"executed_lines": [1, 15, 16, 17, 18, 19, 20, 23, 25, 32, 33, 38, 39, 68, 69, 95, 96, 107, 123, 147, 158, 169, 192, 202, 222, 247, 257, 279, 302, 323, 343, 350, 388, 398, 418, 428, 456, 466, 486, 502, 530], "summary": {"covered_lines": 40, "num_statements": 41, "percent_covered": 97.5609756097561, "percent_covered_display": "98", "missing_lines": 1, "excluded_lines": 0}, "missing_lines": [531], "excluded_lines": []}}, "classes": {"": {"executed_lines": [1, 15, 16, 17, 18, 19, 20, 23, 25, 32, 33, 35, 38, 39, 41, 42, 43, 46, 49, 50, 52, 63, 65, 68, 69, 71, 95, 96, 98, 99, 100, 107, 109, 110, 112, 113, 114, 115, 116, 123, 125, 126, 128, 129, 130, 131, 134, 135, 136, 137, 138, 141, 142, 143, 144, 147, 149, 150, 152, 153, 154, 155, 158, 160, 161, 162, 169, 171, 176, 178, 179, 180, 181, 182, 185, 186, 187, 188, 189, 192, 194, 198, 199, 202, 205, 210, 213, 218, 219, 222, 225, 230, 233, 234, 239, 242, 243, 244, 247, 249, 250, 252, 253, 254, 257, 260, 261, 262, 263, 264, 271, 272, 274, 275, 276, 279, 282, 283, 284, 286, 287, 288, 290, 291, 294, 295, 297, 298, 299, 302, 305, 306, 308, 309, 311, 312, 315, 316, 318, 319, 320, 323, 326, 331, 334, 335, 337, 338, 339, 340, 343, 345, 346, 347, 350, 353, 358, 361, 362, 375, 380, 382, 383, 384, 385, 388, 390, 395, 398, 401, 406, 409, 410, 411, 414, 415, 418, 420, 421, 428, 431, 436, 439, 440, 442, 443, 444, 447, 448, 449, 450, 451, 452, 453, 456, 458, 459, 466, 468, 469, 472, 475, 476, 477, 478, 479, 486, 488, 490, 491, 496, 498, 499, 502, 504, 507, 508, 509, 510, 517, 518, 519, 521, 522, 523, 530], "summary": {"covered_lines": 225, "num_statements": 226, "percent_covered": 99.5575221238938, "percent_covered_display": "99", "missing_lines": 1, "excluded_lines": 0}, "missing_lines": [531], "excluded_lines": []}}}, "test_docker_services.py": {"executed_lines": [], "summary": {"covered_lines": 0, "num_statements": 176, "percent_covered": 0.0, "percent_covered_display": "0", "missing_lines": 176, "excluded_lines": 0}, "missing_lines": [16, 17, 18, 19, 20, 21, 23, 26, 29, 31, 32, 34, 36, 38, 39, 40, 41, 42, 43, 44, 46, 48, 50, 51, 53, 58, 59, 60, 62, 64, 66, 74, 75, 77, 80, 83, 84, 86, 95, 96, 98, 100, 101, 103, 111, 112, 113, 115, 117, 118, 120, 127, 128, 129, 130, 131, 133, 136, 139, 140, 142, 143, 144, 145, 146, 148, 149, 150, 151, 153, 154, 156, 157, 158, 159, 161, 162, 163, 164, 166, 167, 169, 170, 171, 172, 174, 175, 176, 177, 179, 180, 182, 189, 190, 191, 193, 196, 199, 200, 202, 203, 204, 205, 206, 207, 208, 210, 211, 213, 214, 215, 216, 217, 218, 220, 221, 223, 224, 225, 226, 227, 228, 229, 232, 235, 236, 238, 245, 246, 247, 248, 249, 251, 253, 254, 256, 263, 264, 266, 269, 272, 273, 275, 282, 283, 284, 286, 288, 289, 291, 298, 299, 300, 301, 302, 303, 305, 308, 311, 313, 314, 315, 316, 317, 318, 319, 320, 321, 322, 323, 324, 325, 326, 327, 328, 329], "excluded_lines": [], "functions": {"TestComposeFileValidation.test_compose_file_exists": {"executed_lines": [], "summary": {"covered_lines": 0, "num_statements": 2, "percent_covered": 0.0, "percent_covered_display": "0", "missing_lines": 2, "excluded_lines": 0}, "missing_lines": [31, 32], "excluded_lines": []}, "TestComposeFileValidation.test_compose_file_is_valid_yaml": {"executed_lines": [], "summary": {"covered_lines": 0, "num_statements": 8, "percent_covered": 0.0, "percent_covered_display": "0", "missing_lines": 8, "excluded_lines": 0}, "missing_lines": [36, 38, 39, 40, 41, 42, 43, 44], "excluded_lines": []}, "TestComposeFileValidation.test_compose_file_has_required_services": {"executed_lines": [], "summary": {"covered_lines": 0, "num_statements": 8, "percent_covered": 0.0, "percent_covered_display": "0", "missing_lines": 8, "excluded_lines": 0}, "missing_lines": [48, 50, 51, 53, 58, 59, 60, 62], "excluded_lines": []}, "TestComposeFileValidation.test_compose_syntax_validation": {"executed_lines": [], "summary": {"covered_lines": 0, "num_statements": 4, "percent_covered": 0.0, "percent_covered_display": "0", "missing_lines": 4, "excluded_lines": 0}, "missing_lines": [66, 74, 75, 77], "excluded_lines": []}, "TestServiceDeployment.test_start_stack_dry_run": {"executed_lines": [], "summary": {"covered_lines": 0, "num_statements": 4, "percent_covered": 0.0, "percent_covered_display": "0", "missing_lines": 4, "excluded_lines": 0}, "missing_lines": [86, 95, 96, 98], "excluded_lines": []}, "TestServiceDeployment.test_list_services": {"executed_lines": [], "summary": {"covered_lines": 0, "num_statements": 5, "percent_covered": 0.0, "percent_covered_display": "0", "missing_lines": 5, "excluded_lines": 0}, "missing_lines": [103, 111, 112, 113, 115], "excluded_lines": []}, "TestServiceDeployment.test_check_running_containers": {"executed_lines": [], "summary": {"covered_lines": 0, "num_statements": 7, "percent_covered": 0.0, "percent_covered_display": "0", "missing_lines": 7, "excluded_lines": 0}, "missing_lines": [120, 127, 128, 129, 130, 131, 133], "excluded_lines": []}, "TestHealthChecks.test_grafana_health": {"executed_lines": [], "summary": {"covered_lines": 0, "num_statements": 9, "percent_covered": 0.0, "percent_covered_display": "0", "missing_lines": 9, "excluded_lines": 0}, "missing_lines": [142, 143, 144, 145, 146, 148, 149, 150, 151], "excluded_lines": []}, "TestHealthChecks.test_prometheus_health": {"executed_lines": [], "summary": {"covered_lines": 0, "num_statements": 8, "percent_covered": 0.0, "percent_covered_display": "0", "missing_lines": 8, "excluded_lines": 0}, "missing_lines": [156, 157, 158, 159, 161, 162, 163, 164], "excluded_lines": []}, "TestHealthChecks.test_loki_health": {"executed_lines": [], "summary": {"covered_lines": 0, "num_statements": 8, "percent_covered": 0.0, "percent_covered_display": "0", "missing_lines": 8, "excluded_lines": 0}, "missing_lines": [169, 170, 171, 172, 174, 175, 176, 177], "excluded_lines": []}, "TestHealthChecks.test_all_containers_healthy": {"executed_lines": [], "summary": {"covered_lines": 0, "num_statements": 5, "percent_covered": 0.0, "percent_covered_display": "0", "missing_lines": 5, "excluded_lines": 0}, "missing_lines": [182, 189, 190, 191, 193], "excluded_lines": []}, "TestHTTPEndpoints.test_grafana_login_page": {"executed_lines": [], "summary": {"covered_lines": 0, "num_statements": 7, "percent_covered": 0.0, "percent_covered_display": "0", "missing_lines": 7, "excluded_lines": 0}, "missing_lines": [202, 203, 204, 205, 206, 207, 208], "excluded_lines": []}, "TestHTTPEndpoints.test_prometheus_targets_page": {"executed_lines": [], "summary": {"covered_lines": 0, "num_statements": 6, "percent_covered": 0.0, "percent_covered_display": "0", "missing_lines": 6, "excluded_lines": 0}, "missing_lines": [213, 214, 215, 216, 217, 218], "excluded_lines": []}, "TestHTTPEndpoints.test_loki_metrics_endpoint": {"executed_lines": [], "summary": {"covered_lines": 0, "num_statements": 7, "percent_covered": 0.0, "percent_covered_display": "0", "missing_lines": 7, "excluded_lines": 0}, "missing_lines": [223, 224, 225, 226, 227, 228, 229], "excluded_lines": []}, "TestVolumeVerification.test_list_rhinometric_volumes": {"executed_lines": [], "summary": {"covered_lines": 0, "num_statements": 7, "percent_covered": 0.0, "percent_covered_display": "0", "missing_lines": 7, "excluded_lines": 0}, "missing_lines": [238, 245, 246, 247, 248, 249, 251], "excluded_lines": []}, "TestVolumeVerification.test_grafana_data_volume_exists": {"executed_lines": [], "summary": {"covered_lines": 0, "num_statements": 4, "percent_covered": 0.0, "percent_covered_display": "0", "missing_lines": 4, "excluded_lines": 0}, "missing_lines": [256, 263, 264, 266], "excluded_lines": []}, "TestNetworkConnectivity.test_list_rhinometric_networks": {"executed_lines": [], "summary": {"covered_lines": 0, "num_statements": 5, "percent_covered": 0.0, "percent_covered_display": "0", "missing_lines": 5, "excluded_lines": 0}, "missing_lines": [275, 282, 283, 284, 286], "excluded_lines": []}, "TestNetworkConnectivity.test_containers_on_same_network": {"executed_lines": [], "summary": {"covered_lines": 0, "num_statements": 8, "percent_covered": 0.0, "percent_covered_display": "0", "missing_lines": 8, "excluded_lines": 0}, "missing_lines": [291, 298, 299, 300, 301, 302, 303, 305], "excluded_lines": []}, "TestDockerSummary.test_docker_summary": {"executed_lines": [], "summary": {"covered_lines": 0, "num_statements": 17, "percent_covered": 0.0, "percent_covered_display": "0", "missing_lines": 17, "excluded_lines": 0}, "missing_lines": [313, 314, 315, 316, 317, 318, 319, 320, 321, 322, 323, 324, 325, 326, 327, 328, 329], "excluded_lines": []}, "": {"executed_lines": [], "summary": {"covered_lines": 0, "num_statements": 47, "percent_covered": 0.0, "percent_covered_display": "0", "missing_lines": 47, "excluded_lines": 0}, "missing_lines": [16, 17, 18, 19, 20, 21, 23, 26, 29, 34, 46, 64, 80, 83, 84, 100, 101, 117, 118, 136, 139, 140, 153, 154, 166, 167, 179, 180, 196, 199, 200, 210, 211, 220, 221, 232, 235, 236, 253, 254, 269, 272, 273, 288, 289, 308, 311], "excluded_lines": []}}, "classes": {"TestComposeFileValidation": {"executed_lines": [], "summary": {"covered_lines": 0, "num_statements": 22, "percent_covered": 0.0, "percent_covered_display": "0", "missing_lines": 22, "excluded_lines": 0}, "missing_lines": [31, 32, 36, 38, 39, 40, 41, 42, 43, 44, 48, 50, 51, 53, 58, 59, 60, 62, 66, 74, 75, 77], "excluded_lines": []}, "TestServiceDeployment": {"executed_lines": [], "summary": {"covered_lines": 0, "num_statements": 16, "percent_covered": 0.0, "percent_covered_display": "0", "missing_lines": 16, "excluded_lines": 0}, "missing_lines": [86, 95, 96, 98, 103, 111, 112, 113, 115, 120, 127, 128, 129, 130, 131, 133], "excluded_lines": []}, "TestHealthChecks": {"executed_lines": [], "summary": {"covered_lines": 0, "num_statements": 30, "percent_covered": 0.0, "percent_covered_display": "0", "missing_lines": 30, "excluded_lines": 0}, "missing_lines": [142, 143, 144, 145, 146, 148, 149, 150, 151, 156, 157, 158, 159, 161, 162, 163, 164, 169, 170, 171, 172, 174, 175, 176, 177, 182, 189, 190, 191, 193], "excluded_lines": []}, "TestHTTPEndpoints": {"executed_lines": [], "summary": {"covered_lines": 0, "num_statements": 20, "percent_covered": 0.0, "percent_covered_display": "0", "missing_lines": 20, "excluded_lines": 0}, "missing_lines": [202, 203, 204, 205, 206, 207, 208, 213, 214, 215, 216, 217, 218, 223, 224, 225, 226, 227, 228, 229], "excluded_lines": []}, "TestVolumeVerification": {"executed_lines": [], "summary": {"covered_lines": 0, "num_statements": 11, "percent_covered": 0.0, "percent_covered_display": "0", "missing_lines": 11, "excluded_lines": 0}, "missing_lines": [238, 245, 246, 247, 248, 249, 251, 256, 263, 264, 266], "excluded_lines": []}, "TestNetworkConnectivity": {"executed_lines": [], "summary": {"covered_lines": 0, "num_statements": 13, "percent_covered": 0.0, "percent_covered_display": "0", "missing_lines": 13, "excluded_lines": 0}, "missing_lines": [275, 282, 283, 284, 286, 291, 298, 299, 300, 301, 302, 303, 305], "excluded_lines": []}, "TestDockerSummary": {"executed_lines": [], "summary": {"covered_lines": 0, "num_statements": 17, "percent_covered": 0.0, "percent_covered_display": "0", "missing_lines": 17, "excluded_lines": 0}, "missing_lines": [313, 314, 315, 316, 317, 318, 319, 320, 321, 322, 323, 324, 325, 326, 327, 328, 329], "excluded_lines": []}, "": {"executed_lines": [], "summary": {"covered_lines": 0, "num_statements": 47, "percent_covered": 0.0, "percent_covered_display": "0", "missing_lines": 47, "excluded_lines": 0}, "missing_lines": [16, 17, 18, 19, 20, 21, 23, 26, 29, 34, 46, 64, 80, 83, 84, 100, 101, 117, 118, 136, 139, 140, 153, 154, 166, 167, 179, 180, 196, 199, 200, 210, 211, 220, 221, 232, 235, 236, 253, 254, 269, 272, 273, 288, 289, 308, 311], "excluded_lines": []}}}, "test_hwid.py": {"executed_lines": [], "summary": {"covered_lines": 0, "num_statements": 187, "percent_covered": 0.0, "percent_covered_display": "0", "missing_lines": 187, "excluded_lines": 0}, "missing_lines": [18, 19, 20, 21, 25, 28, 31, 34, 35, 37, 40, 42, 45, 48, 51, 52, 54, 56, 59, 62, 65, 66, 68, 70, 72, 73, 74, 75, 77, 79, 82, 85, 88, 90, 92, 93, 100, 101, 104, 105, 106, 107, 108, 110, 111, 114, 117, 120, 123, 124, 126, 129, 132, 135, 136, 139, 142, 145, 148, 149, 151, 153, 154, 156, 159, 162, 163, 165, 167, 168, 170, 173, 176, 177, 179, 181, 182, 184, 187, 190, 193, 195, 197, 200, 203, 206, 208, 209, 211, 213, 216, 219, 221, 228, 229, 231, 232, 234, 237, 240, 243, 245, 252, 255, 257, 261, 262, 263, 264, 265, 267, 268, 270, 273, 276, 279, 282, 290, 294, 296, 299, 302, 304, 307, 309, 311, 312, 315, 318, 320, 322, 323, 325, 328, 331, 334, 335, 337, 340, 349, 350, 353, 356, 359, 360, 362, 365, 367, 370, 372, 375, 378, 381, 384, 390, 392, 395, 398, 400, 402, 404, 411, 413, 414, 417, 424, 427, 428, 429, 430, 431, 432, 434, 435, 437, 439, 440, 441, 442, 443, 444, 445, 446, 447, 448, 449, 451], "excluded_lines": [], "functions": {"TestHWIDFormat.test_hwid_format_regex": {"executed_lines": [], "summary": {"covered_lines": 0, "num_statements": 6, "percent_covered": 0.0, "percent_covered_display": "0", "missing_lines": 6, "excluded_lines": 0}, "missing_lines": [34, 35, 37, 40, 42, 45], "excluded_lines": []}, "TestHWIDFormat.test_hwid_length": {"executed_lines": [], "summary": {"covered_lines": 0, "num_statements": 5, "percent_covered": 0.0, "percent_covered_display": "0", "missing_lines": 5, "excluded_lines": 0}, "missing_lines": [51, 52, 54, 56, 59], "excluded_lines": []}, "TestHWIDFormat.test_hwid_is_hex": {"executed_lines": [], "summary": {"covered_lines": 0, "num_statements": 10, "percent_covered": 0.0, "percent_covered_display": "0", "missing_lines": 10, "excluded_lines": 0}, "missing_lines": [65, 66, 68, 70, 72, 73, 74, 75, 77, 79], "excluded_lines": []}, "TestHWIDConsistency.test_hwid_consistency_multiple_calls": {"executed_lines": [], "summary": {"covered_lines": 0, "num_statements": 15, "percent_covered": 0.0, "percent_covered_display": "0", "missing_lines": 15, "excluded_lines": 0}, "missing_lines": [88, 90, 92, 93, 100, 101, 104, 105, 106, 107, 108, 110, 111, 114, 117], "excluded_lines": []}, "TestHWIDConsistency.test_hwid_not_random": {"executed_lines": [], "summary": {"covered_lines": 0, "num_statements": 8, "percent_covered": 0.0, "percent_covered_display": "0", "missing_lines": 8, "excluded_lines": 0}, "missing_lines": [123, 124, 126, 129, 132, 135, 136, 139], "excluded_lines": []}, "TestPlatformSpecificDetection.test_linux_hwid_detection": {"executed_lines": [], "summary": {"covered_lines": 0, "num_statements": 6, "percent_covered": 0.0, "percent_covered_display": "0", "missing_lines": 6, "excluded_lines": 0}, "missing_lines": [148, 149, 151, 153, 154, 156], "excluded_lines": []}, "TestPlatformSpecificDetection.test_macos_hwid_detection": {"executed_lines": [], "summary": {"covered_lines": 0, "num_statements": 6, "percent_covered": 0.0, "percent_covered_display": "0", "missing_lines": 6, "excluded_lines": 0}, "missing_lines": [162, 163, 165, 167, 168, 170], "excluded_lines": []}, "TestPlatformSpecificDetection.test_wsl_hwid_detection": {"executed_lines": [], "summary": {"covered_lines": 0, "num_statements": 6, "percent_covered": 0.0, "percent_covered_display": "0", "missing_lines": 6, "excluded_lines": 0}, "missing_lines": [176, 177, 179, 181, 182, 184], "excluded_lines": []}, "TestGetHWIDScript.test_script_exists": {"executed_lines": [], "summary": {"covered_lines": 0, "num_statements": 3, "percent_covered": 0.0, "percent_covered_display": "0", "missing_lines": 3, "excluded_lines": 0}, "missing_lines": [193, 195, 197], "excluded_lines": []}, "TestGetHWIDScript.test_script_executable": {"executed_lines": [], "summary": {"covered_lines": 0, "num_statements": 6, "percent_covered": 0.0, "percent_covered_display": "0", "missing_lines": 6, "excluded_lines": 0}, "missing_lines": [203, 206, 208, 209, 211, 213], "excluded_lines": []}, "TestGetHWIDScript.test_script_execution": {"executed_lines": [], "summary": {"covered_lines": 0, "num_statements": 8, "percent_covered": 0.0, "percent_covered_display": "0", "missing_lines": 8, "excluded_lines": 0}, "missing_lines": [219, 221, 228, 229, 231, 232, 234, 237], "excluded_lines": []}, "TestGetHWIDScript.test_script_output_format": {"executed_lines": [], "summary": {"covered_lines": 0, "num_statements": 13, "percent_covered": 0.0, "percent_covered_display": "0", "missing_lines": 13, "excluded_lines": 0}, "missing_lines": [243, 245, 252, 255, 257, 261, 262, 263, 264, 265, 267, 268, 270], "excluded_lines": []}, "TestHWIDComponents.test_hwid_includes_cpu_info": {"executed_lines": [], "summary": {"covered_lines": 0, "num_statements": 5, "percent_covered": 0.0, "percent_covered_display": "0", "missing_lines": 5, "excluded_lines": 0}, "missing_lines": [279, 282, 290, 294, 296], "excluded_lines": []}, "TestHWIDComponents.test_hwid_includes_mac_info": {"executed_lines": [], "summary": {"covered_lines": 0, "num_statements": 6, "percent_covered": 0.0, "percent_covered_display": "0", "missing_lines": 6, "excluded_lines": 0}, "missing_lines": [302, 304, 307, 309, 311, 312], "excluded_lines": []}, "TestHWIDComponents.test_hwid_includes_hostname": {"executed_lines": [], "summary": {"covered_lines": 0, "num_statements": 5, "percent_covered": 0.0, "percent_covered_display": "0", "missing_lines": 5, "excluded_lines": 0}, "missing_lines": [318, 320, 322, 323, 325], "excluded_lines": []}, "TestHWIDUniqueness.test_hwid_different_from_common_patterns": {"executed_lines": [], "summary": {"covered_lines": 0, "num_statements": 7, "percent_covered": 0.0, "percent_covered_display": "0", "missing_lines": 7, "excluded_lines": 0}, "missing_lines": [334, 335, 337, 340, 349, 350, 353], "excluded_lines": []}, "TestHWIDUniqueness.test_hwid_entropy": {"executed_lines": [], "summary": {"covered_lines": 0, "num_statements": 8, "percent_covered": 0.0, "percent_covered_display": "0", "missing_lines": 8, "excluded_lines": 0}, "missing_lines": [359, 360, 362, 365, 367, 370, 372, 375], "excluded_lines": []}, "TestHWIDEdgeCases.test_hwid_with_missing_cpu_info": {"executed_lines": [], "summary": {"covered_lines": 0, "num_statements": 3, "percent_covered": 0.0, "percent_covered_display": "0", "missing_lines": 3, "excluded_lines": 0}, "missing_lines": [384, 390, 392], "excluded_lines": []}, "TestHWIDEdgeCases.test_hwid_performance": {"executed_lines": [], "summary": {"covered_lines": 0, "num_statements": 8, "percent_covered": 0.0, "percent_covered_display": "0", "missing_lines": 8, "excluded_lines": 0}, "missing_lines": [398, 400, 402, 404, 411, 413, 414, 417], "excluded_lines": []}, "test_hwid_summary": {"executed_lines": [], "summary": {"covered_lines": 0, "num_statements": 21, "percent_covered": 0.0, "percent_covered_display": "0", "missing_lines": 21, "excluded_lines": 0}, "missing_lines": [427, 428, 429, 430, 431, 432, 434, 435, 437, 439, 440, 441, 442, 443, 444, 445, 446, 447, 448, 449, 451], "excluded_lines": []}, "": {"executed_lines": [], "summary": {"covered_lines": 0, "num_statements": 32, "percent_covered": 0.0, "percent_covered_display": "0", "missing_lines": 32, "excluded_lines": 0}, "missing_lines": [18, 19, 20, 21, 25, 28, 31, 48, 62, 82, 85, 120, 142, 145, 159, 173, 187, 190, 200, 216, 240, 273, 276, 299, 315, 328, 331, 356, 378, 381, 395, 424], "excluded_lines": []}}, "classes": {"TestHWIDFormat": {"executed_lines": [], "summary": {"covered_lines": 0, "num_statements": 21, "percent_covered": 0.0, "percent_covered_display": "0", "missing_lines": 21, "excluded_lines": 0}, "missing_lines": [34, 35, 37, 40, 42, 45, 51, 52, 54, 56, 59, 65, 66, 68, 70, 72, 73, 74, 75, 77, 79], "excluded_lines": []}, "TestHWIDConsistency": {"executed_lines": [], "summary": {"covered_lines": 0, "num_statements": 23, "percent_covered": 0.0, "percent_covered_display": "0", "missing_lines": 23, "excluded_lines": 0}, "missing_lines": [88, 90, 92, 93, 100, 101, 104, 105, 106, 107, 108, 110, 111, 114, 117, 123, 124, 126, 129, 132, 135, 136, 139], "excluded_lines": []}, "TestPlatformSpecificDetection": {"executed_lines": [], "summary": {"covered_lines": 0, "num_statements": 18, "percent_covered": 0.0, "percent_covered_display": "0", "missing_lines": 18, "excluded_lines": 0}, "missing_lines": [148, 149, 151, 153, 154, 156, 162, 163, 165, 167, 168, 170, 176, 177, 179, 181, 182, 184], "excluded_lines": []}, "TestGetHWIDScript": {"executed_lines": [], "summary": {"covered_lines": 0, "num_statements": 30, "percent_covered": 0.0, "percent_covered_display": "0", "missing_lines": 30, "excluded_lines": 0}, "missing_lines": [193, 195, 197, 203, 206, 208, 209, 211, 213, 219, 221, 228, 229, 231, 232, 234, 237, 243, 245, 252, 255, 257, 261, 262, 263, 264, 265, 267, 268, 270], "excluded_lines": []}, "TestHWIDComponents": {"executed_lines": [], "summary": {"covered_lines": 0, "num_statements": 16, "percent_covered": 0.0, "percent_covered_display": "0", "missing_lines": 16, "excluded_lines": 0}, "missing_lines": [279, 282, 290, 294, 296, 302, 304, 307, 309, 311, 312, 318, 320, 322, 323, 325], "excluded_lines": []}, "TestHWIDUniqueness": {"executed_lines": [], "summary": {"covered_lines": 0, "num_statements": 15, "percent_covered": 0.0, "percent_covered_display": "0", "missing_lines": 15, "excluded_lines": 0}, "missing_lines": [334, 335, 337, 340, 349, 350, 353, 359, 360, 362, 365, 367, 370, 372, 375], "excluded_lines": []}, "TestHWIDEdgeCases": {"executed_lines": [], "summary": {"covered_lines": 0, "num_statements": 11, "percent_covered": 0.0, "percent_covered_display": "0", "missing_lines": 11, "excluded_lines": 0}, "missing_lines": [384, 390, 392, 398, 400, 402, 404, 411, 413, 414, 417], "excluded_lines": []}, "": {"executed_lines": [], "summary": {"covered_lines": 0, "num_statements": 53, "percent_covered": 0.0, "percent_covered_display": "0", "missing_lines": 53, "excluded_lines": 0}, "missing_lines": [18, 19, 20, 21, 25, 28, 31, 48, 62, 82, 85, 120, 142, 145, 159, 173, 187, 190, 200, 216, 240, 273, 276, 299, 315, 328, 331, 356, 378, 381, 395, 424, 427, 428, 429, 430, 431, 432, 434, 435, 437, 439, 440, 441, 442, 443, 444, 445, 446, 447, 448, 449, 451], "excluded_lines": []}}}, "test_install_secure.py": {"executed_lines": [], "summary": {"covered_lines": 0, "num_statements": 143, "percent_covered": 0.0, "percent_covered_display": "0", "missing_lines": 143, "excluded_lines": 0}, "missing_lines": [16, 17, 18, 19, 20, 22, 25, 28, 30, 31, 33, 35, 36, 37, 38, 39, 41, 42, 44, 46, 47, 48, 49, 52, 55, 57, 64, 65, 68, 69, 70, 71, 72, 73, 75, 77, 79, 80, 82, 89, 90, 91, 93, 96, 99, 102, 104, 111, 113, 114, 115, 117, 118, 120, 122, 129, 131, 132, 133, 135, 137, 139, 146, 149, 150, 152, 154, 161, 164, 167, 170, 172, 180, 181, 183, 185, 192, 193, 195, 197, 204, 205, 207, 209, 216, 219, 220, 223, 226, 228, 235, 238, 239, 241, 243, 252, 253, 255, 257, 264, 267, 268, 271, 274, 276, 278, 286, 287, 289, 291, 298, 301, 302, 304, 307, 310, 312, 319, 322, 323, 325, 327, 329, 337, 338, 341, 344, 346, 347, 348, 349, 350, 351, 352, 353, 354, 355, 356, 357, 358, 359, 360, 361], "excluded_lines": [], "functions": {"TestInstallerExecution.test_installer_exists": {"executed_lines": [], "summary": {"covered_lines": 0, "num_statements": 2, "percent_covered": 0.0, "percent_covered_display": "0", "missing_lines": 2, "excluded_lines": 0}, "missing_lines": [30, 31], "excluded_lines": []}, "TestInstallerExecution.test_installer_is_executable": {"executed_lines": [], "summary": {"covered_lines": 0, "num_statements": 7, "percent_covered": 0.0, "percent_covered_display": "0", "missing_lines": 7, "excluded_lines": 0}, "missing_lines": [35, 36, 37, 38, 39, 41, 42], "excluded_lines": []}, "TestInstallerExecution.test_installer_has_shebang": {"executed_lines": [], "summary": {"covered_lines": 0, "num_statements": 4, "percent_covered": 0.0, "percent_covered_display": "0", "missing_lines": 4, "excluded_lines": 0}, "missing_lines": [46, 47, 48, 49], "excluded_lines": []}, "TestOSDetection.test_detect_current_os": {"executed_lines": [], "summary": {"covered_lines": 0, "num_statements": 10, "percent_covered": 0.0, "percent_covered_display": "0", "missing_lines": 10, "excluded_lines": 0}, "missing_lines": [57, 64, 65, 68, 69, 70, 71, 72, 73, 75], "excluded_lines": []}, "TestOSDetection.test_detect_wsl_on_windows": {"executed_lines": [], "summary": {"covered_lines": 0, "num_statements": 6, "percent_covered": 0.0, "percent_covered_display": "0", "missing_lines": 6, "excluded_lines": 0}, "missing_lines": [79, 80, 82, 89, 90, 91], "excluded_lines": []}, "TestOSDetection.test_unsupported_os_handling": {"executed_lines": [], "summary": {"covered_lines": 0, "num_statements": 1, "percent_covered": 0.0, "percent_covered_display": "0", "missing_lines": 1, "excluded_lines": 0}, "missing_lines": [96], "excluded_lines": []}, "TestDependencyVerification.test_check_docker_installed": {"executed_lines": [], "summary": {"covered_lines": 0, "num_statements": 7, "percent_covered": 0.0, "percent_covered_display": "0", "missing_lines": 7, "excluded_lines": 0}, "missing_lines": [104, 111, 113, 114, 115, 117, 118], "excluded_lines": []}, "TestDependencyVerification.test_check_docker_compose_installed": {"executed_lines": [], "summary": {"covered_lines": 0, "num_statements": 6, "percent_covered": 0.0, "percent_covered_display": "0", "missing_lines": 6, "excluded_lines": 0}, "missing_lines": [122, 129, 131, 132, 133, 135], "excluded_lines": []}, "TestDependencyVerification.test_check_python_installed": {"executed_lines": [], "summary": {"covered_lines": 0, "num_statements": 4, "percent_covered": 0.0, "percent_covered_display": "0", "missing_lines": 4, "excluded_lines": 0}, "missing_lines": [139, 146, 149, 150], "excluded_lines": []}, "TestDependencyVerification.test_check_cryptography_module": {"executed_lines": [], "summary": {"covered_lines": 0, "num_statements": 3, "percent_covered": 0.0, "percent_covered_display": "0", "missing_lines": 3, "excluded_lines": 0}, "missing_lines": [154, 161, 164], "excluded_lines": []}, "TestPortAvailability.test_check_grafana_port_3000": {"executed_lines": [], "summary": {"covered_lines": 0, "num_statements": 3, "percent_covered": 0.0, "percent_covered_display": "0", "missing_lines": 3, "excluded_lines": 0}, "missing_lines": [172, 180, 181], "excluded_lines": []}, "TestPortAvailability.test_check_prometheus_port_9090": {"executed_lines": [], "summary": {"covered_lines": 0, "num_statements": 3, "percent_covered": 0.0, "percent_covered_display": "0", "missing_lines": 3, "excluded_lines": 0}, "missing_lines": [185, 192, 193], "excluded_lines": []}, "TestPortAvailability.test_check_loki_port_3100": {"executed_lines": [], "summary": {"covered_lines": 0, "num_statements": 3, "percent_covered": 0.0, "percent_covered_display": "0", "missing_lines": 3, "excluded_lines": 0}, "missing_lines": [197, 204, 205], "excluded_lines": []}, "TestPortAvailability.test_check_all_required_ports": {"executed_lines": [], "summary": {"covered_lines": 0, "num_statements": 4, "percent_covered": 0.0, "percent_covered_display": "0", "missing_lines": 4, "excluded_lines": 0}, "missing_lines": [209, 216, 219, 220], "excluded_lines": []}, "TestDryRunExecution.test_dry_run_mode": {"executed_lines": [], "summary": {"covered_lines": 0, "num_statements": 4, "percent_covered": 0.0, "percent_covered_display": "0", "missing_lines": 4, "excluded_lines": 0}, "missing_lines": [228, 235, 238, 239], "excluded_lines": []}, "TestDryRunExecution.test_dry_run_no_docker_commands": {"executed_lines": [], "summary": {"covered_lines": 0, "num_statements": 3, "percent_covered": 0.0, "percent_covered_display": "0", "missing_lines": 3, "excluded_lines": 0}, "missing_lines": [243, 252, 253], "excluded_lines": []}, "TestDryRunExecution.test_dry_run_shows_planned_actions": {"executed_lines": [], "summary": {"covered_lines": 0, "num_statements": 4, "percent_covered": 0.0, "percent_covered_display": "0", "missing_lines": 4, "excluded_lines": 0}, "missing_lines": [257, 264, 267, 268], "excluded_lines": []}, "TestBackupSimulation.test_backup_directory_creation": {"executed_lines": [], "summary": {"covered_lines": 0, "num_statements": 4, "percent_covered": 0.0, "percent_covered_display": "0", "missing_lines": 4, "excluded_lines": 0}, "missing_lines": [276, 278, 286, 287], "excluded_lines": []}, "TestBackupSimulation.test_backup_includes_compose_file": {"executed_lines": [], "summary": {"covered_lines": 0, "num_statements": 5, "percent_covered": 0.0, "percent_covered_display": "0", "missing_lines": 5, "excluded_lines": 0}, "missing_lines": [291, 298, 301, 302, 304], "excluded_lines": []}, "TestRollbackLogic.test_rollback_on_failure_simulation": {"executed_lines": [], "summary": {"covered_lines": 0, "num_statements": 5, "percent_covered": 0.0, "percent_covered_display": "0", "missing_lines": 5, "excluded_lines": 0}, "missing_lines": [312, 319, 322, 323, 325], "excluded_lines": []}, "TestRollbackLogic.test_cleanup_on_error": {"executed_lines": [], "summary": {"covered_lines": 0, "num_statements": 3, "percent_covered": 0.0, "percent_covered_display": "0", "missing_lines": 3, "excluded_lines": 0}, "missing_lines": [329, 337, 338], "excluded_lines": []}, "TestInstallerSummary.test_installer_summary": {"executed_lines": [], "summary": {"covered_lines": 0, "num_statements": 16, "percent_covered": 0.0, "percent_covered_display": "0", "missing_lines": 16, "excluded_lines": 0}, "missing_lines": [346, 347, 348, 349, 350, 351, 352, 353, 354, 355, 356, 357, 358, 359, 360, 361], "excluded_lines": []}, "": {"executed_lines": [], "summary": {"covered_lines": 0, "num_statements": 36, "percent_covered": 0.0, "percent_covered_display": "0", "missing_lines": 36, "excluded_lines": 0}, "missing_lines": [16, 17, 18, 19, 20, 22, 25, 28, 33, 44, 52, 55, 77, 93, 99, 102, 120, 137, 152, 167, 170, 183, 195, 207, 223, 226, 241, 255, 271, 274, 289, 307, 310, 327, 341, 344], "excluded_lines": []}}, "classes": {"TestInstallerExecution": {"executed_lines": [], "summary": {"covered_lines": 0, "num_statements": 13, "percent_covered": 0.0, "percent_covered_display": "0", "missing_lines": 13, "excluded_lines": 0}, "missing_lines": [30, 31, 35, 36, 37, 38, 39, 41, 42, 46, 47, 48, 49], "excluded_lines": []}, "TestOSDetection": {"executed_lines": [], "summary": {"covered_lines": 0, "num_statements": 17, "percent_covered": 0.0, "percent_covered_display": "0", "missing_lines": 17, "excluded_lines": 0}, "missing_lines": [57, 64, 65, 68, 69, 70, 71, 72, 73, 75, 79, 80, 82, 89, 90, 91, 96], "excluded_lines": []}, "TestDependencyVerification": {"executed_lines": [], "summary": {"covered_lines": 0, "num_statements": 20, "percent_covered": 0.0, "percent_covered_display": "0", "missing_lines": 20, "excluded_lines": 0}, "missing_lines": [104, 111, 113, 114, 115, 117, 118, 122, 129, 131, 132, 133, 135, 139, 146, 149, 150, 154, 161, 164], "excluded_lines": []}, "TestPortAvailability": {"executed_lines": [], "summary": {"covered_lines": 0, "num_statements": 13, "percent_covered": 0.0, "percent_covered_display": "0", "missing_lines": 13, "excluded_lines": 0}, "missing_lines": [172, 180, 181, 185, 192, 193, 197, 204, 205, 209, 216, 219, 220], "excluded_lines": []}, "TestDryRunExecution": {"executed_lines": [], "summary": {"covered_lines": 0, "num_statements": 11, "percent_covered": 0.0, "percent_covered_display": "0", "missing_lines": 11, "excluded_lines": 0}, "missing_lines": [228, 235, 238, 239, 243, 252, 253, 257, 264, 267, 268], "excluded_lines": []}, "TestBackupSimulation": {"executed_lines": [], "summary": {"covered_lines": 0, "num_statements": 9, "percent_covered": 0.0, "percent_covered_display": "0", "missing_lines": 9, "excluded_lines": 0}, "missing_lines": [276, 278, 286, 287, 291, 298, 301, 302, 304], "excluded_lines": []}, "TestRollbackLogic": {"executed_lines": [], "summary": {"covered_lines": 0, "num_statements": 8, "percent_covered": 0.0, "percent_covered_display": "0", "missing_lines": 8, "excluded_lines": 0}, "missing_lines": [312, 319, 322, 323, 325, 329, 337, 338], "excluded_lines": []}, "TestInstallerSummary": {"executed_lines": [], "summary": {"covered_lines": 0, "num_statements": 16, "percent_covered": 0.0, "percent_covered_display": "0", "missing_lines": 16, "excluded_lines": 0}, "missing_lines": [346, 347, 348, 349, 350, 351, 352, 353, 354, 355, 356, 357, 358, 359, 360, 361], "excluded_lines": []}, "": {"executed_lines": [], "summary": {"covered_lines": 0, "num_statements": 36, "percent_covered": 0.0, "percent_covered_display": "0", "missing_lines": 36, "excluded_lines": 0}, "missing_lines": [16, 17, 18, 19, 20, 22, 25, 28, 33, 44, 52, 55, 77, 93, 99, 102, 120, 137, 152, 167, 170, 183, 195, 207, 223, 226, 241, 255, 271, 274, 289, 307, 310, 327, 341, 344], "excluded_lines": []}}}, "test_license_monitor.py": {"executed_lines": [], "summary": {"covered_lines": 0, "num_statements": 169, "percent_covered": 0.0, "percent_covered_display": "0", "missing_lines": 169, "excluded_lines": 0}, "missing_lines": [16, 17, 18, 19, 20, 21, 22, 24, 27, 30, 32, 33, 35, 37, 38, 39, 40, 42, 44, 45, 46, 49, 52, 55, 56, 59, 67, 68, 69, 71, 75, 81, 82, 83, 84, 86, 88, 91, 99, 100, 103, 106, 110, 111, 113, 114, 116, 123, 125, 126, 128, 132, 133, 135, 136, 138, 146, 147, 148, 150, 154, 155, 157, 158, 160, 167, 168, 169, 171, 175, 176, 178, 179, 181, 188, 189, 190, 193, 196, 199, 200, 202, 203, 206, 213, 215, 216, 218, 221, 222, 224, 225, 227, 234, 236, 237, 239, 242, 243, 245, 246, 248, 255, 257, 258, 261, 264, 267, 268, 270, 272, 281, 282, 285, 286, 287, 289, 292, 293, 295, 296, 298, 301, 302, 310, 311, 312, 315, 318, 321, 322, 324, 325, 327, 329, 330, 331, 338, 340, 343, 346, 349, 358, 359, 361, 369, 370, 372, 374, 382, 383, 386, 389, 391, 392, 393, 394, 395, 396, 397, 398, 399, 400, 401, 402, 403, 404, 405, 406], "excluded_lines": [], "functions": {"TestMonitorExecution.test_monitor_script_exists": {"executed_lines": [], "summary": {"covered_lines": 0, "num_statements": 2, "percent_covered": 0.0, "percent_covered_display": "0", "missing_lines": 2, "excluded_lines": 0}, "missing_lines": [32, 33], "excluded_lines": []}, "TestMonitorExecution.test_monitor_is_python_file": {"executed_lines": [], "summary": {"covered_lines": 0, "num_statements": 4, "percent_covered": 0.0, "percent_covered_display": "0", "missing_lines": 4, "excluded_lines": 0}, "missing_lines": [37, 38, 39, 40], "excluded_lines": []}, "TestMonitorExecution.test_monitor_has_main_loop": {"executed_lines": [], "summary": {"covered_lines": 0, "num_statements": 3, "percent_covered": 0.0, "percent_covered_display": "0", "missing_lines": 3, "excluded_lines": 0}, "missing_lines": [44, 45, 46], "excluded_lines": []}, "TestLicenseDetection.test_detect_license_in_current_dir": {"executed_lines": [], "summary": {"covered_lines": 0, "num_statements": 6, "percent_covered": 0.0, "percent_covered_display": "0", "missing_lines": 6, "excluded_lines": 0}, "missing_lines": [55, 56, 59, 67, 68, 69], "excluded_lines": []}, "TestLicenseDetection.test_search_multiple_paths": {"executed_lines": [], "summary": {"covered_lines": 0, "num_statements": 6, "percent_covered": 0.0, "percent_covered_display": "0", "missing_lines": 6, "excluded_lines": 0}, "missing_lines": [75, 81, 82, 83, 84, 86], "excluded_lines": []}, "TestLicenseDetection.test_handle_no_license_found": {"executed_lines": [], "summary": {"covered_lines": 0, "num_statements": 3, "percent_covered": 0.0, "percent_covered_display": "0", "missing_lines": 3, "excluded_lines": 0}, "missing_lines": [91, 99, 100], "excluded_lines": []}, "TestExpirationCalculation.test_calculate_days_remaining": {"executed_lines": [], "summary": {"covered_lines": 0, "num_statements": 8, "percent_covered": 0.0, "percent_covered_display": "0", "missing_lines": 8, "excluded_lines": 0}, "missing_lines": [110, 111, 113, 114, 116, 123, 125, 126], "excluded_lines": []}, "TestExpirationCalculation.test_detect_10_days_threshold": {"executed_lines": [], "summary": {"covered_lines": 0, "num_statements": 8, "percent_covered": 0.0, "percent_covered_display": "0", "missing_lines": 8, "excluded_lines": 0}, "missing_lines": [132, 133, 135, 136, 138, 146, 147, 148], "excluded_lines": []}, "TestExpirationCalculation.test_detect_3_days_threshold": {"executed_lines": [], "summary": {"covered_lines": 0, "num_statements": 8, "percent_covered": 0.0, "percent_covered_display": "0", "missing_lines": 8, "excluded_lines": 0}, "missing_lines": [154, 155, 157, 158, 160, 167, 168, 169], "excluded_lines": []}, "TestExpirationCalculation.test_detect_1_day_threshold": {"executed_lines": [], "summary": {"covered_lines": 0, "num_statements": 8, "percent_covered": 0.0, "percent_covered_display": "0", "missing_lines": 8, "excluded_lines": 0}, "missing_lines": [175, 176, 178, 179, 181, 188, 189, 190], "excluded_lines": []}, "TestEmailTemplateGeneration.test_generate_warning_email_10days": {"executed_lines": [], "summary": {"covered_lines": 0, "num_statements": 8, "percent_covered": 0.0, "percent_covered_display": "0", "missing_lines": 8, "excluded_lines": 0}, "missing_lines": [199, 200, 202, 203, 206, 213, 215, 216], "excluded_lines": []}, "TestEmailTemplateGeneration.test_generate_urgent_email_3days": {"executed_lines": [], "summary": {"covered_lines": 0, "num_statements": 8, "percent_covered": 0.0, "percent_covered_display": "0", "missing_lines": 8, "excluded_lines": 0}, "missing_lines": [221, 222, 224, 225, 227, 234, 236, 237], "excluded_lines": []}, "TestEmailTemplateGeneration.test_generate_critical_email_1day": {"executed_lines": [], "summary": {"covered_lines": 0, "num_statements": 8, "percent_covered": 0.0, "percent_covered_display": "0", "missing_lines": 8, "excluded_lines": 0}, "missing_lines": [242, 243, 245, 246, 248, 255, 257, 258], "excluded_lines": []}, "TestPersistentState.test_create_state_file": {"executed_lines": [], "summary": {"covered_lines": 0, "num_statements": 9, "percent_covered": 0.0, "percent_covered_display": "0", "missing_lines": 9, "excluded_lines": 0}, "missing_lines": [267, 268, 270, 272, 281, 282, 285, 286, 287], "excluded_lines": []}, "TestPersistentState.test_update_state_on_alert_sent": {"executed_lines": [], "summary": {"covered_lines": 0, "num_statements": 10, "percent_covered": 0.0, "percent_covered_display": "0", "missing_lines": 10, "excluded_lines": 0}, "missing_lines": [292, 293, 295, 296, 298, 301, 302, 310, 311, 312], "excluded_lines": []}, "TestAlertDeduplication.test_no_duplicate_alerts_same_day": {"executed_lines": [], "summary": {"covered_lines": 0, "num_statements": 10, "percent_covered": 0.0, "percent_covered_display": "0", "missing_lines": 10, "excluded_lines": 0}, "missing_lines": [321, 322, 324, 325, 327, 329, 330, 331, 338, 340], "excluded_lines": []}, "TestSMTPConfiguration.test_load_smtp_config": {"executed_lines": [], "summary": {"covered_lines": 0, "num_statements": 6, "percent_covered": 0.0, "percent_covered_display": "0", "missing_lines": 6, "excluded_lines": 0}, "missing_lines": [349, 358, 359, 361, 369, 370], "excluded_lines": []}, "TestSMTPConfiguration.test_handle_missing_smtp_config": {"executed_lines": [], "summary": {"covered_lines": 0, "num_statements": 3, "percent_covered": 0.0, "percent_covered_display": "0", "missing_lines": 3, "excluded_lines": 0}, "missing_lines": [374, 382, 383], "excluded_lines": []}, "TestMonitorSummary.test_monitor_summary": {"executed_lines": [], "summary": {"covered_lines": 0, "num_statements": 16, "percent_covered": 0.0, "percent_covered_display": "0", "missing_lines": 16, "excluded_lines": 0}, "missing_lines": [391, 392, 393, 394, 395, 396, 397, 398, 399, 400, 401, 402, 403, 404, 405, 406], "excluded_lines": []}, "": {"executed_lines": [], "summary": {"covered_lines": 0, "num_statements": 35, "percent_covered": 0.0, "percent_covered_display": "0", "missing_lines": 35, "excluded_lines": 0}, "missing_lines": [16, 17, 18, 19, 20, 21, 22, 24, 27, 30, 35, 42, 49, 52, 71, 88, 103, 106, 128, 150, 171, 193, 196, 218, 239, 261, 264, 289, 315, 318, 343, 346, 372, 386, 389], "excluded_lines": []}}, "classes": {"TestMonitorExecution": {"executed_lines": [], "summary": {"covered_lines": 0, "num_statements": 9, "percent_covered": 0.0, "percent_covered_display": "0", "missing_lines": 9, "excluded_lines": 0}, "missing_lines": [32, 33, 37, 38, 39, 40, 44, 45, 46], "excluded_lines": []}, "TestLicenseDetection": {"executed_lines": [], "summary": {"covered_lines": 0, "num_statements": 15, "percent_covered": 0.0, "percent_covered_display": "0", "missing_lines": 15, "excluded_lines": 0}, "missing_lines": [55, 56, 59, 67, 68, 69, 75, 81, 82, 83, 84, 86, 91, 99, 100], "excluded_lines": []}, "TestExpirationCalculation": {"executed_lines": [], "summary": {"covered_lines": 0, "num_statements": 32, "percent_covered": 0.0, "percent_covered_display": "0", "missing_lines": 32, "excluded_lines": 0}, "missing_lines": [110, 111, 113, 114, 116, 123, 125, 126, 132, 133, 135, 136, 138, 146, 147, 148, 154, 155, 157, 158, 160, 167, 168, 169, 175, 176, 178, 179, 181, 188, 189, 190], "excluded_lines": []}, "TestEmailTemplateGeneration": {"executed_lines": [], "summary": {"covered_lines": 0, "num_statements": 24, "percent_covered": 0.0, "percent_covered_display": "0", "missing_lines": 24, "excluded_lines": 0}, "missing_lines": [199, 200, 202, 203, 206, 213, 215, 216, 221, 222, 224, 225, 227, 234, 236, 237, 242, 243, 245, 246, 248, 255, 257, 258], "excluded_lines": []}, "TestPersistentState": {"executed_lines": [], "summary": {"covered_lines": 0, "num_statements": 19, "percent_covered": 0.0, "percent_covered_display": "0", "missing_lines": 19, "excluded_lines": 0}, "missing_lines": [267, 268, 270, 272, 281, 282, 285, 286, 287, 292, 293, 295, 296, 298, 301, 302, 310, 311, 312], "excluded_lines": []}, "TestAlertDeduplication": {"executed_lines": [], "summary": {"covered_lines": 0, "num_statements": 10, "percent_covered": 0.0, "percent_covered_display": "0", "missing_lines": 10, "excluded_lines": 0}, "missing_lines": [321, 322, 324, 325, 327, 329, 330, 331, 338, 340], "excluded_lines": []}, "TestSMTPConfiguration": {"executed_lines": [], "summary": {"covered_lines": 0, "num_statements": 9, "percent_covered": 0.0, "percent_covered_display": "0", "missing_lines": 9, "excluded_lines": 0}, "missing_lines": [349, 358, 359, 361, 369, 370, 374, 382, 383], "excluded_lines": []}, "TestMonitorSummary": {"executed_lines": [], "summary": {"covered_lines": 0, "num_statements": 16, "percent_covered": 0.0, "percent_covered_display": "0", "missing_lines": 16, "excluded_lines": 0}, "missing_lines": [391, 392, 393, 394, 395, 396, 397, 398, 399, 400, 401, 402, 403, 404, 405, 406], "excluded_lines": []}, "": {"executed_lines": [], "summary": {"covered_lines": 0, "num_statements": 35, "percent_covered": 0.0, "percent_covered_display": "0", "missing_lines": 35, "excluded_lines": 0}, "missing_lines": [16, 17, 18, 19, 20, 21, 22, 24, 27, 30, 35, 42, 49, 52, 71, 88, 103, 106, 128, 150, 171, 193, 196, 218, 239, 261, 264, 289, 315, 318, 343, 346, 372, 386, 389], "excluded_lines": []}}}, "test_messaging_connectors.py": {"executed_lines": [], "summary": {"covered_lines": 0, "num_statements": 179, "percent_covered": 0.0, "percent_covered_display": "0", "missing_lines": 179, "excluded_lines": 0}, "missing_lines": [13, 14, 15, 16, 19, 20, 21, 23, 24, 25, 32, 35, 36, 38, 40, 50, 60, 65, 67, 68, 69, 71, 72, 73, 75, 76, 77, 81, 83, 86, 87, 88, 89, 90, 91, 92, 94, 95, 97, 99, 108, 109, 110, 112, 113, 116, 118, 121, 122, 123, 125, 126, 128, 130, 139, 142, 143, 144, 145, 152, 155, 156, 158, 160, 170, 171, 172, 173, 175, 176, 177, 179, 180, 181, 182, 183, 185, 186, 189, 190, 191, 192, 193, 194, 195, 197, 198, 200, 202, 207, 208, 211, 212, 213, 215, 216, 218, 220, 228, 231, 232, 233, 240, 243, 244, 246, 248, 261, 262, 263, 265, 266, 267, 268, 269, 271, 272, 273, 275, 278, 279, 280, 281, 282, 283, 284, 286, 287, 289, 291, 297, 298, 301, 302, 303, 305, 306, 308, 310, 316, 319, 320, 321, 322, 329, 332, 333, 335, 341, 343, 349, 351, 352, 353, 355, 357, 363, 364, 365, 366, 373, 376, 377, 379, 381, 388, 389, 390, 391, 398, 399, 402, 404, 405, 406, 409, 410, 417, 418], "excluded_lines": [], "functions": {"TestRabbitMQConnector.test_rabbitmq_successful_connection": {"executed_lines": [], "summary": {"covered_lines": 0, "num_statements": 23, "percent_covered": 0.0, "percent_covered_display": "0", "missing_lines": 23, "excluded_lines": 0}, "missing_lines": [38, 40, 50, 60, 65, 67, 68, 69, 71, 72, 73, 75, 76, 77, 81, 83, 86, 87, 88, 89, 90, 91, 92], "excluded_lines": []}, "TestRabbitMQConnector.test_rabbitmq_authentication_failed": {"executed_lines": [], "summary": {"covered_lines": 0, "num_statements": 12, "percent_covered": 0.0, "percent_covered_display": "0", "missing_lines": 12, "excluded_lines": 0}, "missing_lines": [97, 99, 108, 109, 110, 112, 113, 116, 118, 121, 122, 123], "excluded_lines": []}, "TestRabbitMQConnector.test_rabbitmq_cloud_endpoint_rejection": {"executed_lines": [], "summary": {"covered_lines": 0, "num_statements": 7, "percent_covered": 0.0, "percent_covered_display": "0", "missing_lines": 7, "excluded_lines": 0}, "missing_lines": [128, 130, 139, 142, 143, 144, 145], "excluded_lines": []}, "TestKafkaConnector.test_kafka_successful_connection": {"executed_lines": [], "summary": {"covered_lines": 0, "num_statements": 23, "percent_covered": 0.0, "percent_covered_display": "0", "missing_lines": 23, "excluded_lines": 0}, "missing_lines": [158, 160, 170, 171, 172, 173, 175, 176, 177, 179, 180, 181, 182, 183, 185, 186, 189, 190, 191, 192, 193, 194, 195], "excluded_lines": []}, "TestKafkaConnector.test_kafka_no_brokers_available": {"executed_lines": [], "summary": {"covered_lines": 0, "num_statements": 7, "percent_covered": 0.0, "percent_covered_display": "0", "missing_lines": 7, "excluded_lines": 0}, "missing_lines": [200, 202, 207, 208, 211, 212, 213], "excluded_lines": []}, "TestKafkaConnector.test_kafka_cloud_endpoint_rejection": {"executed_lines": [], "summary": {"covered_lines": 0, "num_statements": 6, "percent_covered": 0.0, "percent_covered_display": "0", "missing_lines": 6, "excluded_lines": 0}, "missing_lines": [218, 220, 228, 231, 232, 233], "excluded_lines": []}, "TestMQTTConnector.test_mqtt_successful_connection": {"executed_lines": [], "summary": {"covered_lines": 0, "num_statements": 21, "percent_covered": 0.0, "percent_covered_display": "0", "missing_lines": 21, "excluded_lines": 0}, "missing_lines": [246, 248, 261, 262, 263, 265, 266, 267, 268, 269, 271, 272, 273, 275, 278, 279, 280, 281, 282, 283, 284], "excluded_lines": []}, "TestMQTTConnector.test_mqtt_connection_refused": {"executed_lines": [], "summary": {"covered_lines": 0, "num_statements": 7, "percent_covered": 0.0, "percent_covered_display": "0", "missing_lines": 7, "excluded_lines": 0}, "missing_lines": [289, 291, 297, 298, 301, 302, 303], "excluded_lines": []}, "TestMQTTConnector.test_mqtt_public_broker_rejection": {"executed_lines": [], "summary": {"covered_lines": 0, "num_statements": 7, "percent_covered": 0.0, "percent_covered_display": "0", "missing_lines": 7, "excluded_lines": 0}, "missing_lines": [308, 310, 316, 319, 320, 321, 322], "excluded_lines": []}, "TestMessagingIntegration.test_all_connectors_timeout_handling": {"executed_lines": [], "summary": {"covered_lines": 0, "num_statements": 7, "percent_covered": 0.0, "percent_covered_display": "0", "missing_lines": 7, "excluded_lines": 0}, "missing_lines": [335, 341, 343, 349, 351, 352, 353], "excluded_lines": []}, "TestMessagingIntegration.test_all_connectors_have_version": {"executed_lines": [], "summary": {"covered_lines": 0, "num_statements": 5, "percent_covered": 0.0, "percent_covered_display": "0", "missing_lines": 5, "excluded_lines": 0}, "missing_lines": [357, 363, 364, 365, 366], "excluded_lines": []}, "TestMessagingPerformance.test_connection_test_duration_under_threshold": {"executed_lines": [], "summary": {"covered_lines": 0, "num_statements": 14, "percent_covered": 0.0, "percent_covered_display": "0", "missing_lines": 14, "excluded_lines": 0}, "missing_lines": [379, 381, 388, 389, 390, 391, 398, 399, 402, 404, 405, 406, 409, 410], "excluded_lines": []}, "": {"executed_lines": [], "summary": {"covered_lines": 0, "num_statements": 40, "percent_covered": 0.0, "percent_covered_display": "0", "missing_lines": 40, "excluded_lines": 0}, "missing_lines": [13, 14, 15, 16, 19, 20, 21, 23, 24, 25, 32, 35, 36, 94, 95, 125, 126, 152, 155, 156, 197, 198, 215, 216, 240, 243, 244, 286, 287, 305, 306, 329, 332, 333, 355, 373, 376, 377, 417, 418], "excluded_lines": []}}, "classes": {"TestRabbitMQConnector": {"executed_lines": [], "summary": {"covered_lines": 0, "num_statements": 42, "percent_covered": 0.0, "percent_covered_display": "0", "missing_lines": 42, "excluded_lines": 0}, "missing_lines": [38, 40, 50, 60, 65, 67, 68, 69, 71, 72, 73, 75, 76, 77, 81, 83, 86, 87, 88, 89, 90, 91, 92, 97, 99, 108, 109, 110, 112, 113, 116, 118, 121, 122, 123, 128, 130, 139, 142, 143, 144, 145], "excluded_lines": []}, "TestKafkaConnector": {"executed_lines": [], "summary": {"covered_lines": 0, "num_statements": 36, "percent_covered": 0.0, "percent_covered_display": "0", "missing_lines": 36, "excluded_lines": 0}, "missing_lines": [158, 160, 170, 171, 172, 173, 175, 176, 177, 179, 180, 181, 182, 183, 185, 186, 189, 190, 191, 192, 193, 194, 195, 200, 202, 207, 208, 211, 212, 213, 218, 220, 228, 231, 232, 233], "excluded_lines": []}, "TestMQTTConnector": {"executed_lines": [], "summary": {"covered_lines": 0, "num_statements": 35, "percent_covered": 0.0, "percent_covered_display": "0", "missing_lines": 35, "excluded_lines": 0}, "missing_lines": [246, 248, 261, 262, 263, 265, 266, 267, 268, 269, 271, 272, 273, 275, 278, 279, 280, 281, 282, 283, 284, 289, 291, 297, 298, 301, 302, 303, 308, 310, 316, 319, 320, 321, 322], "excluded_lines": []}, "TestMessagingIntegration": {"executed_lines": [], "summary": {"covered_lines": 0, "num_statements": 12, "percent_covered": 0.0, "percent_covered_display": "0", "missing_lines": 12, "excluded_lines": 0}, "missing_lines": [335, 341, 343, 349, 351, 352, 353, 357, 363, 364, 365, 366], "excluded_lines": []}, "TestMessagingPerformance": {"executed_lines": [], "summary": {"covered_lines": 0, "num_statements": 14, "percent_covered": 0.0, "percent_covered_display": "0", "missing_lines": 14, "excluded_lines": 0}, "missing_lines": [379, 381, 388, 389, 390, 391, 398, 399, 402, 404, 405, 406, 409, 410], "excluded_lines": []}, "": {"executed_lines": [], "summary": {"covered_lines": 0, "num_statements": 40, "percent_covered": 0.0, "percent_covered_display": "0", "missing_lines": 40, "excluded_lines": 0}, "missing_lines": [13, 14, 15, 16, 19, 20, 21, 23, 24, 25, 32, 35, 36, 94, 95, 125, 126, 152, 155, 156, 197, 198, 215, 216, 240, 243, 244, 286, 287, 305, 306, 329, 332, 333, 355, 373, 376, 377, 417, 418], "excluded_lines": []}}}, "test_validator_offline.py": {"executed_lines": [], "summary": {"covered_lines": 0, "num_statements": 192, "percent_covered": 0.0, "percent_covered_display": "0", "missing_lines": 192, "excluded_lines": 0}, "missing_lines": [17, 18, 19, 20, 21, 22, 24, 27, 30, 32, 33, 35, 37, 38, 39, 41, 43, 44, 45, 48, 51, 53, 60, 61, 62, 65, 66, 68, 70, 77, 80, 81, 82, 84, 86, 90, 99, 100, 102, 109, 110, 113, 116, 119, 120, 122, 130, 132, 133, 135, 137, 141, 142, 144, 145, 147, 154, 155, 157, 161, 162, 164, 165, 167, 175, 176, 179, 182, 186, 188, 189, 191, 199, 201, 202, 204, 206, 210, 212, 213, 215, 222, 223, 226, 229, 233, 234, 236, 237, 239, 246, 248, 249, 251, 253, 257, 258, 260, 261, 263, 270, 271, 273, 276, 278, 279, 281, 288, 289, 292, 295, 298, 300, 301, 303, 310, 311, 313, 316, 318, 319, 321, 328, 329, 331, 334, 336, 337, 339, 346, 347, 350, 353, 355, 356, 358, 365, 366, 368, 370, 371, 373, 380, 381, 383, 385, 386, 388, 395, 396, 399, 402, 405, 407, 408, 410, 418, 419, 421, 424, 425, 427, 428, 430, 438, 439, 441, 443, 445, 446, 452, 455, 456, 459, 462, 464, 465, 466, 467, 468, 469, 470, 471, 472, 473, 474, 475, 476, 477, 478, 479, 480], "excluded_lines": [], "functions": {"TestValidatorExecution.test_validator_script_exists": {"executed_lines": [], "summary": {"covered_lines": 0, "num_statements": 2, "percent_covered": 0.0, "percent_covered_display": "0", "missing_lines": 2, "excluded_lines": 0}, "missing_lines": [32, 33], "excluded_lines": []}, "TestValidatorExecution.test_validator_is_python_file": {"executed_lines": [], "summary": {"covered_lines": 0, "num_statements": 3, "percent_covered": 0.0, "percent_covered_display": "0", "missing_lines": 3, "excluded_lines": 0}, "missing_lines": [37, 38, 39], "excluded_lines": []}, "TestValidatorExecution.test_validator_has_main_function": {"executed_lines": [], "summary": {"covered_lines": 0, "num_statements": 3, "percent_covered": 0.0, "percent_covered_display": "0", "missing_lines": 3, "excluded_lines": 0}, "missing_lines": [43, 44, 45], "excluded_lines": []}, "TestValidLicenseValidation.test_validate_valid_license": {"executed_lines": [], "summary": {"covered_lines": 0, "num_statements": 6, "percent_covered": 0.0, "percent_covered_display": "0", "missing_lines": 6, "excluded_lines": 0}, "missing_lines": [53, 60, 61, 62, 65, 66], "excluded_lines": []}, "TestValidLicenseValidation.test_extract_license_info": {"executed_lines": [], "summary": {"covered_lines": 0, "num_statements": 6, "percent_covered": 0.0, "percent_covered_display": "0", "missing_lines": 6, "excluded_lines": 0}, "missing_lines": [70, 77, 80, 81, 82, 84], "excluded_lines": []}, "TestValidLicenseValidation.test_validate_license_with_features": {"executed_lines": [], "summary": {"covered_lines": 0, "num_statements": 6, "percent_covered": 0.0, "percent_covered_display": "0", "missing_lines": 6, "excluded_lines": 0}, "missing_lines": [90, 99, 100, 102, 109, 110], "excluded_lines": []}, "TestExpiredLicenseRejection.test_reject_expired_license": {"executed_lines": [], "summary": {"covered_lines": 0, "num_statements": 7, "percent_covered": 0.0, "percent_covered_display": "0", "missing_lines": 7, "excluded_lines": 0}, "missing_lines": [119, 120, 122, 130, 132, 133, 135], "excluded_lines": []}, "TestExpiredLicenseRejection.test_expired_by_one_day": {"executed_lines": [], "summary": {"covered_lines": 0, "num_statements": 7, "percent_covered": 0.0, "percent_covered_display": "0", "missing_lines": 7, "excluded_lines": 0}, "missing_lines": [141, 142, 144, 145, 147, 154, 155], "excluded_lines": []}, "TestExpiredLicenseRejection.test_expires_today": {"executed_lines": [], "summary": {"covered_lines": 0, "num_statements": 7, "percent_covered": 0.0, "percent_covered_display": "0", "missing_lines": 7, "excluded_lines": 0}, "missing_lines": [161, 162, 164, 165, 167, 175, 176], "excluded_lines": []}, "TestHWIDMismatch.test_reject_incorrect_hwid": {"executed_lines": [], "summary": {"covered_lines": 0, "num_statements": 8, "percent_covered": 0.0, "percent_covered_display": "0", "missing_lines": 8, "excluded_lines": 0}, "missing_lines": [186, 188, 189, 191, 199, 201, 202, 204], "excluded_lines": []}, "TestHWIDMismatch.test_reject_different_hwid_format": {"executed_lines": [], "summary": {"covered_lines": 0, "num_statements": 6, "percent_covered": 0.0, "percent_covered_display": "0", "missing_lines": 6, "excluded_lines": 0}, "missing_lines": [210, 212, 213, 215, 222, 223], "excluded_lines": []}, "TestCorruptedSignature.test_reject_corrupted_signature": {"executed_lines": [], "summary": {"covered_lines": 0, "num_statements": 9, "percent_covered": 0.0, "percent_covered_display": "0", "missing_lines": 9, "excluded_lines": 0}, "missing_lines": [233, 234, 236, 237, 239, 246, 248, 249, 251], "excluded_lines": []}, "TestCorruptedSignature.test_reject_missing_signature": {"executed_lines": [], "summary": {"covered_lines": 0, "num_statements": 7, "percent_covered": 0.0, "percent_covered_display": "0", "missing_lines": 7, "excluded_lines": 0}, "missing_lines": [257, 258, 260, 261, 263, 270, 271], "excluded_lines": []}, "TestCorruptedSignature.test_reject_empty_signature": {"executed_lines": [], "summary": {"covered_lines": 0, "num_statements": 6, "percent_covered": 0.0, "percent_covered_display": "0", "missing_lines": 6, "excluded_lines": 0}, "missing_lines": [276, 278, 279, 281, 288, 289], "excluded_lines": []}, "TestMissingFields.test_reject_missing_customer": {"executed_lines": [], "summary": {"covered_lines": 0, "num_statements": 6, "percent_covered": 0.0, "percent_covered_display": "0", "missing_lines": 6, "excluded_lines": 0}, "missing_lines": [298, 300, 301, 303, 310, 311], "excluded_lines": []}, "TestMissingFields.test_reject_missing_expires": {"executed_lines": [], "summary": {"covered_lines": 0, "num_statements": 6, "percent_covered": 0.0, "percent_covered_display": "0", "missing_lines": 6, "excluded_lines": 0}, "missing_lines": [316, 318, 319, 321, 328, 329], "excluded_lines": []}, "TestMissingFields.test_reject_missing_hwid": {"executed_lines": [], "summary": {"covered_lines": 0, "num_statements": 6, "percent_covered": 0.0, "percent_covered_display": "0", "missing_lines": 6, "excluded_lines": 0}, "missing_lines": [334, 336, 337, 339, 346, 347], "excluded_lines": []}, "TestMalformedLicense.test_reject_invalid_json": {"executed_lines": [], "summary": {"covered_lines": 0, "num_statements": 5, "percent_covered": 0.0, "percent_covered_display": "0", "missing_lines": 5, "excluded_lines": 0}, "missing_lines": [355, 356, 358, 365, 366], "excluded_lines": []}, "TestMalformedLicense.test_reject_empty_file": {"executed_lines": [], "summary": {"covered_lines": 0, "num_statements": 5, "percent_covered": 0.0, "percent_covered_display": "0", "missing_lines": 5, "excluded_lines": 0}, "missing_lines": [370, 371, 373, 380, 381], "excluded_lines": []}, "TestMalformedLicense.test_reject_binary_garbage": {"executed_lines": [], "summary": {"covered_lines": 0, "num_statements": 5, "percent_covered": 0.0, "percent_covered_display": "0", "missing_lines": 5, "excluded_lines": 0}, "missing_lines": [385, 386, 388, 395, 396], "excluded_lines": []}, "TestEdgeCases.test_unicode_customer_name": {"executed_lines": [], "summary": {"covered_lines": 0, "num_statements": 6, "percent_covered": 0.0, "percent_covered_display": "0", "missing_lines": 6, "excluded_lines": 0}, "missing_lines": [405, 407, 408, 410, 418, 419], "excluded_lines": []}, "TestEdgeCases.test_future_expiration_date": {"executed_lines": [], "summary": {"covered_lines": 0, "num_statements": 7, "percent_covered": 0.0, "percent_covered_display": "0", "missing_lines": 7, "excluded_lines": 0}, "missing_lines": [424, 425, 427, 428, 430, 438, 439], "excluded_lines": []}, "TestEdgeCases.test_validator_performance": {"executed_lines": [], "summary": {"covered_lines": 0, "num_statements": 6, "percent_covered": 0.0, "percent_covered_display": "0", "missing_lines": 6, "excluded_lines": 0}, "missing_lines": [443, 445, 446, 452, 455, 456], "excluded_lines": []}, "TestValidatorSummary.test_validator_summary": {"executed_lines": [], "summary": {"covered_lines": 0, "num_statements": 17, "percent_covered": 0.0, "percent_covered_display": "0", "missing_lines": 17, "excluded_lines": 0}, "missing_lines": [464, 465, 466, 467, 468, 469, 470, 471, 472, 473, 474, 475, 476, 477, 478, 479, 480], "excluded_lines": []}, "": {"executed_lines": [], "summary": {"covered_lines": 0, "num_statements": 40, "percent_covered": 0.0, "percent_covered_display": "0", "missing_lines": 40, "excluded_lines": 0}, "missing_lines": [17, 18, 19, 20, 21, 22, 24, 27, 30, 35, 41, 48, 51, 68, 86, 113, 116, 137, 157, 179, 182, 206, 226, 229, 253, 273, 292, 295, 313, 331, 350, 353, 368, 383, 399, 402, 421, 441, 459, 462], "excluded_lines": []}}, "classes": {"TestValidatorExecution": {"executed_lines": [], "summary": {"covered_lines": 0, "num_statements": 8, "percent_covered": 0.0, "percent_covered_display": "0", "missing_lines": 8, "excluded_lines": 0}, "missing_lines": [32, 33, 37, 38, 39, 43, 44, 45], "excluded_lines": []}, "TestValidLicenseValidation": {"executed_lines": [], "summary": {"covered_lines": 0, "num_statements": 18, "percent_covered": 0.0, "percent_covered_display": "0", "missing_lines": 18, "excluded_lines": 0}, "missing_lines": [53, 60, 61, 62, 65, 66, 70, 77, 80, 81, 82, 84, 90, 99, 100, 102, 109, 110], "excluded_lines": []}, "TestExpiredLicenseRejection": {"executed_lines": [], "summary": {"covered_lines": 0, "num_statements": 21, "percent_covered": 0.0, "percent_covered_display": "0", "missing_lines": 21, "excluded_lines": 0}, "missing_lines": [119, 120, 122, 130, 132, 133, 135, 141, 142, 144, 145, 147, 154, 155, 161, 162, 164, 165, 167, 175, 176], "excluded_lines": []}, "TestHWIDMismatch": {"executed_lines": [], "summary": {"covered_lines": 0, "num_statements": 14, "percent_covered": 0.0, "percent_covered_display": "0", "missing_lines": 14, "excluded_lines": 0}, "missing_lines": [186, 188, 189, 191, 199, 201, 202, 204, 210, 212, 213, 215, 222, 223], "excluded_lines": []}, "TestCorruptedSignature": {"executed_lines": [], "summary": {"covered_lines": 0, "num_statements": 22, "percent_covered": 0.0, "percent_covered_display": "0", "missing_lines": 22, "excluded_lines": 0}, "missing_lines": [233, 234, 236, 237, 239, 246, 248, 249, 251, 257, 258, 260, 261, 263, 270, 271, 276, 278, 279, 281, 288, 289], "excluded_lines": []}, "TestMissingFields": {"executed_lines": [], "summary": {"covered_lines": 0, "num_statements": 18, "percent_covered": 0.0, "percent_covered_display": "0", "missing_lines": 18, "excluded_lines": 0}, "missing_lines": [298, 300, 301, 303, 310, 311, 316, 318, 319, 321, 328, 329, 334, 336, 337, 339, 346, 347], "excluded_lines": []}, "TestMalformedLicense": {"executed_lines": [], "summary": {"covered_lines": 0, "num_statements": 15, "percent_covered": 0.0, "percent_covered_display": "0", "missing_lines": 15, "excluded_lines": 0}, "missing_lines": [355, 356, 358, 365, 366, 370, 371, 373, 380, 381, 385, 386, 388, 395, 396], "excluded_lines": []}, "TestEdgeCases": {"executed_lines": [], "summary": {"covered_lines": 0, "num_statements": 19, "percent_covered": 0.0, "percent_covered_display": "0", "missing_lines": 19, "excluded_lines": 0}, "missing_lines": [405, 407, 408, 410, 418, 419, 424, 425, 427, 428, 430, 438, 439, 443, 445, 446, 452, 455, 456], "excluded_lines": []}, "TestValidatorSummary": {"executed_lines": [], "summary": {"covered_lines": 0, "num_statements": 17, "percent_covered": 0.0, "percent_covered_display": "0", "missing_lines": 17, "excluded_lines": 0}, "missing_lines": [464, 465, 466, 467, 468, 469, 470, 471, 472, 473, 474, 475, 476, 477, 478, 479, 480], "excluded_lines": []}, "": {"executed_lines": [], "summary": {"covered_lines": 0, "num_statements": 40, "percent_covered": 0.0, "percent_covered_display": "0", "missing_lines": 40, "excluded_lines": 0}, "missing_lines": [17, 18, 19, 20, 21, 22, 24, 27, 30, 35, 41, 48, 51, 68, 86, 113, 116, 137, 157, 179, 182, 206, 226, 229, 253, 273, 292, 295, 313, 331, 350, 353, 368, 383, 399, 402, 421, 441, 459, 462], "excluded_lines": []}}}}, "totals": {"covered_lines": 329, "num_statements": 1713, "percent_covered": 19.20607122008173, "percent_covered_display": "19", "missing_lines": 1384, "excluded_lines": 0}}