<?xml version="1.0" encoding="utf-8"?><testsuites name="pytest tests"><testsuite name="pytest" errors="0" failures="0" skipped="0" tests="23" time="8.268" timestamp="2025-11-03T16:48:59.864075+01:00" hostname="LAPTOP-TAPV340J"><testcase classname="tests.test_dashboard_builder" name="test_root_health_check" time="0.080" /><testcase classname="tests.test_dashboard_builder" name="test_get_templates" time="0.023" /><testcase classname="tests.test_dashboard_builder" name="test_get_specific_template" time="0.014" /><testcase classname="tests.test_dashboard_builder" name="test_get_nonexistent_template" time="0.010" /><testcase classname="tests.test_dashboard_builder" name="test_create_dashboard" time="0.151" /><testcase classname="tests.test_dashboard_builder" name="test_create_dashboard_without_auth" time="0.012" /><testcase classname="tests.test_dashboard_builder" name="test_create_duplicate_dashboard" time="0.019" /><testcase classname="tests.test_dashboard_builder" name="test_create_dashboard_with_overwrite" time="0.022" /><testcase classname="tests.test_dashboard_builder" name="test_list_dashboards_empty" time="0.010" /><testcase classname="tests.test_dashboard_builder" name="test_list_dashboards" time="0.034" /><testcase classname="tests.test_dashboard_builder" name="test_list_dashboards_with_tag_filter" time="0.026" /><testcase classname="tests.test_dashboard_builder" name="test_list_dashboards_with_search" time="0.035" /><testcase classname="tests.test_dashboard_builder" name="test_get_dashboard" time="0.020" /><testcase classname="tests.test_dashboard_builder" name="test_get_nonexistent_dashboard" time="0.010" /><testcase classname="tests.test_dashboard_builder" name="test_update_dashboard" time="0.034" /><testcase classname="tests.test_dashboard_builder" name="test_update_nonexistent_dashboard" time="0.012" /><testcase classname="tests.test_dashboard_builder" name="test_delete_dashboard" time="0.039" /><testcase classname="tests.test_dashboard_builder" name="test_delete_nonexistent_dashboard" time="0.015" /><testcase classname="tests.test_dashboard_builder" name="test_export_dashboard" time="0.023" /><testcase classname="tests.test_dashboard_builder" name="test_export_nonexistent_dashboard" time="0.014" /><testcase classname="tests.test_dashboard_builder" name="test_generate_dashboard_id" time="0.002" /><testcase classname="tests.test_dashboard_builder" name="test_create_dashboard_performance" time="0.012" /><testcase classname="tests.test_dashboard_builder" name="test_list_dashboards_performance" time="0.916" /></testsuite></testsuites>