{"meta": {"format": 3, "version": "7.11.0", "timestamp": "2025-11-19T18:55:35.987744", "branch_coverage": false, "show_contexts": false}, "files": {"app\\__init__.py": {"executed_lines": [1, 6, 7], "summary": {"covered_lines": 2, "num_statements": 2, "percent_covered": 100.0, "percent_covered_display": "100", "missing_lines": 0, "excluded_lines": 0}, "missing_lines": [], "excluded_lines": [], "functions": {"": {"executed_lines": [1, 6, 7], "summary": {"covered_lines": 2, "num_statements": 2, "percent_covered": 100.0, "percent_covered_display": "100", "missing_lines": 0, "excluded_lines": 0}, "missing_lines": [], "excluded_lines": []}}, "classes": {"": {"executed_lines": [1, 6, 7], "summary": {"covered_lines": 2, "num_statements": 2, "percent_covered": 100.0, "percent_covered_display": "100", "missing_lines": 0, "excluded_lines": 0}, "missing_lines": [], "excluded_lines": []}}}, "app\\alert_builder.py": {"executed_lines": [1, 18, 19, 20, 21, 22, 23, 25, 28, 34, 40, 47, 48, 59, 66, 67, 70, 74, 80, 82, 83, 84, 88, 90, 91, 92, 100, 127, 129, 131, 137, 140, 143, 148, 155, 156, 160, 193, 194, 197, 204, 208, 209, 211, 223, 234, 236, 238, 239, 241, 261, 264, 268, 269, 270, 272, 274, 299, 300, 301, 303, 304, 305, 307, 309, 311, 317, 320, 322, 324, 332, 334, 336, 342, 354, 355, 356, 357, 360, 361, 364, 366, 367, 368, 369, 370, 371, 375, 377, 378, 381, 391, 395, 397, 410, 411, 412, 413, 414, 415, 416, 417, 419, 421, 443, 464, 467, 470, 471, 472], "summary": {"covered_lines": 108, "num_statements": 141, "percent_covered": 76.59574468085107, "percent_covered_display": "77", "missing_lines": 33, "excluded_lines": 0}, "missing_lines": [93, 94, 95, 96, 97, 98, 157, 205, 206, 213, 214, 215, 220, 221, 265, 372, 382, 383, 384, 385, 386, 387, 388, 392, 435, 436, 441, 453, 455, 456, 457, 458, 460], "excluded_lines": [], "functions": {"AlertBuilder.__init__": {"executed_lines": [66, 67, 70, 74, 80, 82, 83, 84], "summary": {"covered_lines": 8, "num_statements": 8, "percent_covered": 100.0, "percent_covered_display": "100", "missing_lines": 0, "excluded_lines": 0}, "missing_lines": [], "excluded_lines": []}, "AlertBuilder._load_mappings": {"executed_lines": [90, 91, 92], "summary": {"covered_lines": 3, "num_statements": 9, "percent_covered": 33.333333333333336, "percent_covered_display": "33", "missing_lines": 6, "excluded_lines": 0}, "missing_lines": [93, 94, 95, 96, 97, 98], "excluded_lines": []}, "AlertBuilder.build_alert": {"executed_lines": [127, 129, 131, 137, 140, 143, 148, 155, 156, 160, 193, 194, 197, 204, 208, 209, 211], "summary": {"covered_lines": 17, "num_statements": 25, "percent_covered": 68.0, "percent_covered_display": "68", "missing_lines": 8, "excluded_lines": 0}, "missing_lines": [157, 205, 206, 213, 214, 215, 220, 221], "excluded_lines": []}, "AlertBuilder._calculate_deviation": {"executed_lines": [234, 236, 238, 239], "summary": {"covered_lines": 4, "num_statements": 4, "percent_covered": 100.0, "percent_covered_display": "100", "missing_lines": 0, "excluded_lines": 0}, "missing_lines": [], "excluded_lines": []}, "AlertBuilder._generate_fingerprint": {"executed_lines": [261, 264, 268, 269, 270, 272], "summary": {"covered_lines": 6, "num_statements": 7, "percent_covered": 85.71428571428571, "percent_covered_display": "86", "missing_lines": 1, "excluded_lines": 0}, "missing_lines": [265], "excluded_lines": []}, "AlertBuilder._build_url": {"executed_lines": [299, 300, 301, 303, 304, 305, 307], "summary": {"covered_lines": 7, "num_statements": 7, "percent_covered": 100.0, "percent_covered_display": "100", "missing_lines": 0, "excluded_lines": 0}, "missing_lines": [], "excluded_lines": []}, "AlertBuilder._build_summary": {"executed_lines": [311, 317, 320, 322], "summary": {"covered_lines": 4, "num_statements": 4, "percent_covered": 100.0, "percent_covered_display": "100", "missing_lines": 0, "excluded_lines": 0}, "missing_lines": [], "excluded_lines": []}, "AlertBuilder._build_description": {"executed_lines": [332, 334, 336], "summary": {"covered_lines": 3, "num_statements": 3, "percent_covered": 100.0, "percent_covered_display": "100", "missing_lines": 0, "excluded_lines": 0}, "missing_lines": [], "excluded_lines": []}, "AlertBuilder._format_value": {"executed_lines": [354, 355, 356, 357, 360, 361, 364, 366, 367, 368, 369, 370, 371, 375, 377, 378, 381, 391, 395], "summary": {"covered_lines": 19, "num_statements": 28, "percent_covered": 67.85714285714286, "percent_covered_display": "68", "missing_lines": 9, "excluded_lines": 0}, "missing_lines": [372, 382, 383, 384, 385, 386, 387, 388, 392], "excluded_lines": []}, "AlertBuilder._calculate_confidence": {"executed_lines": [410, 411, 412, 413, 414, 415, 416, 417, 419], "summary": {"covered_lines": 9, "num_statements": 9, "percent_covered": 100.0, "percent_covered_display": "100", "missing_lines": 0, "excluded_lines": 0}, "missing_lines": [], "excluded_lines": []}, "AlertBuilder.should_send_alert": {"executed_lines": [], "summary": {"covered_lines": 0, "num_statements": 3, "percent_covered": 0.0, "percent_covered_display": "0", "missing_lines": 3, "excluded_lines": 0}, "missing_lines": [435, 436, 441], "excluded_lines": []}, "AlertBuilder.get_routing_config": {"executed_lines": [], "summary": {"covered_lines": 0, "num_statements": 6, "percent_covered": 0.0, "percent_covered_display": "0", "missing_lines": 6, "excluded_lines": 0}, "missing_lines": [453, 455, 456, 457, 458, 460], "excluded_lines": []}, "get_alert_builder": {"executed_lines": [470, 471, 472], "summary": {"covered_lines": 3, "num_statements": 3, "percent_covered": 100.0, "percent_covered_display": "100", "missing_lines": 0, "excluded_lines": 0}, "missing_lines": [], "excluded_lines": []}, "": {"executed_lines": [1, 18, 19, 20, 21, 22, 23, 25, 28, 34, 40, 47, 48, 59, 88, 100, 223, 241, 274, 309, 324, 342, 397, 421, 443, 464, 467], "summary": {"covered_lines": 25, "num_statements": 25, "percent_covered": 100.0, "percent_covered_display": "100", "missing_lines": 0, "excluded_lines": 0}, "missing_lines": [], "excluded_lines": []}}, "classes": {"AlertBuilder": {"executed_lines": [66, 67, 70, 74, 80, 82, 83, 84, 90, 91, 92, 127, 129, 131, 137, 140, 143, 148, 155, 156, 160, 193, 194, 197, 204, 208, 209, 211, 234, 236, 238, 239, 261, 264, 268, 269, 270, 272, 299, 300, 301, 303, 304, 305, 307, 311, 317, 320, 322, 332, 334, 336, 354, 355, 356, 357, 360, 361, 364, 366, 367, 368, 369, 370, 371, 375, 377, 378, 381, 391, 395, 410, 411, 412, 413, 414, 415, 416, 417, 419], "summary": {"covered_lines": 80, "num_statements": 113, "percent_covered": 70.79646017699115, "percent_covered_display": "71", "missing_lines": 33, "excluded_lines": 0}, "missing_lines": [93, 94, 95, 96, 97, 98, 157, 205, 206, 213, 214, 215, 220, 221, 265, 372, 382, 383, 384, 385, 386, 387, 388, 392, 435, 436, 441, 453, 455, 456, 457, 458, 460], "excluded_lines": []}, "": {"executed_lines": [1, 18, 19, 20, 21, 22, 23, 25, 28, 34, 40, 47, 48, 59, 88, 100, 223, 241, 274, 309, 324, 342, 397, 421, 443, 464, 467, 470, 471, 472], "summary": {"covered_lines": 28, "num_statements": 28, "percent_covered": 100.0, "percent_covered_display": "100", "missing_lines": 0, "excluded_lines": 0}, "missing_lines": [], "excluded_lines": []}}}, "app\\alertmanager_client.py": {"executed_lines": [], "summary": {"covered_lines": 0, "num_statements": 56, "percent_covered": 0.0, "percent_covered_display": "0", "missing_lines": 56, "excluded_lines": 0}, "missing_lines": [5, 6, 7, 8, 10, 12, 15, 17, 20, 23, 24, 25, 27, 28, 33, 58, 59, 60, 62, 64, 71, 72, 74, 81, 89, 93, 95, 96, 98, 99, 100, 101, 102, 103, 105, 112, 113, 115, 116, 117, 118, 119, 120, 122, 129, 130, 132, 133, 134, 135, 136, 137, 138, 140, 142, 143], "excluded_lines": [], "functions": {"AlertmanagerClient.__init__": {"executed_lines": [], "summary": {"covered_lines": 0, "num_statements": 4, "percent_covered": 0.0, "percent_covered_display": "0", "missing_lines": 4, "excluded_lines": 0}, "missing_lines": [24, 25, 27, 28], "excluded_lines": []}, "AlertmanagerClient.send_alert": {"executed_lines": [], "summary": {"covered_lines": 0, "num_statements": 19, "percent_covered": 0.0, "percent_covered_display": "0", "missing_lines": 19, "excluded_lines": 0}, "missing_lines": [58, 59, 60, 62, 64, 71, 72, 74, 81, 89, 93, 95, 96, 98, 99, 100, 101, 102, 103], "excluded_lines": []}, "AlertmanagerClient.test_connection": {"executed_lines": [], "summary": {"covered_lines": 0, "num_statements": 8, "percent_covered": 0.0, "percent_covered_display": "0", "missing_lines": 8, "excluded_lines": 0}, "missing_lines": [112, 113, 115, 116, 117, 118, 119, 120], "excluded_lines": []}, "AlertmanagerClient.get_alerts": {"executed_lines": [], "summary": {"covered_lines": 0, "num_statements": 9, "percent_covered": 0.0, "percent_covered_display": "0", "missing_lines": 9, "excluded_lines": 0}, "missing_lines": [129, 130, 132, 133, 134, 135, 136, 137, 138], "excluded_lines": []}, "AlertmanagerClient.close": {"executed_lines": [], "summary": {"covered_lines": 0, "num_statements": 2, "percent_covered": 0.0, "percent_covered_display": "0", "missing_lines": 2, "excluded_lines": 0}, "missing_lines": [142, 143], "excluded_lines": []}, "": {"executed_lines": [], "summary": {"covered_lines": 0, "num_statements": 14, "percent_covered": 0.0, "percent_covered_display": "0", "missing_lines": 14, "excluded_lines": 0}, "missing_lines": [5, 6, 7, 8, 10, 12, 15, 17, 20, 23, 33, 105, 122, 140], "excluded_lines": []}}, "classes": {"AlertmanagerError": {"executed_lines": [], "summary": {"covered_lines": 0, "num_statements": 0, "percent_covered": 100.0, "percent_covered_display": "100", "missing_lines": 0, "excluded_lines": 0}, "missing_lines": [], "excluded_lines": []}, "AlertmanagerClient": {"executed_lines": [], "summary": {"covered_lines": 0, "num_statements": 42, "percent_covered": 0.0, "percent_covered_display": "0", "missing_lines": 42, "excluded_lines": 0}, "missing_lines": [24, 25, 27, 28, 58, 59, 60, 62, 64, 71, 72, 74, 81, 89, 93, 95, 96, 98, 99, 100, 101, 102, 103, 112, 113, 115, 116, 117, 118, 119, 120, 129, 130, 132, 133, 134, 135, 136, 137, 138, 142, 143], "excluded_lines": []}, "": {"executed_lines": [], "summary": {"covered_lines": 0, "num_statements": 14, "percent_covered": 0.0, "percent_covered_display": "0", "missing_lines": 14, "excluded_lines": 0}, "missing_lines": [5, 6, 7, 8, 10, 12, 15, 17, 20, 23, 33, 105, 122, 140], "excluded_lines": []}}}, "app\\api.py": {"executed_lines": [], "summary": {"covered_lines": 0, "num_statements": 260, "percent_covered": 0.0, "percent_covered_display": "0", "missing_lines": 260, "excluded_lines": 0}, "missing_lines": [5, 6, 7, 8, 9, 10, 11, 13, 14, 16, 19, 24, 29, 34, 38, 43, 48, 54, 56, 57, 58, 61, 64, 65, 66, 72, 73, 74, 77, 86, 87, 96, 99, 100, 103, 104, 105, 107, 108, 109, 110, 113, 114, 115, 116, 119, 120, 122, 123, 124, 127, 128, 131, 132, 133, 134, 139, 140, 142, 144, 151, 152, 154, 155, 156, 158, 160, 169, 170, 172, 173, 175, 177, 180, 181, 188, 204, 205, 210, 211, 213, 215, 218, 219, 221, 231, 232, 234, 235, 237, 240, 241, 242, 243, 244, 250, 251, 252, 254, 263, 264, 266, 267, 269, 272, 274, 281, 282, 284, 285, 287, 288, 289, 290, 292, 293, 294, 297, 298, 299, 302, 304, 305, 310, 312, 323, 324, 328, 330, 331, 333, 335, 352, 353, 355, 356, 357, 358, 360, 362, 365, 366, 368, 370, 371, 372, 378, 379, 380, 385, 386, 388, 389, 391, 393, 394, 395, 401, 404, 406, 413, 414, 416, 417, 419, 421, 423, 432, 433, 435, 436, 441, 446, 447, 449, 450, 452, 464, 465, 467, 485, 486, 493, 494, 496, 498, 500, 506, 507, 508, 509, 512, 513, 527, 528, 530, 532, 534, 536, 548, 549, 554, 556, 562, 563, 564, 565, 568, 569, 583, 584, 585, 588, 589, 591, 594, 595, 601, 602, 603, 608, 610, 618, 619, 620, 621, 622, 623, 626, 627, 636, 637, 638, 639, 641, 643, 644, 645, 646, 648, 649, 650, 651, 656, 657, 658, 663, 664, 665, 667, 668, 670, 671, 674, 676, 678, 684, 685, 686, 687], "excluded_lines": [], "functions": {"update_baseline_metrics": {"executed_lines": [], "summary": {"covered_lines": 0, "num_statements": 10, "percent_covered": 0.0, "percent_covered_display": "0", "missing_lines": 10, "excluded_lines": 0}, "missing_lines": [56, 57, 58, 61, 64, 65, 66, 72, 73, 74], "excluded_lines": []}, "startup_event": {"executed_lines": [], "summary": {"covered_lines": 0, "num_statements": 16, "percent_covered": 0.0, "percent_covered_display": "0", "missing_lines": 16, "excluded_lines": 0}, "missing_lines": [103, 104, 105, 107, 108, 109, 110, 113, 114, 115, 116, 119, 120, 122, 123, 124], "excluded_lines": []}, "shutdown_event": {"executed_lines": [], "summary": {"covered_lines": 0, "num_statements": 4, "percent_covered": 0.0, "percent_covered_display": "0", "missing_lines": 4, "excluded_lines": 0}, "missing_lines": [131, 132, 133, 134], "excluded_lines": []}, "health_check": {"executed_lines": [], "summary": {"covered_lines": 0, "num_statements": 2, "percent_covered": 0.0, "percent_covered_display": "0", "missing_lines": 2, "excluded_lines": 0}, "missing_lines": [142, 144], "excluded_lines": []}, "readiness_check": {"executed_lines": [], "summary": {"covered_lines": 0, "num_statements": 5, "percent_covered": 0.0, "percent_covered_display": "0", "missing_lines": 5, "excluded_lines": 0}, "missing_lines": [154, 155, 156, 158, 160], "excluded_lines": []}, "get_status": {"executed_lines": [], "summary": {"covered_lines": 0, "num_statements": 7, "percent_covered": 0.0, "percent_covered_display": "0", "missing_lines": 7, "excluded_lines": 0}, "missing_lines": [172, 173, 175, 177, 180, 181, 188], "excluded_lines": []}, "get_anomalies": {"executed_lines": [], "summary": {"covered_lines": 0, "num_statements": 7, "percent_covered": 0.0, "percent_covered_display": "0", "missing_lines": 7, "excluded_lines": 0}, "missing_lines": [210, 211, 213, 215, 218, 219, 221], "excluded_lines": []}, "get_anomaly_summary": {"executed_lines": [], "summary": {"covered_lines": 0, "num_statements": 12, "percent_covered": 0.0, "percent_covered_display": "0", "missing_lines": 12, "excluded_lines": 0}, "missing_lines": [234, 235, 237, 240, 241, 242, 243, 244, 250, 251, 252, 254], "excluded_lines": []}, "trigger_detection": {"executed_lines": [], "summary": {"covered_lines": 0, "num_statements": 5, "percent_covered": 0.0, "percent_covered_display": "0", "missing_lines": 5, "excluded_lines": 0}, "missing_lines": [266, 267, 269, 272, 274], "excluded_lines": []}, "detect_metric": {"executed_lines": [], "summary": {"covered_lines": 0, "num_statements": 17, "percent_covered": 0.0, "percent_covered_display": "0", "missing_lines": 17, "excluded_lines": 0}, "missing_lines": [284, 285, 287, 288, 289, 290, 292, 293, 294, 297, 298, 299, 302, 304, 305, 310, 312], "excluded_lines": []}, "get_metrics_config": {"executed_lines": [], "summary": {"covered_lines": 0, "num_statements": 5, "percent_covered": 0.0, "percent_covered_display": "0", "missing_lines": 5, "excluded_lines": 0}, "missing_lines": [328, 330, 331, 333, 335], "excluded_lines": []}, "get_metric_config": {"executed_lines": [], "summary": {"covered_lines": 0, "num_statements": 6, "percent_covered": 0.0, "percent_covered_display": "0", "missing_lines": 6, "excluded_lines": 0}, "missing_lines": [355, 356, 357, 358, 360, 362], "excluded_lines": []}, "reload_config": {"executed_lines": [], "summary": {"covered_lines": 0, "num_statements": 7, "percent_covered": 0.0, "percent_covered_display": "0", "missing_lines": 7, "excluded_lines": 0}, "missing_lines": [368, 370, 371, 372, 378, 379, 380], "excluded_lines": []}, "get_models": {"executed_lines": [], "summary": {"covered_lines": 0, "num_statements": 9, "percent_covered": 0.0, "percent_covered_display": "0", "missing_lines": 9, "excluded_lines": 0}, "missing_lines": [388, 389, 391, 393, 394, 395, 401, 404, 406], "excluded_lines": []}, "save_models": {"executed_lines": [], "summary": {"covered_lines": 0, "num_statements": 5, "percent_covered": 0.0, "percent_covered_display": "0", "missing_lines": 5, "excluded_lines": 0}, "missing_lines": [416, 417, 419, 421, 423], "excluded_lines": []}, "export_metrics": {"executed_lines": [], "summary": {"covered_lines": 0, "num_statements": 3, "percent_covered": 0.0, "percent_covered_display": "0", "missing_lines": 3, "excluded_lines": 0}, "missing_lines": [435, 436, 441], "excluded_lines": []}, "generic_exception_handler": {"executed_lines": [], "summary": {"covered_lines": 0, "num_statements": 3, "percent_covered": 0.0, "percent_covered_display": "0", "missing_lines": 3, "excluded_lines": 0}, "missing_lines": [449, 450, 452], "excluded_lines": []}, "root": {"executed_lines": [], "summary": {"covered_lines": 0, "num_statements": 1, "percent_covered": 0.0, "percent_covered_display": "0", "missing_lines": 1, "excluded_lines": 0}, "missing_lines": [467], "excluded_lines": []}, "list_baseline_metrics": {"executed_lines": [], "summary": {"covered_lines": 0, "num_statements": 9, "percent_covered": 0.0, "percent_covered_display": "0", "missing_lines": 9, "excluded_lines": 0}, "missing_lines": [493, 494, 496, 498, 500, 506, 507, 508, 509], "excluded_lines": []}, "get_baselines": {"executed_lines": [], "summary": {"covered_lines": 0, "num_statements": 14, "percent_covered": 0.0, "percent_covered_display": "0", "missing_lines": 14, "excluded_lines": 0}, "missing_lines": [527, 528, 530, 532, 534, 536, 548, 549, 554, 556, 562, 563, 564, 565], "excluded_lines": []}, "get_expected_value": {"executed_lines": [], "summary": {"covered_lines": 0, "num_statements": 19, "percent_covered": 0.0, "percent_covered_display": "0", "missing_lines": 19, "excluded_lines": 0}, "missing_lines": [583, 584, 585, 588, 589, 591, 594, 595, 601, 602, 603, 608, 610, 618, 619, 620, 621, 622, 623], "excluded_lines": []}, "refresh_baselines": {"executed_lines": [], "summary": {"covered_lines": 0, "num_statements": 12, "percent_covered": 0.0, "percent_covered_display": "0", "missing_lines": 12, "excluded_lines": 0}, "missing_lines": [636, 637, 638, 639, 641, 674, 676, 678, 684, 685, 686, 687], "excluded_lines": []}, "refresh_baselines.refresh_all": {"executed_lines": [], "summary": {"covered_lines": 0, "num_statements": 18, "percent_covered": 0.0, "percent_covered_display": "0", "missing_lines": 18, "excluded_lines": 0}, "missing_lines": [643, 644, 645, 646, 648, 649, 650, 651, 656, 657, 658, 663, 664, 665, 667, 668, 670, 671], "excluded_lines": []}, "": {"executed_lines": [], "summary": {"covered_lines": 0, "num_statements": 64, "percent_covered": 0.0, "percent_covered_display": "0", "missing_lines": 64, "excluded_lines": 0}, "missing_lines": [5, 6, 7, 8, 9, 10, 11, 13, 14, 16, 19, 24, 29, 34, 38, 43, 48, 54, 77, 86, 87, 96, 99, 100, 127, 128, 139, 140, 151, 152, 169, 170, 204, 205, 231, 232, 263, 264, 281, 282, 323, 324, 352, 353, 365, 366, 385, 386, 413, 414, 432, 433, 446, 447, 464, 465, 485, 486, 512, 513, 568, 569, 626, 627], "excluded_lines": []}}, "classes": {"": {"executed_lines": [], "summary": {"covered_lines": 0, "num_statements": 260, "percent_covered": 0.0, "percent_covered_display": "0", "missing_lines": 260, "excluded_lines": 0}, "missing_lines": [5, 6, 7, 8, 9, 10, 11, 13, 14, 16, 19, 24, 29, 34, 38, 43, 48, 54, 56, 57, 58, 61, 64, 65, 66, 72, 73, 74, 77, 86, 87, 96, 99, 100, 103, 104, 105, 107, 108, 109, 110, 113, 114, 115, 116, 119, 120, 122, 123, 124, 127, 128, 131, 132, 133, 134, 139, 140, 142, 144, 151, 152, 154, 155, 156, 158, 160, 169, 170, 172, 173, 175, 177, 180, 181, 188, 204, 205, 210, 211, 213, 215, 218, 219, 221, 231, 232, 234, 235, 237, 240, 241, 242, 243, 244, 250, 251, 252, 254, 263, 264, 266, 267, 269, 272, 274, 281, 282, 284, 285, 287, 288, 289, 290, 292, 293, 294, 297, 298, 299, 302, 304, 305, 310, 312, 323, 324, 328, 330, 331, 333, 335, 352, 353, 355, 356, 357, 358, 360, 362, 365, 366, 368, 370, 371, 372, 378, 379, 380, 385, 386, 388, 389, 391, 393, 394, 395, 401, 404, 406, 413, 414, 416, 417, 419, 421, 423, 432, 433, 435, 436, 441, 446, 447, 449, 450, 452, 464, 465, 467, 485, 486, 493, 494, 496, 498, 500, 506, 507, 508, 509, 512, 513, 527, 528, 530, 532, 534, 536, 548, 549, 554, 556, 562, 563, 564, 565, 568, 569, 583, 584, 585, 588, 589, 591, 594, 595, 601, 602, 603, 608, 610, 618, 619, 620, 621, 622, 623, 626, 627, 636, 637, 638, 639, 641, 643, 644, 645, 646, 648, 649, 650, 651, 656, 657, 658, 663, 664, 665, 667, 668, 670, 671, 674, 676, 678, 684, 685, 686, 687], "excluded_lines": []}}}, "app\\baseline_manager.py": {"executed_lines": [], "summary": {"covered_lines": 0, "num_statements": 200, "percent_covered": 0.0, "percent_covered_display": "0", "missing_lines": 200, "excluded_lines": 0}, "missing_lines": [12, 13, 14, 15, 16, 17, 18, 20, 22, 25, 28, 40, 41, 42, 43, 44, 45, 46, 47, 48, 50, 51, 53, 55, 56, 58, 60, 61, 63, 65, 77, 79, 80, 81, 83, 84, 87, 88, 90, 92, 94, 95, 96, 98, 100, 114, 125, 139, 140, 141, 144, 147, 149, 155, 158, 159, 160, 161, 162, 163, 166, 167, 168, 169, 170, 171, 174, 175, 177, 178, 179, 180, 181, 183, 186, 188, 189, 190, 191, 193, 194, 195, 196, 198, 200, 208, 209, 211, 213, 215, 232, 233, 235, 236, 239, 240, 241, 243, 244, 247, 248, 250, 251, 264, 265, 267, 269, 288, 289, 291, 292, 295, 296, 297, 300, 302, 303, 308, 309, 310, 311, 313, 314, 317, 318, 319, 320, 321, 322, 323, 324, 325, 328, 329, 331, 333, 334, 335, 336, 337, 338, 339, 340, 341, 344, 345, 346, 347, 348, 349, 350, 351, 352, 355, 356, 357, 358, 372, 373, 374, 375, 378, 390, 391, 393, 398, 400, 417, 418, 422, 425, 427, 428, 429, 430, 433, 434, 435, 437, 444, 445, 446, 447, 449, 455, 457, 462, 464, 466, 467, 468, 470, 472, 473, 490, 492, 493, 495, 497, 507], "excluded_lines": [], "functions": {"BaselineStats.__init__": {"executed_lines": [], "summary": {"covered_lines": 0, "num_statements": 9, "percent_covered": 0.0, "percent_covered_display": "0", "missing_lines": 9, "excluded_lines": 0}, "missing_lines": [40, 41, 42, 43, 44, 45, 46, 47, 48], "excluded_lines": []}, "BaselineStats.lower_bound": {"executed_lines": [], "summary": {"covered_lines": 0, "num_statements": 1, "percent_covered": 0.0, "percent_covered_display": "0", "missing_lines": 1, "excluded_lines": 0}, "missing_lines": [53], "excluded_lines": []}, "BaselineStats.upper_bound": {"executed_lines": [], "summary": {"covered_lines": 0, "num_statements": 1, "percent_covered": 0.0, "percent_covered_display": "0", "missing_lines": 1, "excluded_lines": 0}, "missing_lines": [58], "excluded_lines": []}, "BaselineStats.expected_range": {"executed_lines": [], "summary": {"covered_lines": 0, "num_statements": 1, "percent_covered": 0.0, "percent_covered_display": "0", "missing_lines": 1, "excluded_lines": 0}, "missing_lines": [63], "excluded_lines": []}, "BaselineStats.is_anomalous": {"executed_lines": [], "summary": {"covered_lines": 0, "num_statements": 9, "percent_covered": 0.0, "percent_covered_display": "0", "missing_lines": 9, "excluded_lines": 0}, "missing_lines": [77, 79, 80, 81, 83, 84, 87, 88, 90], "excluded_lines": []}, "BaselineStats.deviation_percent": {"executed_lines": [], "summary": {"covered_lines": 0, "num_statements": 3, "percent_covered": 0.0, "percent_covered_display": "0", "missing_lines": 3, "excluded_lines": 0}, "missing_lines": [94, 95, 96], "excluded_lines": []}, "BaselineStats.to_dict": {"executed_lines": [], "summary": {"covered_lines": 0, "num_statements": 1, "percent_covered": 0.0, "percent_covered_display": "0", "missing_lines": 1, "excluded_lines": 0}, "missing_lines": [100], "excluded_lines": []}, "DynamicBaselineManager.__init__": {"executed_lines": [], "summary": {"covered_lines": 0, "num_statements": 6, "percent_covered": 0.0, "percent_covered_display": "0", "missing_lines": 6, "excluded_lines": 0}, "missing_lines": [139, 140, 141, 144, 147, 149], "excluded_lines": []}, "DynamicBaselineManager._load_config": {"executed_lines": [], "summary": {"covered_lines": 0, "num_statements": 19, "percent_covered": 0.0, "percent_covered_display": "0", "missing_lines": 19, "excluded_lines": 0}, "missing_lines": [158, 159, 160, 161, 162, 163, 166, 167, 168, 169, 170, 171, 174, 175, 177, 178, 179, 180, 181], "excluded_lines": []}, "DynamicBaselineManager._parse_interval": {"executed_lines": [], "summary": {"covered_lines": 0, "num_statements": 10, "percent_covered": 0.0, "percent_covered_display": "0", "missing_lines": 10, "excluded_lines": 0}, "missing_lines": [186, 188, 189, 190, 191, 193, 194, 195, 196, 198], "excluded_lines": []}, "DynamicBaselineManager._make_cache_key": {"executed_lines": [], "summary": {"covered_lines": 0, "num_statements": 2, "percent_covered": 0.0, "percent_covered_display": "0", "missing_lines": 2, "excluded_lines": 0}, "missing_lines": [208, 209], "excluded_lines": []}, "DynamicBaselineManager._make_labels_str": {"executed_lines": [], "summary": {"covered_lines": 0, "num_statements": 1, "percent_covered": 0.0, "percent_covered_display": "0", "missing_lines": 1, "excluded_lines": 0}, "missing_lines": [213], "excluded_lines": []}, "DynamicBaselineManager.get_expected_value": {"executed_lines": [], "summary": {"covered_lines": 0, "num_statements": 16, "percent_covered": 0.0, "percent_covered_display": "0", "missing_lines": 16, "excluded_lines": 0}, "missing_lines": [232, 233, 235, 236, 239, 240, 241, 243, 244, 247, 248, 250, 251, 264, 265, 267], "excluded_lines": []}, "DynamicBaselineManager.update_baseline": {"executed_lines": [], "summary": {"covered_lines": 0, "num_statements": 59, "percent_covered": 0.0, "percent_covered_display": "0", "missing_lines": 59, "excluded_lines": 0}, "missing_lines": [288, 289, 291, 292, 295, 296, 297, 300, 302, 303, 308, 309, 310, 311, 313, 314, 317, 318, 319, 320, 321, 322, 323, 324, 325, 328, 329, 331, 333, 334, 335, 336, 337, 338, 339, 340, 341, 344, 345, 346, 347, 348, 349, 350, 351, 352, 355, 356, 357, 358, 372, 373, 374, 375, 378, 390, 391, 393, 398], "excluded_lines": []}, "DynamicBaselineManager.recalculate_all_baselines": {"executed_lines": [], "summary": {"covered_lines": 0, "num_statements": 20, "percent_covered": 0.0, "percent_covered_display": "0", "missing_lines": 20, "excluded_lines": 0}, "missing_lines": [417, 418, 422, 425, 427, 428, 429, 430, 433, 434, 435, 437, 444, 445, 446, 447, 449, 455, 457, 462], "excluded_lines": []}, "DynamicBaselineManager.get_all_metrics": {"executed_lines": [], "summary": {"covered_lines": 0, "num_statements": 3, "percent_covered": 0.0, "percent_covered_display": "0", "missing_lines": 3, "excluded_lines": 0}, "missing_lines": [466, 467, 468], "excluded_lines": []}, "DynamicBaselineManager.get_metric_baselines": {"executed_lines": [], "summary": {"covered_lines": 0, "num_statements": 2, "percent_covered": 0.0, "percent_covered_display": "0", "missing_lines": 2, "excluded_lines": 0}, "missing_lines": [472, 473], "excluded_lines": []}, "DynamicBaselineManager.clear_cache": {"executed_lines": [], "summary": {"covered_lines": 0, "num_statements": 2, "percent_covered": 0.0, "percent_covered_display": "0", "missing_lines": 2, "excluded_lines": 0}, "missing_lines": [492, 493], "excluded_lines": []}, "DynamicBaselineManager.get_stats": {"executed_lines": [], "summary": {"covered_lines": 0, "num_statements": 1, "percent_covered": 0.0, "percent_covered_display": "0", "missing_lines": 1, "excluded_lines": 0}, "missing_lines": [497], "excluded_lines": []}, "": {"executed_lines": [], "summary": {"covered_lines": 0, "num_statements": 34, "percent_covered": 0.0, "percent_covered_display": "0", "missing_lines": 34, "excluded_lines": 0}, "missing_lines": [12, 13, 14, 15, 16, 17, 18, 20, 22, 25, 28, 50, 51, 55, 56, 60, 61, 65, 92, 98, 114, 125, 155, 183, 200, 211, 215, 269, 400, 464, 470, 490, 495, 507], "excluded_lines": []}}, "classes": {"BaselineStats": {"executed_lines": [], "summary": {"covered_lines": 0, "num_statements": 25, "percent_covered": 0.0, "percent_covered_display": "0", "missing_lines": 25, "excluded_lines": 0}, "missing_lines": [40, 41, 42, 43, 44, 45, 46, 47, 48, 53, 58, 63, 77, 79, 80, 81, 83, 84, 87, 88, 90, 94, 95, 96, 100], "excluded_lines": []}, "DynamicBaselineManager": {"executed_lines": [], "summary": {"covered_lines": 0, "num_statements": 141, "percent_covered": 0.0, "percent_covered_display": "0", "missing_lines": 141, "excluded_lines": 0}, "missing_lines": [139, 140, 141, 144, 147, 149, 158, 159, 160, 161, 162, 163, 166, 167, 168, 169, 170, 171, 174, 175, 177, 178, 179, 180, 181, 186, 188, 189, 190, 191, 193, 194, 195, 196, 198, 208, 209, 213, 232, 233, 235, 236, 239, 240, 241, 243, 244, 247, 248, 250, 251, 264, 265, 267, 288, 289, 291, 292, 295, 296, 297, 300, 302, 303, 308, 309, 310, 311, 313, 314, 317, 318, 319, 320, 321, 322, 323, 324, 325, 328, 329, 331, 333, 334, 335, 336, 337, 338, 339, 340, 341, 344, 345, 346, 347, 348, 349, 350, 351, 352, 355, 356, 357, 358, 372, 373, 374, 375, 378, 390, 391, 393, 398, 417, 418, 422, 425, 427, 428, 429, 430, 433, 434, 435, 437, 444, 445, 446, 447, 449, 455, 457, 462, 466, 467, 468, 472, 473, 492, 493, 497], "excluded_lines": []}, "": {"executed_lines": [], "summary": {"covered_lines": 0, "num_statements": 34, "percent_covered": 0.0, "percent_covered_display": "0", "missing_lines": 34, "excluded_lines": 0}, "missing_lines": [12, 13, 14, 15, 16, 17, 18, 20, 22, 25, 28, 50, 51, 55, 56, 60, 61, 65, 92, 98, 114, 125, 155, 183, 200, 211, 215, 269, 400, 464, 470, 490, 495, 507], "excluded_lines": []}}}, "app\\config.py": {"executed_lines": [], "summary": {"covered_lines": 0, "num_statements": 138, "percent_covered": 0.0, "percent_covered_display": "0", "missing_lines": 138, "excluded_lines": 0}, "missing_lines": [5, 6, 7, 8, 9, 10, 11, 13, 16, 18, 19, 20, 21, 22, 23, 26, 28, 29, 30, 31, 34, 36, 37, 38, 39, 42, 44, 45, 46, 47, 48, 49, 52, 54, 55, 56, 57, 60, 62, 63, 64, 65, 66, 67, 68, 69, 70, 71, 72, 73, 76, 78, 79, 80, 81, 82, 85, 87, 88, 89, 90, 93, 95, 96, 97, 98, 99, 102, 104, 105, 106, 107, 108, 111, 113, 114, 115, 116, 117, 118, 119, 120, 121, 122, 124, 125, 127, 128, 129, 132, 135, 136, 137, 139, 141, 143, 144, 145, 146, 147, 149, 150, 151, 152, 153, 154, 155, 157, 159, 160, 162, 164, 165, 168, 171, 173, 174, 175, 176, 177, 179, 181, 182, 184, 185, 186, 188, 190, 192, 194, 195, 196, 197, 199, 201, 202, 203, 207], "excluded_lines": [], "functions": {"Config.validate_metrics": {"executed_lines": [], "summary": {"covered_lines": 0, "num_statements": 3, "percent_covered": 0.0, "percent_covered_display": "0", "missing_lines": 3, "excluded_lines": 0}, "missing_lines": [127, 128, 129], "excluded_lines": []}, "ConfigManager.__init__": {"executed_lines": [], "summary": {"covered_lines": 0, "num_statements": 2, "percent_covered": 0.0, "percent_covered_display": "0", "missing_lines": 2, "excluded_lines": 0}, "missing_lines": [136, 137], "excluded_lines": []}, "ConfigManager._substitute_env_vars": {"executed_lines": [], "summary": {"covered_lines": 0, "num_statements": 13, "percent_covered": 0.0, "percent_covered_display": "0", "missing_lines": 13, "excluded_lines": 0}, "missing_lines": [141, 143, 144, 145, 146, 147, 149, 150, 151, 152, 153, 154, 155], "excluded_lines": []}, "ConfigManager.load": {"executed_lines": [], "summary": {"covered_lines": 0, "num_statements": 13, "percent_covered": 0.0, "percent_covered_display": "0", "missing_lines": 13, "excluded_lines": 0}, "missing_lines": [159, 160, 162, 164, 165, 168, 171, 173, 174, 175, 176, 177, 179], "excluded_lines": []}, "ConfigManager.config": {"executed_lines": [], "summary": {"covered_lines": 0, "num_statements": 3, "percent_covered": 0.0, "percent_covered_display": "0", "missing_lines": 3, "excluded_lines": 0}, "missing_lines": [184, 185, 186], "excluded_lines": []}, "ConfigManager.get_enabled_metrics": {"executed_lines": [], "summary": {"covered_lines": 0, "num_statements": 1, "percent_covered": 0.0, "percent_covered_display": "0", "missing_lines": 1, "excluded_lines": 0}, "missing_lines": [190], "excluded_lines": []}, "ConfigManager.get_metric": {"executed_lines": [], "summary": {"covered_lines": 0, "num_statements": 4, "percent_covered": 0.0, "percent_covered_display": "0", "missing_lines": 4, "excluded_lines": 0}, "missing_lines": [194, 195, 196, 197], "excluded_lines": []}, "ConfigManager.reload": {"executed_lines": [], "summary": {"covered_lines": 0, "num_statements": 3, "percent_covered": 0.0, "percent_covered_display": "0", "missing_lines": 3, "excluded_lines": 0}, "missing_lines": [201, 202, 203], "excluded_lines": []}, "": {"executed_lines": [], "summary": {"covered_lines": 0, "num_statements": 96, "percent_covered": 0.0, "percent_covered_display": "0", "missing_lines": 96, "excluded_lines": 0}, "missing_lines": [5, 6, 7, 8, 9, 10, 11, 13, 16, 18, 19, 20, 21, 22, 23, 26, 28, 29, 30, 31, 34, 36, 37, 38, 39, 42, 44, 45, 46, 47, 48, 49, 52, 54, 55, 56, 57, 60, 62, 63, 64, 65, 66, 67, 68, 69, 70, 71, 72, 73, 76, 78, 79, 80, 81, 82, 85, 87, 88, 89, 90, 93, 95, 96, 97, 98, 99, 102, 104, 105, 106, 107, 108, 111, 113, 114, 115, 116, 117, 118, 119, 120, 121, 122, 124, 125, 132, 135, 139, 157, 181, 182, 188, 192, 199, 207], "excluded_lines": []}}, "classes": {"ServerConfig": {"executed_lines": [], "summary": {"covered_lines": 0, "num_statements": 0, "percent_covered": 100.0, "percent_covered_display": "100", "missing_lines": 0, "excluded_lines": 0}, "missing_lines": [], "excluded_lines": []}, "PrometheusConfig": {"executed_lines": [], "summary": {"covered_lines": 0, "num_statements": 0, "percent_covered": 100.0, "percent_covered_display": "100", "missing_lines": 0, "excluded_lines": 0}, "missing_lines": [], "excluded_lines": []}, "AlertmanagerConfig": {"executed_lines": [], "summary": {"covered_lines": 0, "num_statements": 0, "percent_covered": 100.0, "percent_covered_display": "100", "missing_lines": 0, "excluded_lines": 0}, "missing_lines": [], "excluded_lines": []}, "DetectionConfig": {"executed_lines": [], "summary": {"covered_lines": 0, "num_statements": 0, "percent_covered": 100.0, "percent_covered_display": "100", "missing_lines": 0, "excluded_lines": 0}, "missing_lines": [], "excluded_lines": []}, "ModelConfig": {"executed_lines": [], "summary": {"covered_lines": 0, "num_statements": 0, "percent_covered": 100.0, "percent_covered_display": "100", "missing_lines": 0, "excluded_lines": 0}, "missing_lines": [], "excluded_lines": []}, "MetricConfig": {"executed_lines": [], "summary": {"covered_lines": 0, "num_statements": 0, "percent_covered": 100.0, "percent_covered_display": "100", "missing_lines": 0, "excluded_lines": 0}, "missing_lines": [], "excluded_lines": []}, "PersistenceConfig": {"executed_lines": [], "summary": {"covered_lines": 0, "num_statements": 0, "percent_covered": 100.0, "percent_covered_display": "100", "missing_lines": 0, "excluded_lines": 0}, "missing_lines": [], "excluded_lines": []}, "MetricsExportConfig": {"executed_lines": [], "summary": {"covered_lines": 0, "num_statements": 0, "percent_covered": 100.0, "percent_covered_display": "100", "missing_lines": 0, "excluded_lines": 0}, "missing_lines": [], "excluded_lines": []}, "LoggingConfig": {"executed_lines": [], "summary": {"covered_lines": 0, "num_statements": 0, "percent_covered": 100.0, "percent_covered_display": "100", "missing_lines": 0, "excluded_lines": 0}, "missing_lines": [], "excluded_lines": []}, "FeaturesConfig": {"executed_lines": [], "summary": {"covered_lines": 0, "num_statements": 0, "percent_covered": 100.0, "percent_covered_display": "100", "missing_lines": 0, "excluded_lines": 0}, "missing_lines": [], "excluded_lines": []}, "Config": {"executed_lines": [], "summary": {"covered_lines": 0, "num_statements": 3, "percent_covered": 0.0, "percent_covered_display": "0", "missing_lines": 3, "excluded_lines": 0}, "missing_lines": [127, 128, 129], "excluded_lines": []}, "ConfigManager": {"executed_lines": [], "summary": {"covered_lines": 0, "num_statements": 39, "percent_covered": 0.0, "percent_covered_display": "0", "missing_lines": 39, "excluded_lines": 0}, "missing_lines": [136, 137, 141, 143, 144, 145, 146, 147, 149, 150, 151, 152, 153, 154, 155, 159, 160, 162, 164, 165, 168, 171, 173, 174, 175, 176, 177, 179, 184, 185, 186, 190, 194, 195, 196, 197, 201, 202, 203], "excluded_lines": []}, "": {"executed_lines": [], "summary": {"covered_lines": 0, "num_statements": 96, "percent_covered": 0.0, "percent_covered_display": "0", "missing_lines": 96, "excluded_lines": 0}, "missing_lines": [5, 6, 7, 8, 9, 10, 11, 13, 16, 18, 19, 20, 21, 22, 23, 26, 28, 29, 30, 31, 34, 36, 37, 38, 39, 42, 44, 45, 46, 47, 48, 49, 52, 54, 55, 56, 57, 60, 62, 63, 64, 65, 66, 67, 68, 69, 70, 71, 72, 73, 76, 78, 79, 80, 81, 82, 85, 87, 88, 89, 90, 93, 95, 96, 97, 98, 99, 102, 104, 105, 106, 107, 108, 111, 113, 114, 115, 116, 117, 118, 119, 120, 121, 122, 124, 125, 132, 135, 139, 157, 181, 182, 188, 192, 199, 207], "excluded_lines": []}}}, "app\\database.py": {"executed_lines": [], "summary": {"covered_lines": 0, "num_statements": 222, "percent_covered": 0.0, "percent_covered_display": "0", "missing_lines": 222, "excluded_lines": 0}, "missing_lines": [8, 9, 10, 11, 12, 13, 14, 15, 16, 18, 22, 25, 28, 29, 31, 33, 34, 35, 36, 37, 39, 41, 42, 44, 45, 48, 51, 52, 54, 56, 57, 59, 60, 65, 67, 68, 69, 71, 72, 74, 75, 76, 77, 78, 79, 80, 81, 82, 84, 86, 180, 182, 183, 184, 187, 188, 189, 190, 191, 193, 195, 196, 197, 201, 222, 241, 242, 247, 248, 249, 250, 251, 252, 253, 255, 268, 274, 275, 276, 277, 278, 279, 280, 282, 289, 290, 291, 293, 294, 296, 297, 298, 299, 300, 301, 303, 310, 315, 316, 317, 318, 319, 320, 321, 322, 326, 341, 348, 349, 354, 355, 356, 357, 358, 360, 379, 380, 382, 383, 384, 385, 386, 387, 388, 389, 390, 391, 392, 393, 394, 395, 396, 397, 398, 399, 400, 401, 402, 403, 404, 405, 407, 408, 410, 411, 413, 415, 416, 417, 418, 419, 420, 421, 422, 423, 425, 427, 429, 430, 431, 432, 433, 434, 435, 437, 449, 450, 452, 453, 454, 455, 456, 457, 459, 460, 462, 463, 464, 465, 466, 467, 469, 490, 491, 492, 494, 501, 502, 507, 508, 509, 510, 512, 514, 521, 522, 523, 524, 525, 526, 530, 532, 534, 536, 537, 539, 540, 543, 544, 546, 547, 549, 550, 552, 553, 555, 557, 559, 560, 561, 562, 566], "excluded_lines": [], "functions": {"DatabaseManager.__new__": {"executed_lines": [], "summary": {"covered_lines": 0, "num_statements": 5, "percent_covered": 0.0, "percent_covered_display": "0", "missing_lines": 5, "excluded_lines": 0}, "missing_lines": [33, 34, 35, 36, 37], "excluded_lines": []}, "DatabaseManager.__init__": {"executed_lines": [], "summary": {"covered_lines": 0, "num_statements": 8, "percent_covered": 0.0, "percent_covered_display": "0", "missing_lines": 8, "excluded_lines": 0}, "missing_lines": [41, 42, 44, 45, 48, 51, 52, 54], "excluded_lines": []}, "DatabaseManager.conn": {"executed_lines": [], "summary": {"covered_lines": 0, "num_statements": 6, "percent_covered": 0.0, "percent_covered_display": "0", "missing_lines": 6, "excluded_lines": 0}, "missing_lines": [59, 60, 65, 67, 68, 69], "excluded_lines": []}, "DatabaseManager.transaction": {"executed_lines": [], "summary": {"covered_lines": 0, "num_statements": 9, "percent_covered": 0.0, "percent_covered_display": "0", "missing_lines": 9, "excluded_lines": 0}, "missing_lines": [74, 75, 76, 77, 78, 79, 80, 81, 82], "excluded_lines": []}, "DatabaseManager._initialize_schema": {"executed_lines": [], "summary": {"covered_lines": 0, "num_statements": 14, "percent_covered": 0.0, "percent_covered_display": "0", "missing_lines": 14, "excluded_lines": 0}, "missing_lines": [86, 180, 182, 183, 184, 187, 188, 189, 190, 191, 193, 195, 196, 197], "excluded_lines": []}, "DatabaseManager.upsert_baseline": {"executed_lines": [], "summary": {"covered_lines": 0, "num_statements": 10, "percent_covered": 0.0, "percent_covered_display": "0", "missing_lines": 10, "excluded_lines": 0}, "missing_lines": [222, 241, 242, 247, 248, 249, 250, 251, 252, 253], "excluded_lines": []}, "DatabaseManager.get_baseline": {"executed_lines": [], "summary": {"covered_lines": 0, "num_statements": 8, "percent_covered": 0.0, "percent_covered_display": "0", "missing_lines": 8, "excluded_lines": 0}, "missing_lines": [268, 274, 275, 276, 277, 278, 279, 280], "excluded_lines": []}, "DatabaseManager.get_all_baselines": {"executed_lines": [], "summary": {"covered_lines": 0, "num_statements": 11, "percent_covered": 0.0, "percent_covered_display": "0", "missing_lines": 11, "excluded_lines": 0}, "missing_lines": [289, 290, 291, 293, 294, 296, 297, 298, 299, 300, 301], "excluded_lines": []}, "DatabaseManager.delete_old_baselines": {"executed_lines": [], "summary": {"covered_lines": 0, "num_statements": 9, "percent_covered": 0.0, "percent_covered_display": "0", "missing_lines": 9, "excluded_lines": 0}, "missing_lines": [310, 315, 316, 317, 318, 319, 320, 321, 322], "excluded_lines": []}, "DatabaseManager.create_incident": {"executed_lines": [], "summary": {"covered_lines": 0, "num_statements": 8, "percent_covered": 0.0, "percent_covered_display": "0", "missing_lines": 8, "excluded_lines": 0}, "missing_lines": [341, 348, 349, 354, 355, 356, 357, 358], "excluded_lines": []}, "DatabaseManager.update_incident": {"executed_lines": [], "summary": {"covered_lines": 0, "num_statements": 40, "percent_covered": 0.0, "percent_covered_display": "0", "missing_lines": 40, "excluded_lines": 0}, "missing_lines": [379, 380, 382, 383, 384, 385, 386, 387, 388, 389, 390, 391, 392, 393, 394, 395, 396, 397, 398, 399, 400, 401, 402, 403, 404, 405, 407, 408, 410, 411, 413, 415, 416, 417, 418, 419, 420, 421, 422, 423], "excluded_lines": []}, "DatabaseManager.get_incident": {"executed_lines": [], "summary": {"covered_lines": 0, "num_statements": 8, "percent_covered": 0.0, "percent_covered_display": "0", "missing_lines": 8, "excluded_lines": 0}, "missing_lines": [427, 429, 430, 431, 432, 433, 434, 435], "excluded_lines": []}, "DatabaseManager.get_incidents": {"executed_lines": [], "summary": {"covered_lines": 0, "num_statements": 16, "percent_covered": 0.0, "percent_covered_display": "0", "missing_lines": 16, "excluded_lines": 0}, "missing_lines": [449, 450, 452, 453, 454, 455, 456, 457, 459, 460, 462, 463, 464, 465, 466, 467], "excluded_lines": []}, "DatabaseManager.add_incident_metric": {"executed_lines": [], "summary": {"covered_lines": 0, "num_statements": 10, "percent_covered": 0.0, "percent_covered_display": "0", "missing_lines": 10, "excluded_lines": 0}, "missing_lines": [490, 491, 492, 494, 501, 502, 507, 508, 509, 510], "excluded_lines": []}, "DatabaseManager.get_incident_metrics": {"executed_lines": [], "summary": {"covered_lines": 0, "num_statements": 7, "percent_covered": 0.0, "percent_covered_display": "0", "missing_lines": 7, "excluded_lines": 0}, "missing_lines": [514, 521, 522, 523, 524, 525, 526], "excluded_lines": []}, "DatabaseManager.get_stats": {"executed_lines": [], "summary": {"covered_lines": 0, "num_statements": 15, "percent_covered": 0.0, "percent_covered_display": "0", "missing_lines": 15, "excluded_lines": 0}, "missing_lines": [532, 534, 536, 537, 539, 540, 543, 544, 546, 547, 549, 550, 552, 553, 555], "excluded_lines": []}, "DatabaseManager.close": {"executed_lines": [], "summary": {"covered_lines": 0, "num_statements": 4, "percent_covered": 0.0, "percent_covered_display": "0", "missing_lines": 4, "excluded_lines": 0}, "missing_lines": [559, 560, 561, 562], "excluded_lines": []}, "": {"executed_lines": [], "summary": {"covered_lines": 0, "num_statements": 34, "percent_covered": 0.0, "percent_covered_display": "0", "missing_lines": 34, "excluded_lines": 0}, "missing_lines": [8, 9, 10, 11, 12, 13, 14, 15, 16, 18, 22, 25, 28, 29, 31, 39, 56, 57, 71, 72, 84, 201, 255, 282, 303, 326, 360, 425, 437, 469, 512, 530, 557, 566], "excluded_lines": []}}, "classes": {"DatabaseManager": {"executed_lines": [], "summary": {"covered_lines": 0, "num_statements": 188, "percent_covered": 0.0, "percent_covered_display": "0", "missing_lines": 188, "excluded_lines": 0}, "missing_lines": [33, 34, 35, 36, 37, 41, 42, 44, 45, 48, 51, 52, 54, 59, 60, 65, 67, 68, 69, 74, 75, 76, 77, 78, 79, 80, 81, 82, 86, 180, 182, 183, 184, 187, 188, 189, 190, 191, 193, 195, 196, 197, 222, 241, 242, 247, 248, 249, 250, 251, 252, 253, 268, 274, 275, 276, 277, 278, 279, 280, 289, 290, 291, 293, 294, 296, 297, 298, 299, 300, 301, 310, 315, 316, 317, 318, 319, 320, 321, 322, 341, 348, 349, 354, 355, 356, 357, 358, 379, 380, 382, 383, 384, 385, 386, 387, 388, 389, 390, 391, 392, 393, 394, 395, 396, 397, 398, 399, 400, 401, 402, 403, 404, 405, 407, 408, 410, 411, 413, 415, 416, 417, 418, 419, 420, 421, 422, 423, 427, 429, 430, 431, 432, 433, 434, 435, 449, 450, 452, 453, 454, 455, 456, 457, 459, 460, 462, 463, 464, 465, 466, 467, 490, 491, 492, 494, 501, 502, 507, 508, 509, 510, 514, 521, 522, 523, 524, 525, 526, 532, 534, 536, 537, 539, 540, 543, 544, 546, 547, 549, 550, 552, 553, 555, 559, 560, 561, 562], "excluded_lines": []}, "": {"executed_lines": [], "summary": {"covered_lines": 0, "num_statements": 34, "percent_covered": 0.0, "percent_covered_display": "0", "missing_lines": 34, "excluded_lines": 0}, "missing_lines": [8, 9, 10, 11, 12, 13, 14, 15, 16, 18, 22, 25, 28, 29, 31, 39, 56, 57, 71, 72, 84, 201, 255, 282, 303, 326, 360, 425, 437, 469, 512, 530, 557, 566], "excluded_lines": []}}}, "app\\detector.py": {"executed_lines": [], "summary": {"covered_lines": 0, "num_statements": 249, "percent_covered": 0.0, "percent_covered_display": "0", "missing_lines": 249, "excluded_lines": 0}, "missing_lines": [5, 6, 7, 8, 9, 10, 11, 12, 14, 15, 16, 17, 18, 19, 21, 24, 27, 45, 46, 47, 48, 49, 50, 51, 52, 53, 54, 55, 56, 57, 58, 59, 61, 63, 79, 80, 83, 84, 85, 86, 88, 91, 94, 95, 96, 97, 98, 101, 104, 107, 108, 109, 111, 114, 123, 125, 128, 129, 130, 131, 132, 135, 136, 137, 138, 140, 142, 144, 157, 159, 161, 162, 168, 169, 170, 172, 173, 177, 181, 183, 184, 185, 186, 188, 189, 190, 191, 192, 194, 196, 199, 200, 201, 203, 205, 206, 207, 208, 209, 210, 211, 212, 215, 219, 220, 226, 229, 232, 233, 234, 235, 238, 240, 241, 246, 247, 248, 251, 253, 255, 258, 259, 264, 266, 267, 270, 278, 279, 280, 283, 287, 290, 298, 301, 308, 333, 336, 337, 341, 342, 343, 347, 348, 351, 352, 354, 361, 363, 365, 366, 367, 368, 369, 371, 380, 398, 401, 403, 404, 405, 406, 407, 408, 410, 412, 419, 420, 422, 423, 425, 427, 428, 429, 430, 433, 434, 435, 436, 438, 440, 446, 448, 451, 467, 478, 485, 486, 488, 490, 492, 493, 494, 496, 499, 500, 503, 504, 507, 510, 511, 513, 520, 521, 525, 526, 529, 532, 533, 534, 536, 539, 541, 542, 543, 545, 547, 548, 550, 551, 555, 556, 557, 559, 565, 567, 568, 573, 575, 577, 579, 593, 603, 605, 606, 607, 609, 611, 612, 615, 616, 617, 618, 621, 626, 632, 634, 636, 637, 640], "excluded_lines": [], "functions": {"AnomalyResult.__init__": {"executed_lines": [], "summary": {"covered_lines": 0, "num_statements": 15, "percent_covered": 0.0, "percent_covered_display": "0", "missing_lines": 15, "excluded_lines": 0}, "missing_lines": [45, 46, 47, 48, 49, 50, 51, 52, 53, 54, 55, 56, 57, 58, 59], "excluded_lines": []}, "AnomalyResult.to_dict": {"executed_lines": [], "summary": {"covered_lines": 0, "num_statements": 8, "percent_covered": 0.0, "percent_covered_display": "0", "missing_lines": 8, "excluded_lines": 0}, "missing_lines": [63, 79, 80, 83, 84, 85, 86, 88], "excluded_lines": []}, "AnomalyDetector.__init__": {"executed_lines": [], "summary": {"covered_lines": 0, "num_statements": 11, "percent_covered": 0.0, "percent_covered_display": "0", "missing_lines": 11, "excluded_lines": 0}, "missing_lines": [95, 96, 97, 98, 101, 104, 107, 108, 109, 111, 114], "excluded_lines": []}, "AnomalyDetector.initialize": {"executed_lines": [], "summary": {"covered_lines": 0, "num_statements": 12, "percent_covered": 0.0, "percent_covered_display": "0", "missing_lines": 12, "excluded_lines": 0}, "missing_lines": [125, 128, 129, 130, 131, 132, 135, 136, 137, 138, 140, 142], "excluded_lines": []}, "AnomalyDetector.detect_metric_anomalies": {"executed_lines": [], "summary": {"covered_lines": 0, "num_statements": 76, "percent_covered": 0.0, "percent_covered_display": "0", "missing_lines": 76, "excluded_lines": 0}, "missing_lines": [157, 159, 161, 162, 168, 169, 170, 172, 173, 177, 181, 194, 196, 199, 200, 201, 203, 205, 206, 207, 208, 209, 210, 211, 212, 215, 219, 220, 226, 229, 232, 233, 234, 235, 238, 240, 241, 246, 247, 248, 251, 253, 255, 258, 259, 264, 266, 267, 270, 278, 279, 280, 283, 287, 290, 298, 301, 308, 333, 336, 337, 341, 342, 343, 347, 348, 351, 352, 354, 361, 363, 365, 366, 367, 368, 369], "excluded_lines": []}, "AnomalyDetector.detect_metric_anomalies.recursive_flatten": {"executed_lines": [], "summary": {"covered_lines": 0, "num_statements": 9, "percent_covered": 0.0, "percent_covered_display": "0", "missing_lines": 9, "excluded_lines": 0}, "missing_lines": [183, 184, 185, 186, 188, 189, 190, 191, 192], "excluded_lines": []}, "AnomalyDetector._calculate_severity": {"executed_lines": [], "summary": {"covered_lines": 0, "num_statements": 10, "percent_covered": 0.0, "percent_covered_display": "0", "missing_lines": 10, "excluded_lines": 0}, "missing_lines": [380, 398, 401, 403, 404, 405, 406, 407, 408, 410], "excluded_lines": []}, "AnomalyDetector._check_thresholds": {"executed_lines": [], "summary": {"covered_lines": 0, "num_statements": 14, "percent_covered": 0.0, "percent_covered_display": "0", "missing_lines": 14, "excluded_lines": 0}, "missing_lines": [419, 420, 422, 423, 425, 427, 428, 429, 430, 433, 434, 435, 436, 438], "excluded_lines": []}, "AnomalyDetector._send_alert": {"executed_lines": [], "summary": {"covered_lines": 0, "num_statements": 7, "percent_covered": 0.0, "percent_covered_display": "0", "missing_lines": 7, "excluded_lines": 0}, "missing_lines": [446, 448, 451, 467, 478, 485, 486], "excluded_lines": []}, "AnomalyDetector.check_all_metrics": {"executed_lines": [], "summary": {"covered_lines": 0, "num_statements": 26, "percent_covered": 0.0, "percent_covered_display": "0", "missing_lines": 26, "excluded_lines": 0}, "missing_lines": [490, 492, 493, 494, 496, 499, 500, 503, 504, 507, 510, 511, 513, 520, 521, 525, 526, 529, 532, 533, 534, 536, 539, 541, 542, 543], "excluded_lines": []}, "AnomalyDetector.save_models": {"executed_lines": [], "summary": {"covered_lines": 0, "num_statements": 7, "percent_covered": 0.0, "percent_covered_display": "0", "missing_lines": 7, "excluded_lines": 0}, "missing_lines": [547, 548, 550, 551, 555, 556, 557], "excluded_lines": []}, "AnomalyDetector.get_recent_anomalies": {"executed_lines": [], "summary": {"covered_lines": 0, "num_statements": 4, "percent_covered": 0.0, "percent_covered_display": "0", "missing_lines": 4, "excluded_lines": 0}, "missing_lines": [565, 567, 568, 573], "excluded_lines": []}, "AnomalyDetector.get_stats": {"executed_lines": [], "summary": {"covered_lines": 0, "num_statements": 2, "percent_covered": 0.0, "percent_covered_display": "0", "missing_lines": 2, "excluded_lines": 0}, "missing_lines": [577, 579], "excluded_lines": []}, "AnomalyDetector.resolve_stale_anomalies": {"executed_lines": [], "summary": {"covered_lines": 0, "num_statements": 14, "percent_covered": 0.0, "percent_covered_display": "0", "missing_lines": 14, "excluded_lines": 0}, "missing_lines": [603, 605, 606, 607, 609, 611, 612, 615, 616, 617, 618, 621, 626, 632], "excluded_lines": []}, "AnomalyDetector.cleanup": {"executed_lines": [], "summary": {"covered_lines": 0, "num_statements": 3, "percent_covered": 0.0, "percent_covered_display": "0", "missing_lines": 3, "excluded_lines": 0}, "missing_lines": [636, 637, 640], "excluded_lines": []}, "": {"executed_lines": [], "summary": {"covered_lines": 0, "num_statements": 31, "percent_covered": 0.0, "percent_covered_display": "0", "missing_lines": 31, "excluded_lines": 0}, "missing_lines": [5, 6, 7, 8, 9, 10, 11, 12, 14, 15, 16, 17, 18, 19, 21, 24, 27, 61, 91, 94, 123, 144, 371, 412, 440, 488, 545, 559, 575, 593, 634], "excluded_lines": []}}, "classes": {"AnomalyResult": {"executed_lines": [], "summary": {"covered_lines": 0, "num_statements": 23, "percent_covered": 0.0, "percent_covered_display": "0", "missing_lines": 23, "excluded_lines": 0}, "missing_lines": [45, 46, 47, 48, 49, 50, 51, 52, 53, 54, 55, 56, 57, 58, 59, 63, 79, 80, 83, 84, 85, 86, 88], "excluded_lines": []}, "AnomalyDetector": {"executed_lines": [], "summary": {"covered_lines": 0, "num_statements": 195, "percent_covered": 0.0, "percent_covered_display": "0", "missing_lines": 195, "excluded_lines": 0}, "missing_lines": [95, 96, 97, 98, 101, 104, 107, 108, 109, 111, 114, 125, 128, 129, 130, 131, 132, 135, 136, 137, 138, 140, 142, 157, 159, 161, 162, 168, 169, 170, 172, 173, 177, 181, 183, 184, 185, 186, 188, 189, 190, 191, 192, 194, 196, 199, 200, 201, 203, 205, 206, 207, 208, 209, 210, 211, 212, 215, 219, 220, 226, 229, 232, 233, 234, 235, 238, 240, 241, 246, 247, 248, 251, 253, 255, 258, 259, 264, 266, 267, 270, 278, 279, 280, 283, 287, 290, 298, 301, 308, 333, 336, 337, 341, 342, 343, 347, 348, 351, 352, 354, 361, 363, 365, 366, 367, 368, 369, 380, 398, 401, 403, 404, 405, 406, 407, 408, 410, 419, 420, 422, 423, 425, 427, 428, 429, 430, 433, 434, 435, 436, 438, 446, 448, 451, 467, 478, 485, 486, 490, 492, 493, 494, 496, 499, 500, 503, 504, 507, 510, 511, 513, 520, 521, 525, 526, 529, 532, 533, 534, 536, 539, 541, 542, 543, 547, 548, 550, 551, 555, 556, 557, 565, 567, 568, 573, 577, 579, 603, 605, 606, 607, 609, 611, 612, 615, 616, 617, 618, 621, 626, 632, 636, 637, 640], "excluded_lines": []}, "": {"executed_lines": [], "summary": {"covered_lines": 0, "num_statements": 31, "percent_covered": 0.0, "percent_covered_display": "0", "missing_lines": 31, "excluded_lines": 0}, "missing_lines": [5, 6, 7, 8, 9, 10, 11, 12, 14, 15, 16, 17, 18, 19, 21, 24, 27, 61, 91, 94, 123, 144, 371, 412, 440, 488, 545, 559, 575, 593, 634], "excluded_lines": []}}}, "app\\main.py": {"executed_lines": [], "summary": {"covered_lines": 0, "num_statements": 50, "percent_covered": 0.0, "percent_covered_display": "0", "missing_lines": 50, "excluded_lines": 0}, "missing_lines": [5, 6, 7, 8, 10, 11, 13, 14, 15, 20, 21, 22, 24, 25, 26, 27, 28, 29, 30, 31, 35, 37, 40, 43, 44, 50, 57, 58, 59, 62, 66, 70, 71, 75, 77, 78, 80, 87, 89, 91, 94, 97, 106, 107, 108, 109, 110, 111, 114, 115], "excluded_lines": [], "functions": {"setup_logging": {"executed_lines": [], "summary": {"covered_lines": 0, "num_statements": 8, "percent_covered": 0.0, "percent_covered_display": "0", "missing_lines": 8, "excluded_lines": 0}, "missing_lines": [37, 40, 43, 44, 50, 57, 58, 59], "excluded_lines": []}, "shutdown_event": {"executed_lines": [], "summary": {"covered_lines": 0, "num_statements": 4, "percent_covered": 0.0, "percent_covered_display": "0", "missing_lines": 4, "excluded_lines": 0}, "missing_lines": [75, 77, 78, 80], "excluded_lines": []}, "main": {"executed_lines": [], "summary": {"covered_lines": 0, "num_statements": 10, "percent_covered": 0.0, "percent_covered_display": "0", "missing_lines": 10, "excluded_lines": 0}, "missing_lines": [89, 91, 94, 97, 106, 107, 108, 109, 110, 111], "excluded_lines": []}, "": {"executed_lines": [], "summary": {"covered_lines": 0, "num_statements": 28, "percent_covered": 0.0, "percent_covered_display": "0", "missing_lines": 28, "excluded_lines": 0}, "missing_lines": [5, 6, 7, 8, 10, 11, 13, 14, 15, 20, 21, 22, 24, 25, 26, 27, 28, 29, 30, 31, 35, 62, 66, 70, 71, 87, 114, 115], "excluded_lines": []}}, "classes": {"": {"executed_lines": [], "summary": {"covered_lines": 0, "num_statements": 50, "percent_covered": 0.0, "percent_covered_display": "0", "missing_lines": 50, "excluded_lines": 0}, "missing_lines": [5, 6, 7, 8, 10, 11, 13, 14, 15, 20, 21, 22, 24, 25, 26, 27, 28, 29, 30, 31, 35, 37, 40, 43, 44, 50, 57, 58, 59, 62, 66, 70, 71, 75, 77, 78, 80, 87, 89, 91, 94, 97, 106, 107, 108, 109, 110, 111, 114, 115], "excluded_lines": []}}}, "app\\models.py": {"executed_lines": [], "summary": {"covered_lines": 0, "num_statements": 246, "percent_covered": 0.0, "percent_covered_display": "0", "missing_lines": 246, "excluded_lines": 0}, "missing_lines": [5, 6, 7, 8, 9, 10, 11, 12, 14, 15, 16, 17, 18, 20, 22, 25, 28, 29, 30, 31, 32, 33, 35, 45, 47, 57, 59, 69, 71, 73, 74, 75, 76, 77, 80, 83, 84, 86, 87, 95, 97, 99, 102, 103, 104, 106, 107, 108, 109, 110, 112, 114, 115, 117, 118, 120, 122, 123, 125, 126, 129, 132, 133, 135, 136, 137, 143, 145, 146, 147, 148, 149, 151, 152, 153, 154, 155, 157, 159, 160, 162, 163, 165, 167, 168, 170, 171, 174, 177, 178, 179, 185, 187, 188, 189, 190, 191, 193, 194, 195, 196, 197, 199, 201, 202, 204, 205, 207, 209, 210, 212, 213, 216, 219, 220, 222, 223, 224, 225, 226, 228, 230, 231, 232, 233, 234, 236, 237, 238, 239, 240, 242, 244, 245, 247, 248, 249, 251, 253, 254, 256, 257, 260, 263, 264, 265, 268, 269, 273, 274, 276, 277, 279, 280, 282, 284, 294, 295, 297, 298, 299, 300, 301, 302, 303, 305, 307, 324, 327, 328, 333, 338, 339, 340, 343, 344, 346, 347, 348, 349, 350, 351, 352, 354, 355, 358, 360, 361, 368, 369, 371, 372, 373, 376, 377, 378, 379, 380, 382, 383, 385, 387, 389, 391, 393, 401, 403, 404, 405, 406, 407, 409, 411, 412, 421, 422, 423, 425, 426, 428, 429, 430, 432, 439, 440, 441, 443, 444, 445, 446, 448, 449, 450, 451, 452, 454, 455, 458, 459, 460, 461, 462, 463, 465, 466, 467], "excluded_lines": [], "functions": {"AnomalyModel.__init__": {"executed_lines": [], "summary": {"covered_lines": 0, "num_statements": 5, "percent_covered": 0.0, "percent_covered_display": "0", "missing_lines": 5, "excluded_lines": 0}, "missing_lines": [29, 30, 31, 32, 33], "excluded_lines": []}, "AnomalyModel.train": {"executed_lines": [], "summary": {"covered_lines": 0, "num_statements": 1, "percent_covered": 0.0, "percent_covered_display": "0", "missing_lines": 1, "excluded_lines": 0}, "missing_lines": [45], "excluded_lines": []}, "AnomalyModel.predict": {"executed_lines": [], "summary": {"covered_lines": 0, "num_statements": 1, "percent_covered": 0.0, "percent_covered_display": "0", "missing_lines": 1, "excluded_lines": 0}, "missing_lines": [57], "excluded_lines": []}, "AnomalyModel.score": {"executed_lines": [], "summary": {"covered_lines": 0, "num_statements": 1, "percent_covered": 0.0, "percent_covered_display": "0", "missing_lines": 1, "excluded_lines": 0}, "missing_lines": [69], "excluded_lines": []}, "AnomalyModel.needs_retraining": {"executed_lines": [], "summary": {"covered_lines": 0, "num_statements": 5, "percent_covered": 0.0, "percent_covered_display": "0", "missing_lines": 5, "excluded_lines": 0}, "missing_lines": [73, 74, 75, 76, 77], "excluded_lines": []}, "IsolationForestModel.__init__": {"executed_lines": [], "summary": {"covered_lines": 0, "num_statements": 3, "percent_covered": 0.0, "percent_covered_display": "0", "missing_lines": 3, "excluded_lines": 0}, "missing_lines": [84, 86, 87], "excluded_lines": []}, "IsolationForestModel.train": {"executed_lines": [], "summary": {"covered_lines": 0, "num_statements": 10, "percent_covered": 0.0, "percent_covered_display": "0", "missing_lines": 10, "excluded_lines": 0}, "missing_lines": [97, 99, 102, 103, 104, 106, 107, 108, 109, 110], "excluded_lines": []}, "IsolationForestModel.predict": {"executed_lines": [], "summary": {"covered_lines": 0, "num_statements": 4, "percent_covered": 0.0, "percent_covered_display": "0", "missing_lines": 4, "excluded_lines": 0}, "missing_lines": [114, 115, 117, 118], "excluded_lines": []}, "IsolationForestModel.score": {"executed_lines": [], "summary": {"covered_lines": 0, "num_statements": 4, "percent_covered": 0.0, "percent_covered_display": "0", "missing_lines": 4, "excluded_lines": 0}, "missing_lines": [122, 123, 125, 126], "excluded_lines": []}, "LOFModel.__init__": {"executed_lines": [], "summary": {"covered_lines": 0, "num_statements": 4, "percent_covered": 0.0, "percent_covered_display": "0", "missing_lines": 4, "excluded_lines": 0}, "missing_lines": [133, 135, 136, 137], "excluded_lines": []}, "LOFModel.train": {"executed_lines": [], "summary": {"covered_lines": 0, "num_statements": 10, "percent_covered": 0.0, "percent_covered_display": "0", "missing_lines": 10, "excluded_lines": 0}, "missing_lines": [145, 146, 147, 148, 149, 151, 152, 153, 154, 155], "excluded_lines": []}, "LOFModel.predict": {"executed_lines": [], "summary": {"covered_lines": 0, "num_statements": 4, "percent_covered": 0.0, "percent_covered_display": "0", "missing_lines": 4, "excluded_lines": 0}, "missing_lines": [159, 160, 162, 163], "excluded_lines": []}, "LOFModel.score": {"executed_lines": [], "summary": {"covered_lines": 0, "num_statements": 4, "percent_covered": 0.0, "percent_covered_display": "0", "missing_lines": 4, "excluded_lines": 0}, "missing_lines": [167, 168, 170, 171], "excluded_lines": []}, "OneClassSVMModel.__init__": {"executed_lines": [], "summary": {"covered_lines": 0, "num_statements": 2, "percent_covered": 0.0, "percent_covered_display": "0", "missing_lines": 2, "excluded_lines": 0}, "missing_lines": [178, 179], "excluded_lines": []}, "OneClassSVMModel.train": {"executed_lines": [], "summary": {"covered_lines": 0, "num_statements": 10, "percent_covered": 0.0, "percent_covered_display": "0", "missing_lines": 10, "excluded_lines": 0}, "missing_lines": [187, 188, 189, 190, 191, 193, 194, 195, 196, 197], "excluded_lines": []}, "OneClassSVMModel.predict": {"executed_lines": [], "summary": {"covered_lines": 0, "num_statements": 4, "percent_covered": 0.0, "percent_covered_display": "0", "missing_lines": 4, "excluded_lines": 0}, "missing_lines": [201, 202, 204, 205], "excluded_lines": []}, "OneClassSVMModel.score": {"executed_lines": [], "summary": {"covered_lines": 0, "num_statements": 4, "percent_covered": 0.0, "percent_covered_display": "0", "missing_lines": 4, "excluded_lines": 0}, "missing_lines": [209, 210, 212, 213], "excluded_lines": []}, "StatisticalModel.__init__": {"executed_lines": [], "summary": {"covered_lines": 0, "num_statements": 6, "percent_covered": 0.0, "percent_covered_display": "0", "missing_lines": 6, "excluded_lines": 0}, "missing_lines": [220, 222, 223, 224, 225, 226], "excluded_lines": []}, "StatisticalModel.train": {"executed_lines": [], "summary": {"covered_lines": 0, "num_statements": 10, "percent_covered": 0.0, "percent_covered_display": "0", "missing_lines": 10, "excluded_lines": 0}, "missing_lines": [230, 231, 232, 233, 234, 236, 237, 238, 239, 240], "excluded_lines": []}, "StatisticalModel.predict": {"executed_lines": [], "summary": {"covered_lines": 0, "num_statements": 5, "percent_covered": 0.0, "percent_covered_display": "0", "missing_lines": 5, "excluded_lines": 0}, "missing_lines": [244, 245, 247, 248, 249], "excluded_lines": []}, "StatisticalModel.score": {"executed_lines": [], "summary": {"covered_lines": 0, "num_statements": 4, "percent_covered": 0.0, "percent_covered_display": "0", "missing_lines": 4, "excluded_lines": 0}, "missing_lines": [253, 254, 256, 257], "excluded_lines": []}, "ModelEnsemble.__init__": {"executed_lines": [], "summary": {"covered_lines": 0, "num_statements": 11, "percent_covered": 0.0, "percent_covered_display": "0", "missing_lines": 11, "excluded_lines": 0}, "missing_lines": [264, 265, 268, 269, 273, 274, 276, 277, 279, 280, 282], "excluded_lines": []}, "ModelEnsemble.train_all": {"executed_lines": [], "summary": {"covered_lines": 0, "num_statements": 10, "percent_covered": 0.0, "percent_covered_display": "0", "missing_lines": 10, "excluded_lines": 0}, "missing_lines": [294, 295, 297, 298, 299, 300, 301, 302, 303, 305], "excluded_lines": []}, "ModelEnsemble.detect_anomalies": {"executed_lines": [], "summary": {"covered_lines": 0, "num_statements": 35, "percent_covered": 0.0, "percent_covered_display": "0", "missing_lines": 35, "excluded_lines": 0}, "missing_lines": [324, 327, 328, 333, 338, 339, 340, 343, 344, 346, 347, 348, 349, 350, 351, 352, 354, 355, 358, 360, 361, 368, 369, 371, 372, 373, 376, 377, 378, 379, 380, 382, 383, 385, 387], "excluded_lines": []}, "ModelEnsemble.get_model": {"executed_lines": [], "summary": {"covered_lines": 0, "num_statements": 1, "percent_covered": 0.0, "percent_covered_display": "0", "missing_lines": 1, "excluded_lines": 0}, "missing_lines": [391], "excluded_lines": []}, "ModelEnsemble.save_models": {"executed_lines": [], "summary": {"covered_lines": 0, "num_statements": 17, "percent_covered": 0.0, "percent_covered_display": "0", "missing_lines": 17, "excluded_lines": 0}, "missing_lines": [401, 403, 404, 405, 406, 407, 409, 411, 412, 421, 422, 423, 425, 426, 428, 429, 430], "excluded_lines": []}, "ModelEnsemble.load_models": {"executed_lines": [], "summary": {"covered_lines": 0, "num_statements": 23, "percent_covered": 0.0, "percent_covered_display": "0", "missing_lines": 23, "excluded_lines": 0}, "missing_lines": [439, 440, 441, 443, 444, 445, 446, 448, 449, 450, 451, 452, 454, 455, 458, 459, 460, 461, 462, 463, 465, 466, 467], "excluded_lines": []}, "": {"executed_lines": [], "summary": {"covered_lines": 0, "num_statements": 48, "percent_covered": 0.0, "percent_covered_display": "0", "missing_lines": 48, "excluded_lines": 0}, "missing_lines": [5, 6, 7, 8, 9, 10, 11, 12, 14, 15, 16, 17, 18, 20, 22, 25, 28, 35, 47, 59, 71, 80, 83, 95, 112, 120, 129, 132, 143, 157, 165, 174, 177, 185, 199, 207, 216, 219, 228, 242, 251, 260, 263, 284, 307, 389, 393, 432], "excluded_lines": []}}, "classes": {"AnomalyModel": {"executed_lines": [], "summary": {"covered_lines": 0, "num_statements": 13, "percent_covered": 0.0, "percent_covered_display": "0", "missing_lines": 13, "excluded_lines": 0}, "missing_lines": [29, 30, 31, 32, 33, 45, 57, 69, 73, 74, 75, 76, 77], "excluded_lines": []}, "IsolationForestModel": {"executed_lines": [], "summary": {"covered_lines": 0, "num_statements": 21, "percent_covered": 0.0, "percent_covered_display": "0", "missing_lines": 21, "excluded_lines": 0}, "missing_lines": [84, 86, 87, 97, 99, 102, 103, 104, 106, 107, 108, 109, 110, 114, 115, 117, 118, 122, 123, 125, 126], "excluded_lines": []}, "LOFModel": {"executed_lines": [], "summary": {"covered_lines": 0, "num_statements": 22, "percent_covered": 0.0, "percent_covered_display": "0", "missing_lines": 22, "excluded_lines": 0}, "missing_lines": [133, 135, 136, 137, 145, 146, 147, 148, 149, 151, 152, 153, 154, 155, 159, 160, 162, 163, 167, 168, 170, 171], "excluded_lines": []}, "OneClassSVMModel": {"executed_lines": [], "summary": {"covered_lines": 0, "num_statements": 20, "percent_covered": 0.0, "percent_covered_display": "0", "missing_lines": 20, "excluded_lines": 0}, "missing_lines": [178, 179, 187, 188, 189, 190, 191, 193, 194, 195, 196, 197, 201, 202, 204, 205, 209, 210, 212, 213], "excluded_lines": []}, "StatisticalModel": {"executed_lines": [], "summary": {"covered_lines": 0, "num_statements": 25, "percent_covered": 0.0, "percent_covered_display": "0", "missing_lines": 25, "excluded_lines": 0}, "missing_lines": [220, 222, 223, 224, 225, 226, 230, 231, 232, 233, 234, 236, 237, 238, 239, 240, 244, 245, 247, 248, 249, 253, 254, 256, 257], "excluded_lines": []}, "ModelEnsemble": {"executed_lines": [], "summary": {"covered_lines": 0, "num_statements": 97, "percent_covered": 0.0, "percent_covered_display": "0", "missing_lines": 97, "excluded_lines": 0}, "missing_lines": [264, 265, 268, 269, 273, 274, 276, 277, 279, 280, 282, 294, 295, 297, 298, 299, 300, 301, 302, 303, 305, 324, 327, 328, 333, 338, 339, 340, 343, 344, 346, 347, 348, 349, 350, 351, 352, 354, 355, 358, 360, 361, 368, 369, 371, 372, 373, 376, 377, 378, 379, 380, 382, 383, 385, 387, 391, 401, 403, 404, 405, 406, 407, 409, 411, 412, 421, 422, 423, 425, 426, 428, 429, 430, 439, 440, 441, 443, 444, 445, 446, 448, 449, 450, 451, 452, 454, 455, 458, 459, 460, 461, 462, 463, 465, 466, 467], "excluded_lines": []}, "": {"executed_lines": [], "summary": {"covered_lines": 0, "num_statements": 48, "percent_covered": 0.0, "percent_covered_display": "0", "missing_lines": 48, "excluded_lines": 0}, "missing_lines": [5, 6, 7, 8, 9, 10, 11, 12, 14, 15, 16, 17, 18, 20, 22, 25, 28, 35, 47, 59, 71, 80, 83, 95, 112, 120, 129, 132, 143, 157, 165, 174, 177, 185, 199, 207, 216, 219, 228, 242, 251, 260, 263, 284, 307, 389, 393, 432], "excluded_lines": []}}}, "app\\prometheus_client.py": {"executed_lines": [], "summary": {"covered_lines": 0, "num_statements": 125, "percent_covered": 0.0, "percent_covered_display": "0", "missing_lines": 125, "excluded_lines": 0}, "missing_lines": [5, 6, 7, 8, 9, 11, 13, 16, 18, 21, 24, 25, 26, 32, 37, 47, 48, 52, 54, 56, 57, 58, 60, 62, 63, 64, 65, 66, 67, 69, 74, 93, 94, 103, 105, 107, 108, 109, 111, 113, 114, 115, 116, 117, 118, 120, 137, 138, 140, 141, 143, 144, 145, 146, 150, 152, 154, 157, 158, 159, 160, 161, 162, 163, 164, 165, 168, 169, 175, 178, 179, 181, 182, 183, 184, 186, 187, 188, 190, 191, 193, 194, 195, 196, 197, 198, 200, 217, 218, 220, 221, 223, 224, 225, 228, 229, 231, 232, 235, 236, 240, 242, 244, 245, 246, 248, 255, 256, 257, 258, 259, 260, 262, 269, 270, 271, 273, 274, 275, 276, 277, 278, 279, 281, 283], "excluded_lines": [], "functions": {"PrometheusClient.__init__": {"executed_lines": [], "summary": {"covered_lines": 0, "num_statements": 2, "percent_covered": 0.0, "percent_covered_display": "0", "missing_lines": 2, "excluded_lines": 0}, "missing_lines": [25, 26], "excluded_lines": []}, "PrometheusClient.query": {"executed_lines": [], "summary": {"covered_lines": 0, "num_statements": 14, "percent_covered": 0.0, "percent_covered_display": "0", "missing_lines": 14, "excluded_lines": 0}, "missing_lines": [47, 48, 52, 54, 56, 57, 58, 60, 62, 63, 64, 65, 66, 67], "excluded_lines": []}, "PrometheusClient.query_range": {"executed_lines": [], "summary": {"covered_lines": 0, "num_statements": 14, "percent_covered": 0.0, "percent_covered_display": "0", "missing_lines": 14, "excluded_lines": 0}, "missing_lines": [93, 94, 103, 105, 107, 108, 109, 111, 113, 114, 115, 116, 117, 118], "excluded_lines": []}, "PrometheusClient.fetch_metric_values": {"executed_lines": [], "summary": {"covered_lines": 0, "num_statements": 40, "percent_covered": 0.0, "percent_covered_display": "0", "missing_lines": 40, "excluded_lines": 0}, "missing_lines": [137, 138, 140, 141, 143, 144, 145, 146, 150, 152, 154, 157, 158, 159, 160, 161, 162, 163, 164, 165, 168, 169, 175, 178, 179, 181, 182, 183, 184, 186, 187, 188, 190, 191, 193, 194, 195, 196, 197, 198], "excluded_lines": []}, "PrometheusClient.fetch_metric_with_labels": {"executed_lines": [], "summary": {"covered_lines": 0, "num_statements": 18, "percent_covered": 0.0, "percent_covered_display": "0", "missing_lines": 18, "excluded_lines": 0}, "missing_lines": [217, 218, 220, 221, 223, 224, 225, 228, 229, 231, 232, 235, 236, 240, 242, 244, 245, 246], "excluded_lines": []}, "PrometheusClient.test_connection": {"executed_lines": [], "summary": {"covered_lines": 0, "num_statements": 6, "percent_covered": 0.0, "percent_covered_display": "0", "missing_lines": 6, "excluded_lines": 0}, "missing_lines": [255, 256, 257, 258, 259, 260], "excluded_lines": []}, "PrometheusClient.get_targets": {"executed_lines": [], "summary": {"covered_lines": 0, "num_statements": 10, "percent_covered": 0.0, "percent_covered_display": "0", "missing_lines": 10, "excluded_lines": 0}, "missing_lines": [269, 270, 271, 273, 274, 275, 276, 277, 278, 279], "excluded_lines": []}, "PrometheusClient.close": {"executed_lines": [], "summary": {"covered_lines": 0, "num_statements": 1, "percent_covered": 0.0, "percent_covered_display": "0", "missing_lines": 1, "excluded_lines": 0}, "missing_lines": [283], "excluded_lines": []}, "": {"executed_lines": [], "summary": {"covered_lines": 0, "num_statements": 20, "percent_covered": 0.0, "percent_covered_display": "0", "missing_lines": 20, "excluded_lines": 0}, "missing_lines": [5, 6, 7, 8, 9, 11, 13, 16, 18, 21, 24, 32, 37, 69, 74, 120, 200, 248, 262, 281], "excluded_lines": []}}, "classes": {"PrometheusError": {"executed_lines": [], "summary": {"covered_lines": 0, "num_statements": 0, "percent_covered": 100.0, "percent_covered_display": "100", "missing_lines": 0, "excluded_lines": 0}, "missing_lines": [], "excluded_lines": []}, "PrometheusClient": {"executed_lines": [], "summary": {"covered_lines": 0, "num_statements": 105, "percent_covered": 0.0, "percent_covered_display": "0", "missing_lines": 105, "excluded_lines": 0}, "missing_lines": [25, 26, 47, 48, 52, 54, 56, 57, 58, 60, 62, 63, 64, 65, 66, 67, 93, 94, 103, 105, 107, 108, 109, 111, 113, 114, 115, 116, 117, 118, 137, 138, 140, 141, 143, 144, 145, 146, 150, 152, 154, 157, 158, 159, 160, 161, 162, 163, 164, 165, 168, 169, 175, 178, 179, 181, 182, 183, 184, 186, 187, 188, 190, 191, 193, 194, 195, 196, 197, 198, 217, 218, 220, 221, 223, 224, 225, 228, 229, 231, 232, 235, 236, 240, 242, 244, 245, 246, 255, 256, 257, 258, 259, 260, 269, 270, 271, 273, 274, 275, 276, 277, 278, 279, 283], "excluded_lines": []}, "": {"executed_lines": [], "summary": {"covered_lines": 0, "num_statements": 20, "percent_covered": 0.0, "percent_covered_display": "0", "missing_lines": 20, "excluded_lines": 0}, "missing_lines": [5, 6, 7, 8, 9, 11, 13, 16, 18, 21, 24, 32, 37, 69, 74, 120, 200, 248, 262, 281], "excluded_lines": []}}}, "app\\service.py": {"executed_lines": [], "summary": {"covered_lines": 0, "num_statements": 133, "percent_covered": 0.0, "percent_covered_display": "0", "missing_lines": 133, "excluded_lines": 0}, "missing_lines": [5, 6, 7, 8, 10, 11, 12, 13, 15, 18, 21, 22, 23, 24, 25, 26, 27, 28, 31, 36, 38, 40, 42, 44, 45, 46, 47, 49, 50, 51, 52, 54, 55, 56, 57, 59, 61, 62, 63, 65, 66, 67, 68, 69, 72, 73, 76, 78, 80, 81, 83, 84, 85, 86, 87, 88, 89, 91, 93, 95, 98, 100, 101, 102, 103, 106, 107, 108, 111, 112, 113, 115, 116, 117, 120, 122, 123, 124, 125, 126, 128, 130, 132, 133, 134, 136, 137, 138, 139, 141, 142, 143, 144, 146, 148, 151, 153, 154, 155, 156, 158, 159, 161, 162, 163, 166, 169, 171, 172, 173, 175, 180, 182, 183, 188, 190, 195, 196, 198, 200, 201, 202, 204, 205, 206, 207, 208, 210, 211, 212, 213, 214, 216], "excluded_lines": [], "functions": {"DetectionService.__init__": {"executed_lines": [], "summary": {"covered_lines": 0, "num_statements": 9, "percent_covered": 0.0, "percent_covered_display": "0", "missing_lines": 9, "excluded_lines": 0}, "missing_lines": [22, 23, 24, 25, 26, 27, 28, 31, 36], "excluded_lines": []}, "DetectionService._parse_baseline_interval": {"executed_lines": [], "summary": {"covered_lines": 0, "num_statements": 14, "percent_covered": 0.0, "percent_covered_display": "0", "missing_lines": 14, "excluded_lines": 0}, "missing_lines": [40, 42, 44, 45, 46, 47, 49, 50, 51, 52, 54, 55, 56, 57], "excluded_lines": []}, "DetectionService.start": {"executed_lines": [], "summary": {"covered_lines": 0, "num_statements": 11, "percent_covered": 0.0, "percent_covered_display": "0", "missing_lines": 11, "excluded_lines": 0}, "missing_lines": [61, 62, 63, 65, 66, 67, 68, 69, 72, 73, 76], "excluded_lines": []}, "DetectionService.stop": {"executed_lines": [], "summary": {"covered_lines": 0, "num_statements": 10, "percent_covered": 0.0, "percent_covered_display": "0", "missing_lines": 10, "excluded_lines": 0}, "missing_lines": [80, 81, 83, 84, 85, 86, 87, 88, 89, 91], "excluded_lines": []}, "DetectionService._detection_loop": {"executed_lines": [], "summary": {"covered_lines": 0, "num_statements": 22, "percent_covered": 0.0, "percent_covered_display": "0", "missing_lines": 22, "excluded_lines": 0}, "missing_lines": [95, 98, 100, 101, 102, 103, 106, 107, 108, 111, 112, 113, 115, 116, 117, 120, 122, 123, 124, 125, 126, 128], "excluded_lines": []}, "DetectionService._model_persistence_loop": {"executed_lines": [], "summary": {"covered_lines": 0, "num_statements": 11, "percent_covered": 0.0, "percent_covered_display": "0", "missing_lines": 11, "excluded_lines": 0}, "missing_lines": [132, 133, 134, 136, 137, 138, 139, 141, 142, 143, 144], "excluded_lines": []}, "DetectionService._baseline_refresh_loop": {"executed_lines": [], "summary": {"covered_lines": 0, "num_statements": 39, "percent_covered": 0.0, "percent_covered_display": "0", "missing_lines": 39, "excluded_lines": 0}, "missing_lines": [148, 151, 153, 154, 155, 156, 158, 159, 161, 162, 163, 166, 169, 171, 172, 173, 175, 180, 182, 183, 188, 190, 195, 196, 198, 200, 201, 202, 204, 205, 206, 207, 208, 210, 211, 212, 213, 214, 216], "excluded_lines": []}, "": {"executed_lines": [], "summary": {"covered_lines": 0, "num_statements": 17, "percent_covered": 0.0, "percent_covered_display": "0", "missing_lines": 17, "excluded_lines": 0}, "missing_lines": [5, 6, 7, 8, 10, 11, 12, 13, 15, 18, 21, 38, 59, 78, 93, 130, 146], "excluded_lines": []}}, "classes": {"DetectionService": {"executed_lines": [], "summary": {"covered_lines": 0, "num_statements": 116, "percent_covered": 0.0, "percent_covered_display": "0", "missing_lines": 116, "excluded_lines": 0}, "missing_lines": [22, 23, 24, 25, 26, 27, 28, 31, 36, 40, 42, 44, 45, 46, 47, 49, 50, 51, 52, 54, 55, 56, 57, 61, 62, 63, 65, 66, 67, 68, 69, 72, 73, 76, 80, 81, 83, 84, 85, 86, 87, 88, 89, 91, 95, 98, 100, 101, 102, 103, 106, 107, 108, 111, 112, 113, 115, 116, 117, 120, 122, 123, 124, 125, 126, 128, 132, 133, 134, 136, 137, 138, 139, 141, 142, 143, 144, 148, 151, 153, 154, 155, 156, 158, 159, 161, 162, 163, 166, 169, 171, 172, 173, 175, 180, 182, 183, 188, 190, 195, 196, 198, 200, 201, 202, 204, 205, 206, 207, 208, 210, 211, 212, 213, 214, 216], "excluded_lines": []}, "": {"executed_lines": [], "summary": {"covered_lines": 0, "num_statements": 17, "percent_covered": 0.0, "percent_covered_display": "0", "missing_lines": 17, "excluded_lines": 0}, "missing_lines": [5, 6, 7, 8, 10, 11, 12, 13, 15, 18, 21, 38, 59, 78, 93, 130, 146], "excluded_lines": []}}}, "test_fetch.py": {"executed_lines": [], "summary": {"covered_lines": 0, "num_statements": 22, "percent_covered": 0.0, "percent_covered_display": "0", "missing_lines": 22, "excluded_lines": 0}, "missing_lines": [2, 3, 4, 6, 8, 9, 12, 14, 15, 17, 18, 20, 21, 22, 25, 26, 28, 29, 30, 31, 33, 34], "excluded_lines": [], "functions": {"test": {"executed_lines": [], "summary": {"covered_lines": 0, "num_statements": 15, "percent_covered": 0.0, "percent_covered_display": "0", "missing_lines": 15, "excluded_lines": 0}, "missing_lines": [9, 12, 14, 15, 17, 18, 20, 21, 22, 25, 26, 28, 29, 30, 31], "excluded_lines": []}, "": {"executed_lines": [], "summary": {"covered_lines": 0, "num_statements": 7, "percent_covered": 0.0, "percent_covered_display": "0", "missing_lines": 7, "excluded_lines": 0}, "missing_lines": [2, 3, 4, 6, 8, 33, 34], "excluded_lines": []}}, "classes": {"": {"executed_lines": [], "summary": {"covered_lines": 0, "num_statements": 22, "percent_covered": 0.0, "percent_covered_display": "0", "missing_lines": 22, "excluded_lines": 0}, "missing_lines": [2, 3, 4, 6, 8, 9, 12, 14, 15, 17, 18, 20, 21, 22, 25, 26, 28, 29, 30, 31, 33, 34], "excluded_lines": []}}}, "tests\\__init__.py": {"executed_lines": [1], "summary": {"covered_lines": 0, "num_statements": 0, "percent_covered": 100.0, "percent_covered_display": "100", "missing_lines": 0, "excluded_lines": 0}, "missing_lines": [], "excluded_lines": [], "functions": {"": {"executed_lines": [1], "summary": {"covered_lines": 0, "num_statements": 0, "percent_covered": 100.0, "percent_covered_display": "100", "missing_lines": 0, "excluded_lines": 0}, "missing_lines": [], "excluded_lines": []}}, "classes": {"": {"executed_lines": [1], "summary": {"covered_lines": 0, "num_statements": 0, "percent_covered": 100.0, "percent_covered_display": "100", "missing_lines": 0, "excluded_lines": 0}, "missing_lines": [], "excluded_lines": []}}}, "tests\\test_alert_builder.py": {"executed_lines": [1, 6, 7, 8, 9, 12, 13, 15, 18, 19, 21, 22, 24, 26, 27, 29, 38, 40, 41, 42, 43, 45, 47, 50, 51, 52, 53, 54, 57, 58, 59, 60, 63, 64, 65, 66, 67, 68, 69, 70, 71, 73, 75, 78, 79, 81, 83, 93, 94, 97, 100, 102, 104, 112, 117, 124, 131, 136, 138, 140, 142, 143, 146, 147, 150, 151, 153, 155, 163, 164, 165, 167, 170, 173, 175, 177, 178, 179, 181, 183, 184, 185, 187, 190, 193, 196, 198, 200, 206, 212, 213, 215, 217, 224, 225, 234, 236, 239, 247, 250, 258, 260, 262, 263, 265, 267, 269, 279, 280, 281, 283, 285, 288, 289, 290, 292, 293, 294, 297, 298, 300, 302, 308, 309, 310, 313, 314, 316, 318, 320, 330, 331, 333, 335, 337, 348, 349, 352], "summary": {"covered_lines": 134, "num_statements": 135, "percent_covered": 99.25925925925925, "percent_covered_display": "99", "m
[...]
ssing_lines": 0, "excluded_lines": 0}, "missing_lines": [], "excluded_lines": []}, "TestAlertBuilder.sample_anomaly": {"executed_lines": [29], "summary": {"covered_lines": 1, "num_statements": 1, "percent_covered": 100.0, "percent_covered_display": "100", "missing_lines": 0, "excluded_lines": 0}, "missing_lines": [], "excluded_lines": []}, "TestAlertBuilder.test_alert_builder_initialization": {"executed_lines": [40, 41, 42, 43], "summary": {"covered_lines": 4, "num_statements": 4, "percent_covered": 100.0, "percent_covered_display": "100", "missing_lines": 0, "excluded_lines": 0}, "missing_lines": [], "excluded_lines": []}, "TestAlertBuilder.test_build_alert_structure": {"executed_lines": [47, 50, 51, 52, 53, 54, 57, 58, 59, 60, 63, 64, 65, 66, 67, 68, 69, 70, 71], "summary": {"covered_lines": 19, "num_statements": 19, "percent_covered": 100.0, "percent_covered_display": "100", "missing_lines": 0, "excluded_lines": 0}, "missing_lines": [], "excluded_lines": []}, "TestAlertBuilder.test_deviation_calculation": {"executed_lines": [75, 78, 79], "summary": {"covered_lines": 3, "num_statements": 3, "percent_covered": 100.0, "percent_covered_display": "100", "missing_lines": 0, "excluded_lines": 0}, "missing_lines": [], "excluded_lines": []}, "TestAlertBuilder.test_fingerprint_generation": {"executed_lines": [83, 93, 94, 97, 100], "summary": {"covered_lines": 5, "num_statements": 5, "percent_covered": 100.0, "percent_covered_display": "100", "missing_lines": 0, "excluded_lines": 0}, "missing_lines": [], "excluded_lines": []}, "TestAlertBuilder.test_fingerprint_uniqueness": {"executed_lines": [104, 112, 117, 124, 131, 136], "summary": {"covered_lines": 6, "num_statements": 6, "percent_covered": 100.0, "percent_covered_display": "100", "missing_lines": 0, "excluded_lines": 0}, "missing_lines": [], "excluded_lines": []}, "TestAlertBuilder.test_url_generation": {"executed_lines": [140, 142, 143, 146, 147, 150, 151], "summary": {"covered_lines": 7, "num_statements": 7, "percent_covered": 100.0, "percent_covered_display": "100", "missing_lines": 0, "excluded_lines": 0}, "missing_lines": [], "excluded_lines": []}, "TestAlertBuilder.test_confidence_calculation": {"executed_lines": [155, 163, 164, 165], "summary": {"covered_lines": 4, "num_statements": 4, "percent_covered": 100.0, "percent_covered_display": "100", "missing_lines": 0, "excluded_lines": 0}, "missing_lines": [], "excluded_lines": []}, "TestAlertBuilder.test_value_formatting_time": {"executed_lines": [170, 173], "summary": {"covered_lines": 2, "num_statements": 2, "percent_covered": 100.0, "percent_covered_display": "100", "missing_lines": 0, "excluded_lines": 0}, "missing_lines": [], "excluded_lines": []}, "TestAlertBuilder.test_value_formatting_percentage": {"executed_lines": [177, 178, 179], "summary": {"covered_lines": 3, "num_statements": 3, "percent_covered": 100.0, "percent_covered_display": "100", "missing_lines": 0, "excluded_lines": 0}, "missing_lines": [], "excluded_lines": []}, "TestAlertBuilder.test_value_formatting_rate": {"executed_lines": [183, 184, 185], "summary": {"covered_lines": 3, "num_statements": 3, "percent_covered": 100.0, "percent_covered_display": "100", "missing_lines": 0, "excluded_lines": 0}, "missing_lines": [], "excluded_lines": []}, "TestAlertBuilder.test_value_formatting_bytes": {"executed_lines": [190, 193, 196], "summary": {"covered_lines": 3, "num_statements": 3, "percent_covered": 100.0, "percent_covered_display": "100", "missing_lines": 0, "excluded_lines": 0}, "missing_lines": [], "excluded_lines": []}, "TestAlertBuilder.test_additional_labels": {"executed_lines": [200, 206, 212, 213], "summary": {"covered_lines": 4, "num_statements": 4, "percent_covered": 100.0, "percent_covered_display": "100", "missing_lines": 0, "excluded_lines": 0}, "missing_lines": [], "excluded_lines": []}, "TestAlertBuilder.test_summary_emoji": {"executed_lines": [217, 224, 225, 234], "summary": {"covered_lines": 4, "num_statements": 4, "percent_covered": 100.0, "percent_covered_display": "100", "missing_lines": 0, "excluded_lines": 0}, "missing_lines": [], "excluded_lines": []}, "TestAlertBuilder.test_description_direction": {"executed_lines": [239, 247, 250, 258], "summary": {"covered_lines": 4, "num_statements": 4, "percent_covered": 100.0, "percent_covered_display": "100", "missing_lines": 0, "excluded_lines": 0}, "missing_lines": [], "excluded_lines": []}, "TestAlertBuilder.test_singleton_pattern": {"executed_lines": [262, 263, 265], "summary": {"covered_lines": 3, "num_statements": 3, "percent_covered": 100.0, "percent_covered_display": "100", "missing_lines": 0, "excluded_lines": 0}, "missing_lines": [], "excluded_lines": []}, "TestAlertBuilder.test_unmapped_metric_uses_default": {"executed_lines": [269, 279, 280, 281], "summary": {"covered_lines": 4, "num_statements": 4, "percent_covered": 100.0, "percent_covered_display": "100", "missing_lines": 0, "excluded_lines": 0}, "missing_lines": [], "excluded_lines": []}, "TestAlertBuilder.test_timestamp_formatting": {"executed_lines": [285, 288, 289, 290, 292, 293, 294], "summary": {"covered_lines": 7, "num_statements": 7, "percent_covered": 100.0, "percent_covered_display": "100", "missing_lines": 0, "excluded_lines": 0}, "missing_lines": [], "excluded_lines": []}, "TestAlertBuilderMetrics.test_metrics_are_exposed": {"executed_lines": [302, 308, 309, 310], "summary": {"covered_lines": 4, "num_statements": 4, "percent_covered": 100.0, "percent_covered_display": "100", "missing_lines": 0, "excluded_lines": 0}, "missing_lines": [], "excluded_lines": []}, "TestAlertBuilderEdgeCases.test_division_by_zero_baseline": {"executed_lines": [318, 320, 330, 331], "summary": {"covered_lines": 4, "num_statements": 4, "percent_covered": 100.0, "percent_covered_display": "100", "missing_lines": 0, "excluded_lines": 0}, "missing_lines": [], "excluded_lines": []}, "TestAlertBuilderEdgeCases.test_negative_values": {"executed_lines": [335, 337, 348, 349], "summary": {"covered_lines": 4, "num_statements": 4, "percent_covered": 100.0, "percent_covered_display": "100", "missing_lines": 0, "excluded_lines": 0}, "missing_lines": [], "excluded_lines": []}, "": {"executed_lines": [1, 6, 7, 8, 9, 12, 13, 15, 18, 19, 21, 22, 26, 27, 38, 45, 73, 81, 102, 138, 153, 167, 175, 181, 187, 198, 215, 236, 260, 267, 283, 297, 298, 300, 313, 314, 316, 333, 352], "summary": {"covered_lines": 35, "num_statements": 36, "percent_covered": 97.22222222222223, "percent_covered_display": "97", "missing_lines": 1, "excluded_lines": 0}, "missing_lines": [354], "excluded_lines": []}}, "classes": {"TestAlertBuilder": {"executed_lines": [24, 29, 40, 41, 42, 43, 47, 50, 51, 52, 53, 54, 57, 58, 59, 60, 63, 64, 65, 66, 67, 68, 69, 70, 71, 75, 78, 79, 83, 93, 94, 97, 100, 104, 112, 117, 124, 131, 136, 140, 142, 143, 146, 147, 150, 151, 155, 163, 164, 165, 170, 173, 177, 178, 179, 183, 184, 185, 190, 193, 196, 200, 206, 212, 213, 217, 224, 225, 234, 239, 247, 250, 258, 262, 263, 265, 269, 279, 280, 281, 285, 288, 289, 290, 292, 293, 294], "summary": {"covered_lines": 87, "num_statements": 87, "percent_covered": 100.0, "percent_covered_display": "100", "missing_lines": 0, "excluded_lines": 0}, "missing_lines": [], "excluded_lines": []}, "TestAlertBuilderMetrics": {"executed_lines": [302, 308, 309, 310], "summary": {"covered_lines": 4, "num_statements": 4, "percent_covered": 100.0, "percent_covered_display": "100", "missing_lines": 0, "excluded_lines": 0}, "missing_lines": [], "excluded_lines": []}, "TestAlertBuilderEdgeCases": {"executed_lines": [318, 320, 330, 331, 335, 337, 348, 349], "summary": {"covered_lines": 8, "num_statements": 8, "percent_covered": 100.0, "percent_covered_display": "100", "missing_lines": 0, "excluded_lines": 0}, "missing_lines": [], "excluded_lines": []}, "": {"executed_lines": [1, 6, 7, 8, 9, 12, 13, 15, 18, 19, 21, 22, 26, 27, 38, 45, 73, 81, 102, 138, 153, 167, 175, 181, 187, 198, 215, 236, 260, 267, 283, 297, 298, 300, 313, 314, 316, 333, 352], "summary": {"covered_lines": 35, "num_statements": 36, "percent_covered": 97.22222222222223, "percent_covered_display": "97", "missing_lines": 1, "excluded_lines": 0}, "missing_lines": [354], "excluded_lines": []}}}, "tests\\test_anomaly_baseline.py": {"executed_lines": [], "summary": {"covered_lines": 0, "num_statements": 120, "percent_covered": 0.0, "percent_covered_display": "0", "missing_lines": 120, "excluded_lines": 0}, "missing_lines": [15, 16, 17, 18, 20, 22, 24, 25, 26, 29, 31, 32, 34, 35, 36, 38, 39, 40, 41, 42, 45, 46, 48, 49, 50, 51, 54, 56, 57, 59, 60, 61, 63, 64, 65, 68, 71, 72, 73, 75, 78, 83, 85, 86, 87, 89, 90, 91, 92, 93, 94, 95, 98, 99, 101, 102, 103, 104, 107, 109, 110, 113, 116, 117, 122, 124, 125, 127, 130, 133, 139, 140, 143, 144, 145, 146, 147, 148, 150, 152, 155, 157, 158, 160, 163, 164, 165, 167, 170, 171, 174, 176, 177, 179, 180, 182, 185, 186, 187, 188, 189, 191, 202, 203, 205, 206, 207, 208, 209, 210, 211, 212, 213, 214, 215, 216, 218, 219, 220, 222], "excluded_lines": [], "functions": {"test_service_health": {"executed_lines": [], "summary": {"covered_lines": 0, "num_statements": 3, "percent_covered": 0.0, "percent_covered_display": "0", "missing_lines": 3, "excluded_lines": 0}, "missing_lines": [24, 25, 26], "excluded_lines": []}, "test_baseline_config_exposed": {"executed_lines": [], "summary": {"covered_lines": 0, "num_statements": 16, "percent_covered": 0.0, "percent_covered_display": "0", "missing_lines": 16, "excluded_lines": 0}, "missing_lines": [31, 32, 34, 35, 36, 38, 39, 40, 41, 42, 45, 46, 48, 49, 50, 51], "excluded_lines": []}, "test_baselines_exist": {"executed_lines": [], "summary": {"covered_lines": 0, "num_statements": 8, "percent_covered": 0.0, "percent_covered_display": "0", "missing_lines": 8, "excluded_lines": 0}, "missing_lines": [56, 57, 59, 60, 61, 63, 64, 65], "excluded_lines": []}, "test_baseline_has_statistical_data": {"executed_lines": [], "summary": {"covered_lines": 0, "num_statements": 22, "percent_covered": 0.0, "percent_covered_display": "0", "missing_lines": 22, "excluded_lines": 0}, "missing_lines": [71, 72, 73, 75, 78, 83, 85, 86, 87, 89, 90, 91, 92, 93, 94, 95, 98, 99, 101, 102, 103, 104], "excluded_lines": []}, "test_baseline_temporal_context": {"executed_lines": [], "summary": {"covered_lines": 0, "num_statements": 9, "percent_covered": 0.0, "percent_covered_display": "0", "missing_lines": 9, "excluded_lines": 0}, "missing_lines": [109, 110, 113, 116, 117, 122, 124, 125, 127], "excluded_lines": []}, "test_detection_includes_baseline_explanation": {"executed_lines": [], "summary": {"covered_lines": 0, "num_statements": 11, "percent_covered": 0.0, "percent_covered_display": "0", "missing_lines": 11, "excluded_lines": 0}, "missing_lines": [133, 139, 140, 143, 144, 145, 146, 147, 148, 150, 152], "excluded_lines": []}, "test_metrics_are_exported": {"executed_lines": [], "summary": {"covered_lines": 0, "num_statements": 9, "percent_covered": 0.0, "percent_covered_display": "0", "missing_lines": 9, "excluded_lines": 0}, "missing_lines": [157, 158, 160, 163, 164, 165, 167, 170, 171], "excluded_lines": []}, "test_database_persistence": {"executed_lines": [], "summary": {"covered_lines": 0, "num_statements": 5, "percent_covered": 0.0, "percent_covered_display": "0", "missing_lines": 5, "excluded_lines": 0}, "missing_lines": [176, 177, 179, 180, 182], "excluded_lines": []}, "": {"executed_lines": [], "summary": {"covered_lines": 0, "num_statements": 37, "percent_covered": 0.0, "percent_covered_display": "0", "missing_lines": 37, "excluded_lines": 0}, "missing_lines": [15, 16, 17, 18, 20, 22, 29, 54, 68, 107, 130, 155, 174, 185, 186, 187, 188, 189, 191, 202, 203, 205, 206, 207, 208, 209, 210, 211, 212, 213, 214, 215, 216, 218, 219, 220, 222], "excluded_lines": []}}, "classes": {"": {"executed_lines": [], "summary": {"covered_lines": 0, "num_statements": 120, "percent_covered": 0.0, "percent_covered_display": "0", "missing_lines": 120, "excluded_lines": 0}, "missing_lines": [15, 16, 17, 18, 20, 22, 24, 25, 26, 29, 31, 32, 34, 35, 36, 38, 39, 40, 41, 42, 45, 46, 48, 49, 50, 51, 54, 56, 57, 59, 60, 61, 63, 64, 65, 68, 71, 72, 73, 75, 78, 83, 85, 86, 87, 89, 90, 91, 92, 93, 94, 95, 98, 99, 101, 102, 103, 104, 107, 109, 110, 113, 116, 117, 122, 124, 125, 127, 130, 133, 139, 140, 143, 144, 145, 146, 147, 148, 150, 152, 155, 157, 158, 160, 163, 164, 165, 167, 170, 171, 174, 176, 177, 179, 180, 182, 185, 186, 187, 188, 189, 191, 202, 203, 205, 206, 207, 208, 209, 210, 211, 212, 213, 214, 215, 216, 218, 219, 220, 222], "excluded_lines": []}}}, "tests\\test_models.py": {"executed_lines": [], "summary": {"covered_lines": 0, "num_statements": 88, "percent_covered": 0.0, "percent_covered_display": "0", "missing_lines": 88, "excluded_lines": 0}, "missing_lines": [4, 5, 6, 8, 14, 17, 18, 20, 22, 24, 25, 28, 29, 31, 39, 42, 44, 45, 47, 48, 49, 51, 53, 54, 56, 57, 59, 60, 61, 63, 65, 66, 68, 69, 71, 73, 74, 76, 79, 82, 84, 85, 87, 88, 90, 92, 93, 95, 96, 98, 100, 101, 104, 107, 109, 110, 112, 113, 115, 116, 117, 119, 121, 124, 127, 129, 131, 132, 133, 134, 136, 138, 140, 142, 143, 145, 147, 148, 150, 152, 153, 155, 158, 161, 162, 166, 170, 171], "excluded_lines": [], "functions": {"sample_data": {"executed_lines": [], "summary": {"covered_lines": 0, "num_statements": 4, "percent_covered": 0.0, "percent_covered_display": "0", "missing_lines": 4, "excluded_lines": 0}, "missing_lines": [20, 22, 24, 25], "excluded_lines": []}, "model_config": {"executed_lines": [], "summary": {"covered_lines": 0, "num_statements": 1, "percent_covered": 0.0, "percent_covered_display": "0", "missing_lines": 1, "excluded_lines": 0}, "missing_lines": [31], "excluded_lines": []}, "TestIsolationForestModel.test_initialization": {"executed_lines": [], "summary": {"covered_lines": 0, "num_statements": 5, "percent_covered": 0.0, "percent_covered_display": "0", "missing_lines": 5, "excluded_lines": 0}, "missing_lines": [44, 45, 47, 48, 49], "excluded_lines": []}, "TestIsolationForestModel.test_training": {"executed_lines": [], "summary": {"covered_lines": 0, "num_statements": 7, "percent_covered": 0.0, "percent_covered_display": "0", "missing_lines": 7, "excluded_lines": 0}, "missing_lines": [53, 54, 56, 57, 59, 60, 61], "excluded_lines": []}, "TestIsolationForestModel.test_prediction": {"executed_lines": [], "summary": {"covered_lines": 0, "num_statements": 8, "percent_covered": 0.0, "percent_covered_display": "0", "missing_lines": 8, "excluded_lines": 0}, "missing_lines": [65, 66, 68, 69, 71, 73, 74, 76], "excluded_lines": []}, "TestLOFModel.test_initialization": {"executed_lines": [], "summary": {"covered_lines": 0, "num_statements": 4, "percent_covered": 0.0, "percent_covered_display": "0", "missing_lines": 4, "excluded_lines": 0}, "missing_lines": [84, 85, 87, 88], "excluded_lines": []}, "TestLOFModel.test_training_and_prediction": {"executed_lines": [], "summary": {"covered_lines": 0, "num_statements": 7, "percent_covered": 0.0, "percent_covered_display": "0", "missing_lines": 7, "excluded_lines": 0}, "missing_lines": [92, 93, 95, 96, 98, 100, 101], "excluded_lines": []}, "TestStatisticalModel.test_zscore_detection": {"executed_lines": [], "summary": {"covered_lines": 0, "num_statements": 9, "percent_covered": 0.0, "percent_covered_display": "0", "missing_lines": 9, "excluded_lines": 0}, "missing_lines": [109, 110, 112, 113, 115, 116, 117, 119, 121], "excluded_lines": []}, "TestModelEnsemble.test_initialization": {"executed_lines": [], "summary": {"covered_lines": 0, "num_statements": 5, "percent_covered": 0.0, "percent_covered_display": "0", "missing_lines": 5, "excluded_lines": 0}, "missing_lines": [129, 131, 132, 133, 134], "excluded_lines": []}, "TestModelEnsemble.test_train_all": {"executed_lines": [], "summary": {"covered_lines": 0, "num_statements": 4, "percent_covered": 0.0, "percent_covered_display": "0", "missing_lines": 4, "excluded_lines": 0}, "missing_lines": [138, 140, 142, 143], "excluded_lines": []}, "TestModelEnsemble.test_detect_anomalies": {"executed_lines": [], "summary": {"covered_lines": 0, "num_statements": 6, "percent_covered": 0.0, "percent_covered_display": "0", "missing_lines": 6, "excluded_lines": 0}, "missing_lines": [147, 148, 150, 152, 153, 155], "excluded_lines": []}, "TestAnomalyDetector.test_initialization": {"executed_lines": [], "summary": {"covered_lines": 0, "num_statements": 1, "percent_covered": 0.0, "percent_covered_display": "0", "missing_lines": 1, "excluded_lines": 0}, "missing_lines": [166], "excluded_lines": []}, "": {"executed_lines": [], "summary": {"covered_lines": 0, "num_statements": 27, "percent_covered": 0.0, "percent_covered_display": "0", "missing_lines": 27, "excluded_lines": 0}, "missing_lines": [4, 5, 6, 8, 14, 17, 18, 28, 29, 39, 42, 51, 63, 79, 82, 90, 104, 107, 124, 127, 136, 145, 158, 161, 162, 170, 171], "excluded_lines": []}}, "classes": {"TestIsolationForestModel": {"executed_lines": [], "summary": {"covered_lines": 0, "num_statements": 20, "percent_covered": 0.0, "percent_covered_display": "0", "missing_lines": 20, "excluded_lines": 0}, "missing_lines": [44, 45, 47, 48, 49, 53, 54, 56, 57, 59, 60, 61, 65, 66, 68, 69, 71, 73, 74, 76], "excluded_lines": []}, "TestLOFModel": {"executed_lines": [], "summary": {"covered_lines": 0, "num_statements": 11, "percent_covered": 0.0, "percent_covered_display": "0", "missing_lines": 11, "excluded_lines": 0}, "missing_lines": [84, 85, 87, 88, 92, 93, 95, 96, 98, 100, 101], "excluded_lines": []}, "TestStatisticalModel": {"executed_lines": [], "summary": {"covered_lines": 0, "num_statements": 9, "percent_covered": 0.0, "percent_covered_display": "0", "missing_lines": 9, "excluded_lines": 0}, "missing_lines": [109, 110, 112, 113, 115, 116, 117, 119, 121], "excluded_lines": []}, "TestModelEnsemble": {"executed_lines": [], "summary": {"covered_lines": 0, "num_statements": 15, "percent_covered": 0.0, "percent_covered_display": "0", "missing_lines": 15, "excluded_lines": 0}, "missing_lines": [129, 131, 132, 133, 134, 138, 140, 142, 143, 147, 148, 150, 152, 153, 155], "excluded_lines": []}, "TestAnomalyDetector": {"executed_lines": [], "summary": {"covered_lines": 0, "num_statements": 1, "percent_covered": 0.0, "percent_covered_display": "0", "missing_lines": 1, "excluded_lines": 0}, "missing_lines": [166], "excluded_lines": []}, "": {"executed_lines": [], "summary": {"covered_lines": 0, "num_statements": 32, "percent_covered": 0.0, "percent_covered_display": "0", "missing_lines": 32, "excluded_lines": 0}, "missing_lines": [4, 5, 6, 8, 14, 17, 18, 20, 22, 24, 25, 28, 29, 31, 39, 42, 51, 63, 79, 82, 90, 104, 107, 124, 127, 136, 145, 158, 161, 162, 170, 171], "excluded_lines": []}}}, "tracing.py": {"executed_lines": [], "summary": {"covered_lines": 0, "num_statements": 19, "percent_covered": 0.0, "percent_covered_display": "0", "missing_lines": 19, "excluded_lines": 0}, "missing_lines": [5, 6, 7, 8, 9, 10, 11, 12, 13, 15, 21, 28, 31, 37, 40, 43, 46, 48, 51], "excluded_lines": [], "functions": {"setup_tracing": {"executed_lines": [], "summary": {"covered_lines": 0, "num_statements": 9, "percent_covered": 0.0, "percent_covered_display": "0", "missing_lines": 9, "excluded_lines": 0}, "missing_lines": [21, 28, 31, 37, 40, 43, 46, 48, 51], "excluded_lines": []}, "": {"executed_lines": [], "summary": {"covered_lines": 0, "num_statements": 10, "percent_covered": 0.0, "percent_covered_display": "0", "missing_lines": 10, "excluded_lines": 0}, "missing_lines": [5, 6, 7, 8, 9, 10, 11, 12, 13, 15], "excluded_lines": []}}, "classes": {"": {"executed_lines": [], "summary": {"covered_lines": 0, "num_statements": 19, "percent_covered": 0.0, "percent_covered_display": "0", "missing_lines": 19, "excluded_lines": 0}, "missing_lines": [5, 6, 7, 8, 9, 10, 11, 12, 13, 15, 21, 28, 31, 37, 40, 43, 46, 48, 51], "excluded_lines": []}}}}, "totals": {"covered_lines": 244, "num_statements": 2206, "percent_covered": 11.060743427017226, "percent_covered_display": "11", "missing_lines": 1962, "excluded_lines": 0}}