<?xml version="1.0" encoding="utf-8"?><testsuites name="pytest tests"><testsuite name="pytest" errors="0" failures="0" skipped="0" tests="20" time="3.807" timestamp="2025-11-19T18:55:32.854245+01:00" hostname="LAPTOP-TAPV340J"><testcase classname="rhinometric-ai-anomaly.tests.test_alert_builder.TestAlertBuilder" name="test_alert_builder_initialization" time="0.049" /><testcase classname="rhinometric-ai-anomaly.tests.test_alert_builder.TestAlertBuilder" name="test_build_alert_structure" time="0.063" /><testcase classname="rhinometric-ai-anomaly.tests.test_alert_builder.TestAlertBuilder" name="test_deviation_calculation" time="0.047" /><testcase classname="rhinometric-ai-anomaly.tests.test_alert_builder.TestAlertBuilder" name="test_fingerprint_generation" time="0.060" /><testcase classname="rhinometric-ai-anomaly.tests.test_alert_builder.TestAlertBuilder" name="test_fingerprint_uniqueness" time="0.055" /><testcase classname="rhinometric-ai-anomaly.tests.test_alert_builder.TestAlertBuilder" name="test_url_generation" time="0.043" /><testcase classname="rhinometric-ai-anomaly.tests.test_alert_builder.TestAlertBuilder" name="test_confidence_calculation" time="0.049" /><testcase classname="rhinometric-ai-anomaly.tests.test_alert_builder.TestAlertBuilder" name="test_value_formatting_time" time="0.043" /><testcase classname="rhinometric-ai-anomaly.tests.test_alert_builder.TestAlertBuilder" name="test_value_formatting_percentage" time="0.052" /><testcase classname="rhinometric-ai-anomaly.tests.test_alert_builder.TestAlertBuilder" name="test_value_formatting_rate" time="0.047" /><testcase classname="rhinometric-ai-anomaly.tests.test_alert_builder.TestAlertBuilder" name="test_value_formatting_bytes" time="0.047" /><testcase classname="rhinometric-ai-anomaly.tests.test_alert_builder.TestAlertBuilder" name="test_additional_labels" time="0.050" /><testcase classname="rhinometric-ai-anomaly.tests.test_alert_builder.TestAlertBuilder" name="test_summary_emoji" time="0.082" /><testcase classname="rhinometric-ai-anomaly.tests.test_alert_builder.TestAlertBuilder" name="test_description_direction" time="0.082" /><testcase classname="rhinometric-ai-anomaly.tests.test_alert_builder.TestAlertBuilder" name="test_singleton_pattern" time="0.079" /><testcase classname="rhinometric-ai-anomaly.tests.test_alert_builder.TestAlertBuilder" name="test_unmapped_metric_uses_default" time="0.082" /><testcase classname="rhinometric-ai-anomaly.tests.test_alert_builder.TestAlertBuilder" name="test_timestamp_formatting" time="0.066" /><testcase classname="rhinometric-ai-anomaly.tests.test_alert_builder.TestAlertBuilderMetrics" name="test_metrics_are_exposed" time="0.002" /><testcase classname="rhinometric-ai-anomaly.tests.test_alert_builder.TestAlertBuilderEdgeCases" name="test_division_by_zero_baseline" time="0.070" /><testcase classname="rhinometric-ai-anomaly.tests.test_alert_builder.TestAlertBuilderEdgeCases" name="test_negative_values" time="0.066" /></testsuite></testsuites>